#
# There is insufficient memory for the Java Runtime Environment to continue.
# Native memory allocation (malloc) failed to allocate 32744 bytes for Chunk::new
# Possible reasons:
#   The system is out of physical RAM or swap space
#   The process is running with CompressedOops enabled, and the Java Heap may be blocking the growth of the native heap
# Possible solutions:
#   Reduce memory load on the system
#   Increase physical memory or swap space
#   Check if swap backing store is full
#   Decrease Java heap size (-Xmx/-Xms)
#   Decrease number of Java threads
#   Decrease Java thread stack sizes (-Xss)
#   Set larger code cache with -XX:ReservedCodeCacheSize=
#   JVM is running with Unscaled Compressed Oops mode in which the Java heap is
#     placed in the first 4GB address space. The Java Heap base address is the
#     maximum limit for the native heap growth. Please use -XX:HeapBaseMinAddress
#     to set the Java Heap base and to place the Java Heap above 4GB virtual address.
# This output file may be truncated or incomplete.
#
#  Out of Memory Error (arena.cpp:184), pid=31448, tid=20364
#
# JRE version: Java(TM) SE Runtime Environment (18.0.2+9) (build 18.0.2+9-61)
# Java VM: Java HotSpot(TM) 64-Bit Server VM (18.0.2+9-61, mixed mode, sharing, tiered, compressed oops, compressed class ptrs, g1 gc, windows-amd64)
# No core dump will be written. Minidumps are not enabled by default on client versions of Windows
#

---------------  S U M M A R Y ------------

Command Line: -Dfile.encoding=UTF-8 --module-path=C:\Users\chida\OneDrive\Pictures\Documents\NetBeansProjects\University Management System\build\classes university.management.system.StudentLeave

Host: 11th Gen Intel(R) Core(TM) i5-1135G7 @ 2.40GHz, 8 cores, 7G,  Windows 11 , 64 bit Build 22621 (10.0.22621.1028)
Time: Tue Jan 10 19:33:34 2023 India Standard Time elapsed time: 1355.448416 seconds (0d 0h 22m 35s)

---------------  T H R E A D  ---------------

Current thread (0x000002bc7f5fc290):  JavaThread "C1 CompilerThread0" daemon [_thread_in_native, id=20364, stack(0x000000fcbb200000,0x000000fcbb300000)]


Current CompileTask:
C1:1355448  717   !   3       sun.awt.PostEventQueue::flush (168 bytes)

Stack: [0x000000fcbb200000,0x000000fcbb300000]
Native frames: (J=compiled Java code, j=interpreted, Vv=VM code, C=native code)
V  [jvm.dll+0x6993ca]
V  [jvm.dll+0x7f481d]
V  [jvm.dll+0x7f612e]
V  [jvm.dll+0x7f67e3]
V  [jvm.dll+0x25cdaf]
V  [jvm.dll+0xb8c2f]
V  [jvm.dll+0xb8fa5]
V  [jvm.dll+0x18b533]
V  [jvm.dll+0x18b5fe]
V  [jvm.dll+0x18dde5]
V  [jvm.dll+0x18f901]
V  [jvm.dll+0x148ff3]
V  [jvm.dll+0x1488cf]
V  [jvm.dll+0x148b26]
V  [jvm.dll+0x147f9a]
V  [jvm.dll+0x149c81]
V  [jvm.dll+0x23ec9a]
V  [jvm.dll+0x23cf85]
V  [jvm.dll+0x7a6e21]
V  [jvm.dll+0x7a125a]
V  [jvm.dll+0x698275]
C  [ucrtbase.dll+0x29363]
C  [KERNEL32.DLL+0x1247d]
C  [ntdll.dll+0x5dfb8]


---------------  P R O C E S S  ---------------

Threads class SMR info:
_java_thread_list=0x000002bc0afa2c10, length=16, elements={
0x000002bc7f5da010, 0x000002bc7f5da9b0, 0x000002bc7f5f4700, 0x000002bc7f5f50a0,
0x000002bc7f5f5a40, 0x000002bc7f5f63e0, 0x000002bc7f5f7850, 0x000002bc7f5fc290,
0x000002bc7f5fcc70, 0x000002bc7f586210, 0x000002bc0a137d30, 0x000002bc0a342f10,
0x000002bc0a3529d0, 0x000002bc0a34cd70, 0x000002bc0a3d82e0, 0x000002bc6739cd90
}

Java Threads: ( => current thread )
  0x000002bc7f5da010 JavaThread "Reference Handler" daemon [_thread_blocked, id=33724, stack(0x000000fcbab00000,0x000000fcbac00000)]
  0x000002bc7f5da9b0 JavaThread "Finalizer" daemon [_thread_blocked, id=17228, stack(0x000000fcbac00000,0x000000fcbad00000)]
  0x000002bc7f5f4700 JavaThread "Signal Dispatcher" daemon [_thread_blocked, id=24476, stack(0x000000fcbad00000,0x000000fcbae00000)]
  0x000002bc7f5f50a0 JavaThread "Attach Listener" daemon [_thread_blocked, id=15824, stack(0x000000fcbae00000,0x000000fcbaf00000)]
  0x000002bc7f5f5a40 JavaThread "Service Thread" daemon [_thread_blocked, id=22560, stack(0x000000fcbaf00000,0x000000fcbb000000)]
  0x000002bc7f5f63e0 JavaThread "Monitor Deflation Thread" daemon [_thread_blocked, id=20964, stack(0x000000fcbb000000,0x000000fcbb100000)]
  0x000002bc7f5f7850 JavaThread "C2 CompilerThread0" daemon [_thread_blocked, id=35520, stack(0x000000fcbb100000,0x000000fcbb200000)]
=>0x000002bc7f5fc290 JavaThread "C1 CompilerThread0" daemon [_thread_in_native, id=20364, stack(0x000000fcbb200000,0x000000fcbb300000)]
  0x000002bc7f5fcc70 JavaThread "Sweeper thread" daemon [_thread_blocked, id=32784, stack(0x000000fcbb300000,0x000000fcbb400000)]
  0x000002bc7f586210 JavaThread "Common-Cleaner" daemon [_thread_blocked, id=2556, stack(0x000000fcbb400000,0x000000fcbb500000)]
  0x000002bc0a137d30 JavaThread "Notification Thread" daemon [_thread_blocked, id=18292, stack(0x000000fcbb500000,0x000000fcbb600000)]
  0x000002bc0a342f10 JavaThread "Java2D Disposer" daemon [_thread_blocked, id=12396, stack(0x000000fcbb800000,0x000000fcbb900000)]
  0x000002bc0a3529d0 JavaThread "AWT-Shutdown" [_thread_blocked, id=1420, stack(0x000000fcbb900000,0x000000fcbba00000)]
  0x000002bc0a34cd70 JavaThread "AWT-Windows" daemon [_thread_in_native, id=34700, stack(0x000000fcbba00000,0x000000fcbbb00000)]
  0x000002bc0a3d82e0 JavaThread "AWT-EventQueue-0" [_thread_blocked, id=8092, stack(0x000000fcbbb00000,0x000000fcbbc00000)]
  0x000002bc6739cd90 JavaThread "DestroyJavaVM" [_thread_blocked, id=6676, stack(0x000000fcba400000,0x000000fcba500000)]

Other Threads:
  0x000002bc7f5d7010 VMThread "VM Thread" [stack: 0x000000fcbaa00000,0x000000fcbab00000] [id=33424]
  0x000002bc0a0be6a0 WatcherThread "VM Periodic Task Thread" [stack: 0x000000fcbb600000,0x000000fcbb700000] [id=22172]
  0x000002bc673fe610 WorkerThread "GC Thread#0" [stack: 0x000000fcba500000,0x000000fcba600000] [id=22500]
  0x000002bc6740edc0 ConcurrentGCThread "G1 Main Marker" [stack: 0x000000fcba600000,0x000000fcba700000] [id=25272]
  0x000002bc6740f910 WorkerThread "G1 Conc#0" [stack: 0x000000fcba700000,0x000000fcba800000] [id=16424]
  0x000002bc6745e220 ConcurrentGCThread "G1 Refine#0" [stack: 0x000000fcba800000,0x000000fcba900000] [id=17660]
  0x000002bc6745e9d0 ConcurrentGCThread "G1 Service" [stack: 0x000000fcba900000,0x000000fcbaa00000] [id=33112]

Threads with active compile tasks:
C1 CompilerThread0  1355504  717   !   3       sun.awt.PostEventQueue::flush (168 bytes)

VM state: not at safepoint (normal execution)

VM Mutex/Monitor currently owned by a thread: None

Heap address: 0x0000000083c00000, size: 1988 MB, Compressed Oops mode: 32-bit

CDS archive(s) mapped at: [0x0000000800000000-0x0000000800ba0000-0x0000000800ba0000), size 12189696, SharedBaseAddress: 0x0000000800000000, ArchiveRelocationMode: 0.
Compressed class space mapped at: 0x0000000800c00000-0x0000000840c00000, reserved size: 1073741824
Narrow klass base: 0x0000000800000000, Narrow klass shift: 0, Narrow klass range: 0x100000000

GC Precious Log:
 CardTable entry size: 512
 Card Set container configuration: InlinePtr #cards 5 size 8 Array Of Cards #cards 12 size 40 Howl #buckets 4 coarsen threshold 1843 Howl Bitmap #cards 512 size 80 coarsen threshold 460 Card regions per heap region 1 cards per card region 2048
 CPUs: 8 total, 8 available
 Memory: 7948M
 Large Page Support: Disabled
 NUMA Support: Disabled
 Compressed Oops: Enabled (32-bit)
 Heap Region Size: 1M
 Heap Min Capacity: 8M
 Heap Initial Capacity: 126M
 Heap Max Capacity: 1988M
 Pre-touch: Disabled
 Parallel Workers: 8
 Concurrent Workers: 2
 Concurrent Refinement Workers: 8
 Periodic GC: Disabled

Heap:
 garbage-first heap   total 129024K, used 8192K [0x0000000083c00000, 0x0000000100000000)
  region size 1024K, 7 young (7168K), 0 survivors (0K)
 Metaspace       used 6174K, committed 6336K, reserved 1114112K
  class space    used 652K, committed 768K, reserved 1048576K

Heap Regions: E=young(eden), S=young(survivor), O=old, HS=humongous(starts), HC=humongous(continues), CS=collection set, F=free, OA=open archive, CA=closed archive, TAMS=top-at-mark-start (previous, next)
|   0|0x0000000083c00000, 0x0000000083d00000, 0x0000000083d00000|100%|HS|  |TAMS 0x0000000083c00000, 0x0000000083c00000| Complete 
|   1|0x0000000083d00000, 0x0000000083e00000, 0x0000000083e00000|100%|HC|  |TAMS 0x0000000083d00000, 0x0000000083d00000| Complete 
|   2|0x0000000083e00000, 0x0000000083e00000, 0x0000000083f00000|  0%| F|  |TAMS 0x0000000083e00000, 0x0000000083e00000| Untracked 
|   3|0x0000000083f00000, 0x0000000083f00000, 0x0000000084000000|  0%| F|  |TAMS 0x0000000083f00000, 0x0000000083f00000| Untracked 
|   4|0x0000000084000000, 0x0000000084000000, 0x0000000084100000|  0%| F|  |TAMS 0x0000000084000000, 0x0000000084000000| Untracked 
|   5|0x0000000084100000, 0x0000000084100000, 0x0000000084200000|  0%| F|  |TAMS 0x0000000084100000, 0x0000000084100000| Untracked 
|   6|0x0000000084200000, 0x0000000084200000, 0x0000000084300000|  0%| F|  |TAMS 0x0000000084200000, 0x0000000084200000| Untracked 
|   7|0x0000000084300000, 0x0000000084300000, 0x0000000084400000|  0%| F|  |TAMS 0x0000000084300000, 0x0000000084300000| Untracked 
|   8|0x0000000084400000, 0x0000000084400000, 0x0000000084500000|  0%| F|  |TAMS 0x0000000084400000, 0x0000000084400000| Untracked 
|   9|0x0000000084500000, 0x0000000084500000, 0x0000000084600000|  0%| F|  |TAMS 0x0000000084500000, 0x0000000084500000| Untracked 
|  10|0x0000000084600000, 0x0000000084600000, 0x0000000084700000|  0%| F|  |TAMS 0x0000000084600000, 0x0000000084600000| Untracked 
|  11|0x0000000084700000, 0x0000000084700000, 0x0000000084800000|  0%| F|  |TAMS 0x0000000084700000, 0x0000000084700000| Untracked 
|  12|0x0000000084800000, 0x0000000084800000, 0x0000000084900000|  0%| F|  |TAMS 0x0000000084800000, 0x0000000084800000| Untracked 
|  13|0x0000000084900000, 0x0000000084900000, 0x0000000084a00000|  0%| F|  |TAMS 0x0000000084900000, 0x0000000084900000| Untracked 
|  14|0x0000000084a00000, 0x0000000084a00000, 0x0000000084b00000|  0%| F|  |TAMS 0x0000000084a00000, 0x0000000084a00000| Untracked 
|  15|0x0000000084b00000, 0x0000000084b00000, 0x0000000084c00000|  0%| F|  |TAMS 0x0000000084b00000, 0x0000000084b00000| Untracked 
|  16|0x0000000084c00000, 0x0000000084c00000, 0x0000000084d00000|  0%| F|  |TAMS 0x0000000084c00000, 0x0000000084c00000| Untracked 
|  17|0x0000000084d00000, 0x0000000084d00000, 0x0000000084e00000|  0%| F|  |TAMS 0x0000000084d00000, 0x0000000084d00000| Untracked 
|  18|0x0000000084e00000, 0x0000000084e00000, 0x0000000084f00000|  0%| F|  |TAMS 0x0000000084e00000, 0x0000000084e00000| Untracked 
|  19|0x0000000084f00000, 0x0000000084f00000, 0x0000000085000000|  0%| F|  |TAMS 0x0000000084f00000, 0x0000000084f00000| Untracked 
|  20|0x0000000085000000, 0x0000000085000000, 0x0000000085100000|  0%| F|  |TAMS 0x0000000085000000, 0x0000000085000000| Untracked 
|  21|0x0000000085100000, 0x0000000085100000, 0x0000000085200000|  0%| F|  |TAMS 0x0000000085100000, 0x0000000085100000| Untracked 
|  22|0x0000000085200000, 0x0000000085200000, 0x0000000085300000|  0%| F|  |TAMS 0x0000000085200000, 0x0000000085200000| Untracked 
|  23|0x0000000085300000, 0x0000000085300000, 0x0000000085400000|  0%| F|  |TAMS 0x0000000085300000, 0x0000000085300000| Untracked 
|  24|0x0000000085400000, 0x0000000085400000, 0x0000000085500000|  0%| F|  |TAMS 0x0000000085400000, 0x0000000085400000| Untracked 
|  25|0x0000000085500000, 0x0000000085500000, 0x0000000085600000|  0%| F|  |TAMS 0x0000000085500000, 0x0000000085500000| Untracked 
|  26|0x0000000085600000, 0x0000000085600000, 0x0000000085700000|  0%| F|  |TAMS 0x0000000085600000, 0x0000000085600000| Untracked 
|  27|0x0000000085700000, 0x0000000085700000, 0x0000000085800000|  0%| F|  |TAMS 0x0000000085700000, 0x0000000085700000| Untracked 
|  28|0x0000000085800000, 0x0000000085800000, 0x0000000085900000|  0%| F|  |TAMS 0x0000000085800000, 0x0000000085800000| Untracked 
|  29|0x0000000085900000, 0x0000000085900000, 0x0000000085a00000|  0%| F|  |TAMS 0x0000000085900000, 0x0000000085900000| Untracked 
|  30|0x0000000085a00000, 0x0000000085a00000, 0x0000000085b00000|  0%| F|  |TAMS 0x0000000085a00000, 0x0000000085a00000| Untracked 
|  31|0x0000000085b00000, 0x0000000085b00000, 0x0000000085c00000|  0%| F|  |TAMS 0x0000000085b00000, 0x0000000085b00000| Untracked 
|  32|0x0000000085c00000, 0x0000000085c00000, 0x0000000085d00000|  0%| F|  |TAMS 0x0000000085c00000, 0x0000000085c00000| Untracked 
|  33|0x0000000085d00000, 0x0000000085d00000, 0x0000000085e00000|  0%| F|  |TAMS 0x0000000085d00000, 0x0000000085d00000| Untracked 
|  34|0x0000000085e00000, 0x0000000085e00000, 0x0000000085f00000|  0%| F|  |TAMS 0x0000000085e00000, 0x0000000085e00000| Untracked 
|  35|0x0000000085f00000, 0x0000000085f00000, 0x0000000086000000|  0%| F|  |TAMS 0x0000000085f00000, 0x0000000085f00000| Untracked 
|  36|0x0000000086000000, 0x0000000086000000, 0x0000000086100000|  0%| F|  |TAMS 0x0000000086000000, 0x0000000086000000| Untracked 
|  37|0x0000000086100000, 0x0000000086100000, 0x0000000086200000|  0%| F|  |TAMS 0x0000000086100000, 0x0000000086100000| Untracked 
|  38|0x0000000086200000, 0x0000000086200000, 0x0000000086300000|  0%| F|  |TAMS 0x0000000086200000, 0x0000000086200000| Untracked 
|  39|0x0000000086300000, 0x0000000086300000, 0x0000000086400000|  0%| F|  |TAMS 0x0000000086300000, 0x0000000086300000| Untracked 
|  40|0x0000000086400000, 0x0000000086400000, 0x0000000086500000|  0%| F|  |TAMS 0x0000000086400000, 0x0000000086400000| Untracked 
|  41|0x0000000086500000, 0x0000000086500000, 0x0000000086600000|  0%| F|  |TAMS 0x0000000086500000, 0x0000000086500000| Untracked 
|  42|0x0000000086600000, 0x0000000086600000, 0x0000000086700000|  0%| F|  |TAMS 0x0000000086600000, 0x0000000086600000| Untracked 
|  43|0x0000000086700000, 0x0000000086700000, 0x0000000086800000|  0%| F|  |TAMS 0x0000000086700000, 0x0000000086700000| Untracked 
|  44|0x0000000086800000, 0x0000000086800000, 0x0000000086900000|  0%| F|  |TAMS 0x0000000086800000, 0x0000000086800000| Untracked 
|  45|0x0000000086900000, 0x0000000086900000, 0x0000000086a00000|  0%| F|  |TAMS 0x0000000086900000, 0x0000000086900000| Untracked 
|  46|0x0000000086a00000, 0x0000000086a00000, 0x0000000086b00000|  0%| F|  |TAMS 0x0000000086a00000, 0x0000000086a00000| Untracked 
|  47|0x0000000086b00000, 0x0000000086b00000, 0x0000000086c00000|  0%| F|  |TAMS 0x0000000086b00000, 0x0000000086b00000| Untracked 
|  48|0x0000000086c00000, 0x0000000086c00000, 0x0000000086d00000|  0%| F|  |TAMS 0x0000000086c00000, 0x0000000086c00000| Untracked 
|  49|0x0000000086d00000, 0x0000000086d00000, 0x0000000086e00000|  0%| F|  |TAMS 0x0000000086d00000, 0x0000000086d00000| Untracked 
|  50|0x0000000086e00000, 0x0000000086e00000, 0x0000000086f00000|  0%| F|  |TAMS 0x0000000086e00000, 0x0000000086e00000| Untracked 
|  51|0x0000000086f00000, 0x0000000086f00000, 0x0000000087000000|  0%| F|  |TAMS 0x0000000086f00000, 0x0000000086f00000| Untracked 
|  52|0x0000000087000000, 0x0000000087000000, 0x0000000087100000|  0%| F|  |TAMS 0x0000000087000000, 0x0000000087000000| Untracked 
|  53|0x0000000087100000, 0x0000000087100000, 0x0000000087200000|  0%| F|  |TAMS 0x0000000087100000, 0x0000000087100000| Untracked 
|  54|0x0000000087200000, 0x0000000087200000, 0x0000000087300000|  0%| F|  |TAMS 0x0000000087200000, 0x0000000087200000| Untracked 
|  55|0x0000000087300000, 0x0000000087300000, 0x0000000087400000|  0%| F|  |TAMS 0x0000000087300000, 0x0000000087300000| Untracked 
|  56|0x0000000087400000, 0x0000000087400000, 0x0000000087500000|  0%| F|  |TAMS 0x0000000087400000, 0x0000000087400000| Untracked 
|  57|0x0000000087500000, 0x0000000087500000, 0x0000000087600000|  0%| F|  |TAMS 0x0000000087500000, 0x0000000087500000| Untracked 
|  58|0x0000000087600000, 0x0000000087600000, 0x0000000087700000|  0%| F|  |TAMS 0x0000000087600000, 0x0000000087600000| Untracked 
|  59|0x0000000087700000, 0x0000000087700000, 0x0000000087800000|  0%| F|  |TAMS 0x0000000087700000, 0x0000000087700000| Untracked 
|  60|0x0000000087800000, 0x0000000087800000, 0x0000000087900000|  0%| F|  |TAMS 0x0000000087800000, 0x0000000087800000| Untracked 
|  61|0x0000000087900000, 0x0000000087900000, 0x0000000087a00000|  0%| F|  |TAMS 0x0000000087900000, 0x0000000087900000| Untracked 
|  62|0x0000000087a00000, 0x0000000087a00000, 0x0000000087b00000|  0%| F|  |TAMS 0x0000000087a00000, 0x0000000087a00000| Untracked 
|  63|0x0000000087b00000, 0x0000000087b00000, 0x0000000087c00000|  0%| F|  |TAMS 0x0000000087b00000, 0x0000000087b00000| Untracked 
|  64|0x0000000087c00000, 0x0000000087c00000, 0x0000000087d00000|  0%| F|  |TAMS 0x0000000087c00000, 0x0000000087c00000| Untracked 
|  65|0x0000000087d00000, 0x0000000087d00000, 0x0000000087e00000|  0%| F|  |TAMS 0x0000000087d00000, 0x0000000087d00000| Untracked 
|  66|0x0000000087e00000, 0x0000000087e00000, 0x0000000087f00000|  0%| F|  |TAMS 0x0000000087e00000, 0x0000000087e00000| Untracked 
|  67|0x0000000087f00000, 0x0000000087f00000, 0x0000000088000000|  0%| F|  |TAMS 0x0000000087f00000, 0x0000000087f00000| Untracked 
|  68|0x0000000088000000, 0x0000000088000000, 0x0000000088100000|  0%| F|  |TAMS 0x0000000088000000, 0x0000000088000000| Untracked 
|  69|0x0000000088100000, 0x0000000088100000, 0x0000000088200000|  0%| F|  |TAMS 0x0000000088100000, 0x0000000088100000| Untracked 
|  70|0x0000000088200000, 0x0000000088200000, 0x0000000088300000|  0%| F|  |TAMS 0x0000000088200000, 0x0000000088200000| Untracked 
|  71|0x0000000088300000, 0x0000000088300000, 0x0000000088400000|  0%| F|  |TAMS 0x0000000088300000, 0x0000000088300000| Untracked 
|  72|0x0000000088400000, 0x0000000088400000, 0x0000000088500000|  0%| F|  |TAMS 0x0000000088400000, 0x0000000088400000| Untracked 
|  73|0x0000000088500000, 0x0000000088500000, 0x0000000088600000|  0%| F|  |TAMS 0x0000000088500000, 0x0000000088500000| Untracked 
|  74|0x0000000088600000, 0x0000000088600000, 0x0000000088700000|  0%| F|  |TAMS 0x0000000088600000, 0x0000000088600000| Untracked 
|  75|0x0000000088700000, 0x0000000088700000, 0x0000000088800000|  0%| F|  |TAMS 0x0000000088700000, 0x0000000088700000| Untracked 
|  76|0x0000000088800000, 0x0000000088800000, 0x0000000088900000|  0%| F|  |TAMS 0x0000000088800000, 0x0000000088800000| Untracked 
|  77|0x0000000088900000, 0x0000000088900000, 0x0000000088a00000|  0%| F|  |TAMS 0x0000000088900000, 0x0000000088900000| Untracked 
|  78|0x0000000088a00000, 0x0000000088a00000, 0x0000000088b00000|  0%| F|  |TAMS 0x0000000088a00000, 0x0000000088a00000| Untracked 
|  79|0x0000000088b00000, 0x0000000088b00000, 0x0000000088c00000|  0%| F|  |TAMS 0x0000000088b00000, 0x0000000088b00000| Untracked 
|  80|0x0000000088c00000, 0x0000000088c00000, 0x0000000088d00000|  0%| F|  |TAMS 0x0000000088c00000, 0x0000000088c00000| Untracked 
|  81|0x0000000088d00000, 0x0000000088d00000, 0x0000000088e00000|  0%| F|  |TAMS 0x0000000088d00000, 0x0000000088d00000| Untracked 
|  82|0x0000000088e00000, 0x0000000088e00000, 0x0000000088f00000|  0%| F|  |TAMS 0x0000000088e00000, 0x0000000088e00000| Untracked 
|  83|0x0000000088f00000, 0x0000000088f00000, 0x0000000089000000|  0%| F|  |TAMS 0x0000000088f00000, 0x0000000088f00000| Untracked 
|  84|0x0000000089000000, 0x0000000089000000, 0x0000000089100000|  0%| F|  |TAMS 0x0000000089000000, 0x0000000089000000| Untracked 
|  85|0x0000000089100000, 0x0000000089100000, 0x0000000089200000|  0%| F|  |TAMS 0x0000000089100000, 0x0000000089100000| Untracked 
|  86|0x0000000089200000, 0x0000000089200000, 0x0000000089300000|  0%| F|  |TAMS 0x0000000089200000, 0x0000000089200000| Untracked 
|  87|0x0000000089300000, 0x0000000089300000, 0x0000000089400000|  0%| F|  |TAMS 0x0000000089300000, 0x0000000089300000| Untracked 
|  88|0x0000000089400000, 0x0000000089400000, 0x0000000089500000|  0%| F|  |TAMS 0x0000000089400000, 0x0000000089400000| Untracked 
|  89|0x0000000089500000, 0x0000000089500000, 0x0000000089600000|  0%| F|  |TAMS 0x0000000089500000, 0x0000000089500000| Untracked 
|  90|0x0000000089600000, 0x0000000089600000, 0x0000000089700000|  0%| F|  |TAMS 0x0000000089600000, 0x0000000089600000| Untracked 
|  91|0x0000000089700000, 0x0000000089700000, 0x0000000089800000|  0%| F|  |TAMS 0x0000000089700000, 0x0000000089700000| Untracked 
|  92|0x0000000089800000, 0x0000000089800000, 0x0000000089900000|  0%| F|  |TAMS 0x0000000089800000, 0x0000000089800000| Untracked 
|  93|0x0000000089900000, 0x0000000089900000, 0x0000000089a00000|  0%| F|  |TAMS 0x0000000089900000, 0x0000000089900000| Untracked 
|  94|0x0000000089a00000, 0x0000000089a00000, 0x0000000089b00000|  0%| F|  |TAMS 0x0000000089a00000, 0x0000000089a00000| Untracked 
|  95|0x0000000089b00000, 0x0000000089b00000, 0x0000000089c00000|  0%| F|  |TAMS 0x0000000089b00000, 0x0000000089b00000| Untracked 
|  96|0x0000000089c00000, 0x0000000089c00000, 0x0000000089d00000|  0%| F|  |TAMS 0x0000000089c00000, 0x0000000089c00000| Untracked 
|  97|0x0000000089d00000, 0x0000000089d00000, 0x0000000089e00000|  0%| F|  |TAMS 0x0000000089d00000, 0x0000000089d00000| Untracked 
|  98|0x0000000089e00000, 0x0000000089e00000, 0x0000000089f00000|  0%| F|  |TAMS 0x0000000089e00000, 0x0000000089e00000| Untracked 
|  99|0x0000000089f00000, 0x0000000089f00000, 0x000000008a000000|  0%| F|  |TAMS 0x0000000089f00000, 0x0000000089f00000| Untracked 
| 100|0x000000008a000000, 0x000000008a000000, 0x000000008a100000|  0%| F|  |TAMS 0x000000008a000000, 0x000000008a000000| Untracked 
| 101|0x000000008a100000, 0x000000008a100000, 0x000000008a200000|  0%| F|  |TAMS 0x000000008a100000, 0x000000008a100000| Untracked 
| 102|0x000000008a200000, 0x000000008a200000, 0x000000008a300000|  0%| F|  |TAMS 0x000000008a200000, 0x000000008a200000| Untracked 
| 103|0x000000008a300000, 0x000000008a300000, 0x000000008a400000|  0%| F|  |TAMS 0x000000008a300000, 0x000000008a300000| Untracked 
| 104|0x000000008a400000, 0x000000008a400000, 0x000000008a500000|  0%| F|  |TAMS 0x000000008a400000, 0x000000008a400000| Untracked 
| 105|0x000000008a500000, 0x000000008a500000, 0x000000008a600000|  0%| F|  |TAMS 0x000000008a500000, 0x000000008a500000| Untracked 
| 106|0x000000008a600000, 0x000000008a600000, 0x000000008a700000|  0%| F|  |TAMS 0x000000008a600000, 0x000000008a600000| Untracked 
| 107|0x000000008a700000, 0x000000008a700000, 0x000000008a800000|  0%| F|  |TAMS 0x000000008a700000, 0x000000008a700000| Untracked 
| 108|0x000000008a800000, 0x000000008a800000, 0x000000008a900000|  0%| F|  |TAMS 0x000000008a800000, 0x000000008a800000| Untracked 
| 109|0x000000008a900000, 0x000000008a900000, 0x000000008aa00000|  0%| F|  |TAMS 0x000000008a900000, 0x000000008a900000| Untracked 
| 110|0x000000008aa00000, 0x000000008aa00000, 0x000000008ab00000|  0%| F|  |TAMS 0x000000008aa00000, 0x000000008aa00000| Untracked 
| 111|0x000000008ab00000, 0x000000008ab00000, 0x000000008ac00000|  0%| F|  |TAMS 0x000000008ab00000, 0x000000008ab00000| Untracked 
| 112|0x000000008ac00000, 0x000000008ac00000, 0x000000008ad00000|  0%| F|  |TAMS 0x000000008ac00000, 0x000000008ac00000| Untracked 
| 113|0x000000008ad00000, 0x000000008ad00000, 0x000000008ae00000|  0%| F|  |TAMS 0x000000008ad00000, 0x000000008ad00000| Untracked 
| 114|0x000000008ae00000, 0x000000008ae00000, 0x000000008af00000|  0%| F|  |TAMS 0x000000008ae00000, 0x000000008ae00000| Untracked 
| 115|0x000000008af00000, 0x000000008af00000, 0x000000008b000000|  0%| F|  |TAMS 0x000000008af00000, 0x000000008af00000| Untracked 
| 116|0x000000008b000000, 0x000000008b000000, 0x000000008b100000|  0%| F|  |TAMS 0x000000008b000000, 0x000000008b000000| Untracked 
| 117|0x000000008b100000, 0x000000008b100000, 0x000000008b200000|  0%| F|  |TAMS 0x000000008b100000, 0x000000008b100000| Untracked 
| 118|0x000000008b200000, 0x000000008b200000, 0x000000008b300000|  0%| F|  |TAMS 0x000000008b200000, 0x000000008b200000| Untracked 
| 119|0x000000008b300000, 0x000000008b376448, 0x000000008b400000| 46%| E|  |TAMS 0x000000008b300000, 0x000000008b300000| Complete 
| 120|0x000000008b400000, 0x000000008b500000, 0x000000008b500000|100%| E|CS|TAMS 0x000000008b400000, 0x000000008b400000| Complete 
| 121|0x000000008b500000, 0x000000008b600000, 0x000000008b600000|100%| E|CS|TAMS 0x000000008b500000, 0x000000008b500000| Complete 
| 122|0x000000008b600000, 0x000000008b700000, 0x000000008b700000|100%| E|CS|TAMS 0x000000008b600000, 0x000000008b600000| Complete 
| 123|0x000000008b700000, 0x000000008b800000, 0x000000008b800000|100%| E|CS|TAMS 0x000000008b700000, 0x000000008b700000| Complete 
| 124|0x000000008b800000, 0x000000008b900000, 0x000000008b900000|100%| E|CS|TAMS 0x000000008b800000, 0x000000008b800000| Complete 
| 125|0x000000008b900000, 0x000000008ba00000, 0x000000008ba00000|100%| E|CS|TAMS 0x000000008b900000, 0x000000008b900000| Complete 

Card table byte_map: [0x000002bc7e3f0000,0x000002bc7e7e0000] _byte_map_base: 0x000002bc7dfd2000

Marking Bits (Prev, Next): (CMBitMap*) 0x000002bc673fec10, (CMBitMap*) 0x000002bc673fec50
 Prev Bits: [0x000002bc00000000, 0x000002bc01f10000)
 Next Bits: [0x000002bc01f10000, 0x000002bc03e20000)

Polling page: 0x000002bc65310000

Metaspace:

Usage:
  Non-class:      5.39 MB used.
      Class:    652.88 KB used.
       Both:      6.03 MB used.

Virtual space:
  Non-class space:       64.00 MB reserved,       5.44 MB (  8%) committed,  1 nodes.
      Class space:        1.00 GB reserved,     768.00 KB ( <1%) committed,  1 nodes.
             Both:        1.06 GB reserved,       6.19 MB ( <1%) committed. 

Chunk freelists:
   Non-Class:  2.39 MB
       Class:  3.24 MB
        Both:  5.63 MB

MaxMetaspaceSize: unlimited
CompressedClassSpaceSize: 1.00 GB
Initial GC threshold: 21.00 MB
Current GC threshold: 21.00 MB
CDS: on
MetaspaceReclaimPolicy: balanced
 - commit_granule_bytes: 65536.
 - commit_granule_words: 8192.
 - virtual_space_node_default_size: 8388608.
 - enlarge_chunks_in_place: 1.
 - new_chunks_are_fully_committed: 0.
 - uncommit_free_chunks: 1.
 - use_allocation_guard: 0.


Internal statistics:

num_allocs_failed_limit: 0.
num_arena_births: 114.
num_arena_deaths: 0.
num_vsnodes_births: 2.
num_vsnodes_deaths: 0.
num_space_committed: 99.
num_space_uncommitted: 0.
num_chunks_returned_to_freelist: 0.
num_chunks_taken_from_freelist: 155.
num_chunk_merges: 0.
num_chunk_splits: 85.
num_chunks_enlarged: 23.
num_inconsistent_stats: 0.

CodeHeap 'non-profiled nmethods': size=120000Kb used=199Kb max_used=199Kb free=119800Kb
 bounds [0x000002bc767a0000, 0x000002bc76a10000, 0x000002bc7dcd0000]
CodeHeap 'profiled nmethods': size=120000Kb used=970Kb max_used=970Kb free=119029Kb
 bounds [0x000002bc6f270000, 0x000002bc6f4e0000, 0x000002bc767a0000]
CodeHeap 'non-nmethods': size=5760Kb used=1267Kb max_used=1276Kb free=4492Kb
 bounds [0x000002bc6ecd0000, 0x000002bc6ef40000, 0x000002bc6f270000]
 total_blobs=1281 nmethods=715 adapters=479
 compilation: enabled
              stopped_count=0, restarted_count=0
 full_count=0

Compilation events (20 events):
Event: 1.275 Thread 0x000002bc7f5fc290 nmethod 706 0x000002bc6f35e990 code [0x000002bc6f35eb60, 0x000002bc6f35ee38]
Event: 1.296 Thread 0x000002bc7f5fc290  707       3       java.security.AccessControlContext::combine (205 bytes)
Event: 1.297 Thread 0x000002bc7f5fc290 nmethod 707 0x000002bc6f35ef90 code [0x000002bc6f35f1c0, 0x000002bc6f35fd78]
Event: 1.297 Thread 0x000002bc7f5fc290  708       3       sun.awt.AWTAutoShutdown::notifyToolkitThreadBusy (8 bytes)
Event: 1.297 Thread 0x000002bc7f5fc290 nmethod 708 0x000002bc6f360090 code [0x000002bc6f360240, 0x000002bc6f3603c8]
Event: 1.302 Thread 0x000002bc7f5fc290  709       3       sun.awt.AWTAutoShutdown::notifyToolkitThreadFree (8 bytes)
Event: 1.303 Thread 0x000002bc7f5fc290 nmethod 709 0x000002bc6f360490 code [0x000002bc6f360640, 0x000002bc6f3607c8]
Event: 1.593 Thread 0x000002bc7f5fc290  710       3       java.security.AccessControlContext::calculateFields (89 bytes)
Event: 1.594 Thread 0x000002bc7f5fc290 nmethod 710 0x000002bc6f360890 code [0x000002bc6f360a60, 0x000002bc6f360e98]
Event: 1.594 Thread 0x000002bc7f5fc290  711       3       java.awt.Container::getChildAt (54 bytes)
Event: 1.594 Thread 0x000002bc7f5fc290 nmethod 711 0x000002bc6f361010 code [0x000002bc6f361200, 0x000002bc6f361838]
Event: 1.609 Thread 0x000002bc7f5fc290  712       1       java.awt.event.InputEvent::isConsumed (5 bytes)
Event: 1.609 Thread 0x000002bc7f5fc290 nmethod 712 0x000002bc767d1810 code [0x000002bc767d19a0, 0x000002bc767d1a78]
Event: 2.492 Thread 0x000002bc7f5fc290  713       1       java.beans.PropertyChangeEvent::getOldValue (5 bytes)
Event: 2.493 Thread 0x000002bc7f5fc290 nmethod 713 0x000002bc767d1b10 code [0x000002bc767d1ca0, 0x000002bc767d1d78]
Event: 2.493 Thread 0x000002bc7f5fc290  714  s    3       java.awt.KeyboardFocusManager::getCurrentKeyboardFocusManager (32 bytes)
Event: 2.493 Thread 0x000002bc7f5fc290 nmethod 714 0x000002bc6f361a10 code [0x000002bc6f361be0, 0x000002bc6f361fe8]
Event: 2.493 Thread 0x000002bc7f5fc290  715       3       java.awt.KeyboardFocusManager::getCurrentKeyboardFocusManager (7 bytes)
Event: 2.494 Thread 0x000002bc7f5fc290 nmethod 715 0x000002bc6f362110 code [0x000002bc6f362300, 0x000002bc6f3627b8]
Event: 1355.444 Thread 0x000002bc7f5fc290  717   !   3       sun.awt.PostEventQueue::flush (168 bytes)

GC Heap History (0 events):
No events

Deoptimization events (8 events):
Event: 0.159 Thread 0x000002bc6739cd90 Uncommon trap: trap_request=0xffffff45 fr.pc=0x000002bc767af7d8 relative=0x00000000000008d8
Event: 0.159 Thread 0x000002bc6739cd90 Uncommon trap: reason=unstable_if action=reinterpret pc=0x000002bc767af7d8 method=java.util.HashMap.putVal(ILjava/lang/Object;Ljava/lang/Object;ZZ)Ljava/lang/Object; @ 236 c2
Event: 0.159 Thread 0x000002bc6739cd90 DEOPT PACKING pc=0x000002bc767af7d8 sp=0x000000fcba4fda60
Event: 0.159 Thread 0x000002bc6739cd90 DEOPT UNPACKING pc=0x000002bc6ed25c23 sp=0x000000fcba4fda08 mode 2
Event: 0.243 Thread 0x000002bc6739cd90 Uncommon trap: trap_request=0xffffff45 fr.pc=0x000002bc767c7af0 relative=0x00000000000004b0
Event: 0.243 Thread 0x000002bc6739cd90 Uncommon trap: reason=unstable_if action=reinterpret pc=0x000002bc767c7af0 method=java.lang.StringLatin1.replace([BCC)Ljava/lang/String; @ 19 c2
Event: 0.243 Thread 0x000002bc6739cd90 DEOPT PACKING pc=0x000002bc767c7af0 sp=0x000000fcba4fe210
Event: 0.243 Thread 0x000002bc6739cd90 DEOPT UNPACKING pc=0x000002bc6ed25c23 sp=0x000000fcba4fe190 mode 2

Classes loaded (20 events):
Event: 0.309 Loading class java/text/AttributedCharacterIterator done
Event: 0.309 Loading class java/text/AttributedString$AttributedStringIterator done
Event: 0.309 Loading class java/awt/TextComponent
Event: 0.310 Loading class java/awt/TextComponent done
Event: 0.310 Loading class javax/swing/text/JTextComponent
Event: 0.310 Loading class javax/swing/Scrollable
Event: 0.310 Loading class javax/swing/Scrollable done
Event: 0.310 Loading class javax/swing/text/JTextComponent done
Event: 0.311 Loading class java/awt/event/MouseWheelEvent
Event: 0.311 Loading class java/awt/event/MouseWheelEvent done
Event: 2.492 Loading class java/awt/KeyboardFocusManager$2
Event: 2.492 Loading class java/awt/KeyboardFocusManager$2 done
Event: 2.493 Loading class sun/awt/SunToolkit$1
Event: 2.493 Loading class sun/awt/SunToolkit$1 done
Event: 1355.439 Loading class java/util/WeakHashMap$KeyIterator
Event: 1355.440 Loading class java/util/WeakHashMap$HashIterator
Event: 1355.440 Loading class java/util/WeakHashMap$HashIterator done
Event: 1355.440 Loading class java/util/WeakHashMap$KeyIterator done
Event: 1355.444 Loading class javax/swing/RepaintManager$DisplayChangedRunnable
Event: 1355.444 Loading class javax/swing/RepaintManager$DisplayChangedRunnable done

Classes unloaded (0 events):
No events

Classes redefined (0 events):
No events

Internal exceptions (16 events):
Event: 0.056 Thread 0x000002bc6739cd90 Exception <a 'sun/nio/fs/WindowsException'{0x000000008b837078}> (0x000000008b837078) 
thrown [s\open\src\hotspot\share\prims\jni.cpp, line 516]
Event: 0.056 Thread 0x000002bc6739cd90 Exception <a 'sun/nio/fs/WindowsException'{0x000000008b837680}> (0x000000008b837680) 
thrown [s\open\src\hotspot\share\prims\jni.cpp, line 516]
Event: 0.057 Thread 0x000002bc6739cd90 Exception <a 'sun/nio/fs/WindowsException'{0x000000008b839dc0}> (0x000000008b839dc0) 
thrown [s\open\src\hotspot\share\prims\jni.cpp, line 516]
Event: 0.057 Thread 0x000002bc6739cd90 Exception <a 'sun/nio/fs/WindowsException'{0x000000008b83aa20}> (0x000000008b83aa20) 
thrown [s\open\src\hotspot\share\prims\jni.cpp, line 516]
Event: 0.087 Thread 0x000002bc6739cd90 Exception <a 'java/lang/ClassNotFoundException'{0x000000008b700958}: sun/awt/resources/spi/awtProvider> (0x000000008b700958) 
thrown [s\open\src\hotspot\share\classfile\systemDictionary.cpp, line 255]
Event: 0.103 Thread 0x000002bc6739cd90 Exception <a 'java/io/FileNotFoundException'{0x000000008b754170}> (0x000000008b754170) 
thrown [s\open\src\hotspot\share\prims\jni.cpp, line 516]
Event: 0.109 Thread 0x000002bc6739cd90 Exception <a 'java/io/FileNotFoundException'{0x000000008b7813c8}> (0x000000008b7813c8) 
thrown [s\open\src\hotspot\share\prims\jni.cpp, line 516]
Event: 0.136 Thread 0x000002bc6739cd90 Exception <a 'java/lang/NoSuchMethodError'{0x000000008b7c5820}: 'java.lang.Object java.lang.invoke.DirectMethodHandle$Holder.invokeStaticInit(java.lang.Object)'> (0x000000008b7c5820) 
thrown [s\open\src\hotspot\share\interpreter\linkResolver.cpp, line 759]
Event: 0.161 Thread 0x000002bc6739cd90 Exception <a 'java/lang/NoSuchMethodError'{0x000000008b699a68}: 'void java.lang.invoke.DirectMethodHandle$Holder.invokeSpecial(java.lang.Object, java.lang.Object, java.lang.Object)'> (0x000000008b699a68) 
thrown [s\open\src\hotspot\share\interpreter\linkResolver.cpp, line 759]
Event: 0.170 Thread 0x000002bc6739cd90 Exception <a 'java/lang/NoSuchMethodError'{0x000000008b6c4b58}: 'java.lang.Object java.lang.invoke.DirectMethodHandle$Holder.newInvokeSpecial(java.lang.Object, java.lang.Object, java.lang.Object, java.lang.Object, java.lang.Object)'> (0x000000008b6c4b58) 
thrown [s\open\src\hotspot\share\interpreter\linkResolver.cpp, line 759]
Event: 0.176 Thread 0x000002bc6739cd90 Exception <a 'java/lang/NoSuchMethodError'{0x000000008b6f68c8}: 'java.lang.Object java.lang.invoke.DirectMethodHandle$Holder.invokeStatic(java.lang.Object, int, java.lang.Object)'> (0x000000008b6f68c8) 
thrown [s\open\src\hotspot\share\interpreter\linkResolver.cpp, line 759]
Event: 0.197 Thread 0x000002bc6739cd90 Exception <a 'java/lang/ClassNotFoundException'{0x000000008b5b3b90}: com/sun/swing/internal/plaf/metal/resources/spi/metalProvider> (0x000000008b5b3b90) 
thrown [s\open\src\hotspot\share\classfile\systemDictionary.cpp, line 255]
Event: 0.198 Thread 0x000002bc6739cd90 Exception <a 'java/lang/ClassNotFoundException'{0x000000008b5b7bc8}: com/sun/swing/internal/plaf/basic/resources/spi/basicProvider> (0x000000008b5b7bc8) 
thrown [s\open\src\hotspot\share\classfile\systemDictionary.cpp, line 255]
Event: 0.203 Thread 0x000002bc6739cd90 Exception <a 'java/lang/NoSuchMethodError'{0x000000008b5d7fc0}: 'int java.lang.invoke.Invokers$Holder.invokeExact_MT(java.lang.Object, java.lang.Object)'> (0x000000008b5d7fc0) 
thrown [s\open\src\hotspot\share\interpreter\linkResolver.cpp, line 759]
Event: 0.212 Thread 0x000002bc0a34cd70 Exception <a 'java/lang/NoSuchMethodError'{0x000000008b610250}: 'void java.lang.invoke.DirectMethodHandle$Holder.invokeVirtual(java.lang.Object, java.lang.Object)'> (0x000000008b610250) 
thrown [s\open\src\hotspot\share\interpreter\linkResolver.cpp, line 759]
Event: 0.238 Thread 0x000002bc6739cd90 Exception <a 'java/lang/NoSuchMethodError'{0x000000008b462688}: 'void java.lang.invoke.DirectMethodHandle$Holder.invokeStaticInit(java.lang.Object)'> (0x000000008b462688) 
thrown [s\open\src\hotspot\share\interpreter\linkResolver.cpp, line 759]

VM Operations (8 events):
Event: 0.058 Executing VM operation: HandshakeAllThreads
Event: 0.058 Executing VM operation: HandshakeAllThreads done
Event: 0.216 Executing VM operation: HandshakeAllThreads
Event: 0.216 Executing VM operation: HandshakeAllThreads done
Event: 0.274 Executing VM operation: HandshakeAllThreads
Event: 0.274 Executing VM operation: HandshakeAllThreads done
Event: 1.280 Executing VM operation: Cleanup
Event: 1.280 Executing VM operation: Cleanup done

Events (20 events):
Event: 0.027 Thread 0x000002bc7f5f7850 Thread added: 0x000002bc7f5f7850
Event: 0.027 Thread 0x000002bc7f5fc290 Thread added: 0x000002bc7f5fc290
Event: 0.027 Thread 0x000002bc7f5fcc70 Thread added: 0x000002bc7f5fcc70
Event: 0.045 Thread 0x000002bc7f586210 Thread added: 0x000002bc7f586210
Event: 0.053 Loaded shared library C:\Program Files\Java\jdk-18.0.2\bin\net.dll
Event: 0.055 Loaded shared library C:\Program Files\Java\jdk-18.0.2\bin\nio.dll
Event: 0.065 Thread 0x000002bc0a137d30 Thread added: 0x000002bc0a137d30
Event: 0.068 Thread 0x000002bc0a1381f0 Thread added: 0x000002bc0a1381f0
Event: 0.070 Loaded shared library C:\Program Files\Java\jdk-18.0.2\bin\zip.dll
Event: 0.083 Loaded shared library C:\Program Files\Java\jdk-18.0.2\bin\jimage.dll
Event: 0.094 Loaded shared library C:\Program Files\Java\jdk-18.0.2\bin\awt.dll
Event: 0.137 Thread 0x000002bc0a342f10 Thread added: 0x000002bc0a342f10
Event: 0.137 Thread 0x000002bc0a3529d0 Thread added: 0x000002bc0a3529d0
Event: 0.138 Thread 0x000002bc0a34cd70 Thread added: 0x000002bc0a34cd70
Event: 0.211 Thread 0x000002bc0a3d82e0 Thread added: 0x000002bc0a3d82e0
Event: 0.224 Loaded shared library C:\Program Files\Java\jdk-18.0.2\bin\freetype.dll
Event: 0.225 Loaded shared library C:\Program Files\Java\jdk-18.0.2\bin\fontmanager.dll
Event: 0.275 Thread 0x000002bc6739cd90 Thread exited: 0x000002bc6739cd90
Event: 0.275 Thread 0x000002bc6739cd90 Thread added: 0x000002bc6739cd90
Event: 1.012 Thread 0x000002bc0a1381f0 Thread exited: 0x000002bc0a1381f0


Dynamic libraries:
0x00007ff739c20000 - 0x00007ff739c30000 	C:\Program Files\Java\jdk-18.0.2\bin\java.exe
0x00007ff9dd650000 - 0x00007ff9dd864000 	C:\WINDOWS\SYSTEM32\ntdll.dll
0x00007ff9dc110000 - 0x00007ff9dc1d2000 	C:\WINDOWS\System32\KERNEL32.DLL
0x00007ff9dae90000 - 0x00007ff9db22d000 	C:\WINDOWS\System32\KERNELBASE.dll
0x00007ff9db230000 - 0x00007ff9db341000 	C:\WINDOWS\System32\ucrtbase.dll
0x00007ff9bf300000 - 0x00007ff9bf31a000 	C:\Program Files\Java\jdk-18.0.2\bin\VCRUNTIME140.dll
0x00007ff9c2730000 - 0x00007ff9c2748000 	C:\Program Files\Java\jdk-18.0.2\bin\jli.dll
0x00007ff9dcf60000 - 0x00007ff9dd00e000 	C:\WINDOWS\System32\ADVAPI32.dll
0x00007ff9dba40000 - 0x00007ff9dbae7000 	C:\WINDOWS\System32\msvcrt.dll
0x00007ff9db830000 - 0x00007ff9db8d4000 	C:\WINDOWS\System32\sechost.dll
0x00007ff9db5e0000 - 0x00007ff9db6f5000 	C:\WINDOWS\System32\RPCRT4.dll
0x00007ff9dd010000 - 0x00007ff9dd1bd000 	C:\WINDOWS\System32\USER32.dll
0x00007ff9db350000 - 0x00007ff9db376000 	C:\WINDOWS\System32\win32u.dll
0x00007ff9dcaa0000 - 0x00007ff9dcac9000 	C:\WINDOWS\System32\GDI32.dll
0x00007ff9b4fb0000 - 0x00007ff9b523e000 	C:\WINDOWS\WinSxS\amd64_microsoft.windows.common-controls_6595b64144ccf1df_6.0.22621.436_none_a94247dbc10d8414\COMCTL32.dll
0x00007ff9dad70000 - 0x00007ff9dae82000 	C:\WINDOWS\System32\gdi32full.dll
0x00007ff9dacd0000 - 0x00007ff9dad6a000 	C:\WINDOWS\System32\msvcp_win.dll
0x00007ff9cf3a0000 - 0x00007ff9cf3aa000 	C:\WINDOWS\SYSTEM32\VERSION.dll
0x00007ff9dba00000 - 0x00007ff9dba32000 	C:\WINDOWS\System32\IMM32.DLL
0x00007ff9c1380000 - 0x00007ff9c138c000 	C:\Program Files\Java\jdk-18.0.2\bin\vcruntime140_1.dll
0x00007ff973020000 - 0x00007ff9730ad000 	C:\Program Files\Java\jdk-18.0.2\bin\msvcp140.dll
0x00007ff960db0000 - 0x00007ff9619c1000 	C:\Program Files\Java\jdk-18.0.2\bin\server\jvm.dll
0x00007ff9db700000 - 0x00007ff9db708000 	C:\WINDOWS\System32\PSAPI.DLL
0x00007ff9d0610000 - 0x00007ff9d0644000 	C:\WINDOWS\SYSTEM32\WINMM.dll
0x00007ff9c1390000 - 0x00007ff9c1399000 	C:\WINDOWS\SYSTEM32\WSOCK32.dll
0x00007ff9db8e0000 - 0x00007ff9db951000 	C:\WINDOWS\System32\WS2_32.dll
0x00007ff9d9b90000 - 0x00007ff9d9ba8000 	C:\WINDOWS\SYSTEM32\kernel.appcore.dll
0x00007ff9b61d0000 - 0x00007ff9b61da000 	C:\Program Files\Java\jdk-18.0.2\bin\jimage.dll
0x00007ff9d8420000 - 0x00007ff9d864e000 	C:\WINDOWS\SYSTEM32\DBGHELP.DLL
0x00007ff9dcbd0000 - 0x00007ff9dcf5a000 	C:\WINDOWS\System32\combase.dll
0x00007ff9dd220000 - 0x00007ff9dd2f7000 	C:\WINDOWS\System32\OLEAUT32.dll
0x00007ff9c8cc0000 - 0x00007ff9c8cf2000 	C:\WINDOWS\SYSTEM32\dbgcore.DLL
0x00007ff9daa70000 - 0x00007ff9daaeb000 	C:\WINDOWS\System32\bcryptPrimitives.dll
0x00007ff9a49a0000 - 0x00007ff9a49c5000 	C:\Program Files\Java\jdk-18.0.2\bin\java.dll
0x00007ff960cd0000 - 0x00007ff960da6000 	C:\Program Files\Java\jdk-18.0.2\bin\jsvml.dll
0x00007ff9dc1e0000 - 0x00007ff9dc9cf000 	C:\WINDOWS\System32\SHELL32.dll
0x00007ff9d8a50000 - 0x00007ff9d9318000 	C:\WINDOWS\SYSTEM32\windows.storage.dll
0x00007ff9d8910000 - 0x00007ff9d8a4e000 	C:\WINDOWS\SYSTEM32\wintypes.dll
0x00007ff9dcad0000 - 0x00007ff9dcbc1000 	C:\WINDOWS\System32\SHCORE.dll
0x00007ff9db980000 - 0x00007ff9db9de000 	C:\WINDOWS\System32\shlwapi.dll
0x00007ff9da9a0000 - 0x00007ff9da9c1000 	C:\WINDOWS\SYSTEM32\profapi.dll
0x00007ff9a4980000 - 0x00007ff9a4993000 	C:\Program Files\Java\jdk-18.0.2\bin\net.dll
0x00007ff9d23c0000 - 0x00007ff9d24ef000 	C:\WINDOWS\SYSTEM32\WINHTTP.dll
0x00007ff9d9ff0000 - 0x00007ff9da059000 	C:\WINDOWS\system32\mswsock.dll
0x00007ff9a4960000 - 0x00007ff9a4976000 	C:\Program Files\Java\jdk-18.0.2\bin\nio.dll
0x00007ff9a4940000 - 0x00007ff9a4958000 	C:\Program Files\Java\jdk-18.0.2\bin\zip.dll
0x00007ff960b40000 - 0x00007ff960ccf000 	C:\Program Files\Java\jdk-18.0.2\bin\awt.dll
0x00007ff9d78b0000 - 0x00007ff9d7947000 	C:\WINDOWS\SYSTEM32\apphelp.dll
0x00007ff9d7cc0000 - 0x00007ff9d7ceb000 	C:\WINDOWS\system32\DWMAPI.DLL
0x00007ff9d7a30000 - 0x00007ff9d7adb000 	C:\WINDOWS\system32\uxtheme.dll
0x00007ff9ad5f0000 - 0x00007ff9ad6f0000 	C:\WINDOWS\system32\opengl32.dll
0x00007ff9becd0000 - 0x00007ff9becfd000 	C:\WINDOWS\SYSTEM32\GLU32.dll
0x00007ff9d7b50000 - 0x00007ff9d7b86000 	C:\WINDOWS\SYSTEM32\dxcore.dll
0x00007ff9db710000 - 0x00007ff9db82e000 	C:\WINDOWS\System32\MSCTF.dll
0x00007ff9dbaf0000 - 0x00007ff9dbc8c000 	C:\WINDOWS\System32\ole32.dll
0x00007ff95f7d0000 - 0x00007ff95f856000 	C:\Program Files\Java\jdk-18.0.2\bin\freetype.dll
0x00007ff9578b0000 - 0x00007ff957958000 	C:\Program Files\Java\jdk-18.0.2\bin\fontmanager.dll
0x00007ff9bc020000 - 0x00007ff9bc14d000 	C:\WINDOWS\SYSTEM32\textinputframework.dll
0x00007ff98d030000 - 0x00007ff98d471000 	C:\WINDOWS\SYSTEM32\uiautomationcore.dll
0x00007ff9addb0000 - 0x00007ff9ade19000 	C:\WINDOWS\SYSTEM32\OLEACC.dll
0x00007ff9dd550000 - 0x00007ff9dd607000 	C:\WINDOWS\System32\clbcatq.dll
0x00007ff9d75b0000 - 0x00007ff9d76e3000 	C:\WINDOWS\SYSTEM32\CoreMessaging.dll
0x00007ff9d1910000 - 0x00007ff9d1c7c000 	C:\WINDOWS\SYSTEM32\CoreUIComponents.dll
0x00007ff9da290000 - 0x00007ff9da29c000 	C:\WINDOWS\SYSTEM32\CRYPTBASE.DLL

dbghelp: loaded successfully - version: 4.0.5 - missing functions: none
symbol engine: initialized successfully - sym options: 0x614 - pdb path: .;C:\Program Files\Java\jdk-18.0.2\bin;C:\WINDOWS\SYSTEM32;C:\WINDOWS\WinSxS\amd64_microsoft.windows.common-controls_6595b64144ccf1df_6.0.22621.436_none_a94247dbc10d8414;C:\Program Files\Java\jdk-18.0.2\bin\server

VM Arguments:
jvm_args: -Dfile.encoding=UTF-8 --module-path=C:\Users\chida\OneDrive\Pictures\Documents\NetBeansProjects\University Management System\build\classes 
java_command: university.management.system.StudentLeave
java_class_path (initial): C:\Users\chida\Downloads\mysql-connector-java-8.0.28.jar;C:\Users\chida\Downloads\jcalendar-tz-1.3.3-4.jar;C:\Users\chida\Downloads\rs2xml.jar;C:\Users\chida\OneDrive\Pictures\Documents\NetBeansProjects\University Management System\build\classes
Launcher Type: SUN_STANDARD

[Global flags]
     intx CICompilerCount                          = 4                                         {product} {ergonomic}
     uint ConcGCThreads                            = 2                                         {product} {ergonomic}
     uint G1ConcRefinementThreads                  = 8                                         {product} {ergonomic}
   size_t G1HeapRegionSize                         = 1048576                                   {product} {ergonomic}
    uintx GCDrainStackTargetSize                   = 64                                        {product} {ergonomic}
   size_t InitialHeapSize                          = 132120576                                 {product} {ergonomic}
   size_t MarkStackSize                            = 4194304                                   {product} {ergonomic}
   size_t MaxHeapSize                              = 2084569088                                {product} {ergonomic}
   size_t MaxNewSize                               = 1249902592                                {product} {ergonomic}
   size_t MinHeapDeltaBytes                        = 1048576                                   {product} {ergonomic}
   size_t MinHeapSize                              = 8388608                                   {product} {ergonomic}
    uintx NonNMethodCodeHeapSize                   = 5839372                                {pd product} {ergonomic}
    uintx NonProfiledCodeHeapSize                  = 122909434                              {pd product} {ergonomic}
    uintx ProfiledCodeHeapSize                     = 122909434                              {pd product} {ergonomic}
    uintx ReservedCodeCacheSize                    = 251658240                              {pd product} {ergonomic}
     bool SegmentedCodeCache                       = true                                      {product} {ergonomic}
   size_t SoftMaxHeapSize                          = 2084569088                             {manageable} {ergonomic}
     bool UseCompressedClassPointers               = true                           {product lp64_product} {ergonomic}
     bool UseCompressedOops                        = true                           {product lp64_product} {ergonomic}
     bool UseG1GC                                  = true                                      {product} {ergonomic}
     bool UseLargePagesIndividualAllocation        = false                                  {pd product} {ergonomic}

Logging:
Log output configuration:
 #0: stdout all=warning uptime,level,tags foldmultilines=false
 #1: stderr all=off uptime,level,tags foldmultilines=false

Environment Variables:
PATH=H:\oracle\product\10.2.0\db_1\bin;D:\oracle\product\10.2.0\db_10\bin;D:\oracle\product\10.2.0\db_9\bin;D:\oracle\product\10.2.0\db_2\bin;F:\oracle\product\10.2.0\db_1\bin;C:\Program Files\Common Files\Oracle\Java\javapath;C:\windows\system32;C:\windows;C:\windows\System32\Wbem;C:\windows\System32\WindowsPowerShell\v1.0\;C:\windows\System32\OpenSSH\;C:\Program Files (x86)\NVIDIA Corporation\PhysX\Common;C:\Program Files\dotnet\;C:\WINDOWS\system32;C:\WINDOWS;C:\WINDOWS\System32\Wbem;C:\WINDOWS\System32\WindowsPowerShell\v1.0\;C:\WINDOWS\System32\OpenSSH\;C:\Program Files\Java\jdk-18.0.2;C:\Program Files\NVIDIA Corporation\NVIDIA NvDLISR;C:\Program Files\MySQL\MySQL Shell 8.0\bin\;C:\Users\chida\AppData\Local\Microsoft\WindowsApps;"C:\Program Files\Java\jdk-18.0.1.1;";;C:\Users\chida\AppData\Local\Programs\Microsoft VS Code\bin
USERNAME=chida
OS=Windows_NT
PROCESSOR_IDENTIFIER=Intel64 Family 6 Model 140 Stepping 1, GenuineIntel



---------------  S Y S T E M  ---------------

OS:
 Windows 11 , 64 bit Build 22621 (10.0.22621.1028)
OS uptime: 11 days 10:00 hours
Hyper-V role detected

CPU: total 8 (initial active 8) (4 cores per cpu, 2 threads per core) family 6 model 140 stepping 1 microcode 0xa4, cx8, cmov, fxsr, ht, mmx, 3dnowpref, sse, sse2, sse3, ssse3, sse4.1, sse4.2, popcnt, lzcnt, tsc, tscinvbit, avx, avx2, aes, erms, clmul, bmi1, bmi2, adx, avx512f, avx512dq, avx512cd, avx512bw, avx512vl, sha, fma, vzeroupper, avx512_vpopcntdq, avx512_vpclmulqdq, avx512_vaes, avx512_vnni, clflush, clflushopt, clwb, avx512_vbmi2, avx512_vbmi, hv

Memory: 4k page, system-wide physical 7948M (223M free)
TotalPageFile size 20646M (AvailPageFile size 0M)
current process WorkingSet (physical memory assigned to process): 45M, peak: 58M
current process commit charge ("private bytes"): 219M, peak: 220M

vm_info: Java HotSpot(TM) 64-Bit Server VM (18.0.2+9-61) for windows-amd64 JRE (18.0.2+9-61), built on Jun  7 2022 13:09:01 by "mach5one" with MS VC++ 16.8 / 16.9 (VS2019)

END.
