#
# There is insufficient memory for the Java Runtime Environment to continue.
# Native memory allocation (malloc) failed to allocate 32744 bytes for Chunk::new
# Possible reasons:
#   The system is out of physical RAM or swap space
#   The process is running with CompressedOops enabled, and the Java Heap may be blocking the growth of the native heap
# Possible solutions:
#   Reduce memory load on the system
#   Increase physical memory or swap space
#   Check if swap backing store is full
#   Decrease Java heap size (-Xmx/-Xms)
#   Decrease number of Java threads
# This output file may be truncated or incomplete.
#
#  Out of Memory Error (arena.cpp:184), pid=34804, tid=17248
#
# JRE version: Java(TM) SE Runtime Environment (18.0.2+9) (build 18.0.2+9-61)
# Java VM: Java HotSpot(TM) 64-Bit Server VM (18.0.2+9-61, mixed mode, sharing, tiered, compressed oops, compressed class ptrs, g1 gc, windows-amd64)
# No core dump will be written. Minidumps are not enabled by default on client versions of Windows
#

---------------  S U M M A R Y ------------

Command Line: -Dfile.encoding=UTF-8 --module-path=C:\Users\chida\OneDrive\Pictures\Documents\NetBeansProjects\University Management System\build\classes university.management.system.StudentLeave

Host: 11th Gen Intel(R) Core(TM) i5-1135G7 @ 2.40GHz, 8 cores, 7G,  Windows 11 , 64 bit Build 22621 (10.0.22621.1028)
Time: Tue Jan 10 19:33:34 2023 India Standard Time elapsed time: 1044.311792 seconds (0d 0h 17m 24s)

---------------  T H R E A D  ---------------

Current thread (0x0000029b47771c80):  JavaThread "C1 CompilerThread0" daemon [_thread_in_native, id=17248, stack(0x000000f37f800000,0x000000f37f900000)]


Current CompileTask:
C1:1044311 1005       3       java.security.AccessControlContext::
[error occurred during error reporting (printing current compile task), id 0xe0000001, Out of Memory Error (s\open\src\hotspot\share\memory\arena.cpp:184)]

Stack: [0x000000f37f800000,0x000000f37f900000]
Native frames: (J=compiled Java code, j=interpreted, Vv=VM code, C=native code)
V  [jvm.dll+0x6993ca]
V  [jvm.dll+0x7f481d]
V  [jvm.dll+0x7f612e]
V  [jvm.dll+0x7f67e3]
V  [jvm.dll+0x25cdaf]
V  [jvm.dll+0xb8c2f]
V  [jvm.dll+0xb8fa5]
V  [jvm.dll+0x761a2d]
V  [jvm.dll+0x64ef35]
V  [jvm.dll+0x243476]
V  [jvm.dll+0x2439f7]
V  [jvm.dll+0x7f46b8]
V  [jvm.dll+0x7f612e]
V  [jvm.dll+0x7f67e3]
V  [jvm.dll+0x25cdaf]
V  [jvm.dll+0xb8c2f]
V  [jvm.dll+0xb8fa5]
V  [jvm.dll+0x180017]
V  [jvm.dll+0x17e2f3]
V  [jvm.dll+0x1788d2]
V  [jvm.dll+0x17254e]
V  [jvm.dll+0x160490]
V  [jvm.dll+0x148f67]
V  [jvm.dll+0x1488cf]
V  [jvm.dll+0x148b26]
V  [jvm.dll+0x147f9a]
V  [jvm.dll+0x149c81]
V  [jvm.dll+0x23ec9a]
V  [jvm.dll+0x23cf85]
V  [jvm.dll+0x7a6e21]
V  [jvm.dll+0x7a125a]
V  [jvm.dll+0x698275]
C  [ucrtbase.dll+0x29363]
C  [KERNEL32.DLL+0x1247d]
C  [ntdll.dll+0x5dfb8]


---------------  P R O C E S S  ---------------

Threads class SMR info:
_java_thread_list=0x0000029b4c922d90, length=16, elements={
0x0000029b47752740, 0x0000029b47753400, 0x0000029b4776cd90, 0x0000029b4776d640,
0x0000029b4776def0, 0x0000029b4776e7a0, 0x0000029b4776f380, 0x0000029b47771c80,
0x0000029b4777c590, 0x0000029b4773d9b0, 0x0000029b4ba3bae0, 0x0000029b4bc3a450,
0x0000029b4bc01460, 0x0000029b4bb88e80, 0x0000029b4bcf7ab0, 0x0000029b2970dba0
}

Java Threads: ( => current thread )
  0x0000029b47752740 JavaThread "Reference Handler" daemon [_thread_blocked, id=29764, stack(0x000000f37f100000,0x000000f37f200000)]
  0x0000029b47753400 JavaThread "Finalizer" daemon [_thread_blocked, id=33260, stack(0x000000f37f200000,0x000000f37f300000)]
  0x0000029b4776cd90 JavaThread "Signal Dispatcher" daemon [_thread_blocked, id=31160, stack(0x000000f37f300000,0x000000f37f400000)]
  0x0000029b4776d640 JavaThread "Attach Listener" daemon [_thread_blocked, id=23228, stack(0x000000f37f400000,0x000000f37f500000)]
  0x0000029b4776def0 JavaThread "Service Thread" daemon [_thread_blocked, id=18304, stack(0x000000f37f500000,0x000000f37f600000)]
  0x0000029b4776e7a0 JavaThread "Monitor Deflation Thread" daemon [_thread_blocked, id=28828, stack(0x000000f37f600000,0x000000f37f700000)]
  0x0000029b4776f380 JavaThread "C2 CompilerThread0" daemon [_thread_in_vm, id=35348, stack(0x000000f37f700000,0x000000f37f800000)]
=>0x0000029b47771c80 JavaThread "C1 CompilerThread0" daemon [_thread_in_native, id=17248, stack(0x000000f37f800000,0x000000f37f900000)]
  0x0000029b4777c590 JavaThread "Sweeper thread" daemon [_thread_blocked, id=16500, stack(0x000000f37f900000,0x000000f37fa00000)]
  0x0000029b4773d9b0 JavaThread "Common-Cleaner" daemon [_thread_blocked, id=29476, stack(0x000000f37fa00000,0x000000f37fb00000)]
  0x0000029b4ba3bae0 JavaThread "Notification Thread" daemon [_thread_blocked, id=8564, stack(0x000000f37fb00000,0x000000f37fc00000)]
  0x0000029b4bc3a450 JavaThread "Java2D Disposer" daemon [_thread_blocked, id=9812, stack(0x000000f37fe00000,0x000000f37ff00000)]
  0x0000029b4bc01460 JavaThread "AWT-Shutdown" [_thread_blocked, id=9652, stack(0x000000f37ff00000,0x000000f380000000)]
  0x0000029b4bb88e80 JavaThread "AWT-Windows" daemon [_thread_in_native, id=5852, stack(0x000000f300000000,0x000000f300100000)]
  0x0000029b4bcf7ab0 JavaThread "AWT-EventQueue-0" [_thread_blocked, id=15992, stack(0x000000f300100000,0x000000f300200000)]
  0x0000029b2970dba0 JavaThread "DestroyJavaVM" [_thread_blocked, id=31976, stack(0x000000f37ea00000,0x000000f37eb00000)]

Other Threads:
  0x0000029b4774e680 VMThread "VM Thread" [stack: 0x000000f37f000000,0x000000f37f100000] [id=26932]
  0x0000029b4ba3c7c0 WatcherThread "VM Periodic Task Thread" [stack: 0x000000f37fc00000,0x000000f37fd00000] [id=29828]
  0x0000029b2976f330 WorkerThread "GC Thread#0" [stack: 0x000000f37eb00000,0x000000f37ec00000] [id=29912]
  0x0000029b2977f9f0 ConcurrentGCThread "G1 Main Marker" [stack: 0x000000f37ec00000,0x000000f37ed00000] [id=24228]
  0x0000029b297802f0 WorkerThread "G1 Conc#0" [stack: 0x000000f37ed00000,0x000000f37ee00000] [id=30652]
  0x0000029b47609560 ConcurrentGCThread "G1 Refine#0" [stack: 0x000000f37ee00000,0x000000f37ef00000] [id=25656]
  0x0000029b47609c20 ConcurrentGCThread "G1 Service" [stack: 0x000000f37ef00000,0x000000f37f000000] [id=11944]

Threads with active compile tasks:
C2 CompilerThread0  1044370 1006       4      
[error occurred during error reporting (printing all threads), id 0xe0000001, Out of Memory Error (s\open\src\hotspot\share\memory\arena.cpp:184)]

VM state: not at safepoint (normal execution)

VM Mutex/Monitor currently owned by a thread: None

Heap address: 0x0000000083c00000, size: 1988 MB, Compressed Oops mode: 32-bit

CDS archive(s) mapped at: [0x0000000800000000-0x0000000800ba0000-0x0000000800ba0000), size 12189696, SharedBaseAddress: 0x0000000800000000, ArchiveRelocationMode: 0.
Compressed class space mapped at: 0x0000000800c00000-0x0000000840c00000, reserved size: 1073741824
Narrow klass base: 0x0000000800000000, Narrow klass shift: 0, Narrow klass range: 0x100000000

GC Precious Log:
 CardTable entry size: 512
 Card Set container configuration: InlinePtr #cards 5 size 8 Array Of Cards #cards 12 size 40 Howl #buckets 4 coarsen threshold 1843 Howl Bitmap #cards 512 size 80 coarsen threshold 460 Card regions per heap region 1 cards per card region 2048
 CPUs: 8 total, 8 available
 Memory: 7948M
 Large Page Support: Disabled
 NUMA Support: Disabled
 Compressed Oops: Enabled (32-bit)
 Heap Region Size: 1M
 Heap Min Capacity: 8M
 Heap Initial Capacity: 126M
 Heap Max Capacity: 1988M
 Pre-touch: Disabled
 Parallel Workers: 8
 Concurrent Workers: 2
 Concurrent Refinement Workers: 8
 Periodic GC: Disabled

Heap:
 garbage-first heap   total 129024K, used 16384K [0x0000000083c00000, 0x0000000100000000)
  region size 1024K, 15 young (15360K), 0 survivors (0K)
 Metaspace       used 6386K, committed 6592K, reserved 1114112K
  class space    used 656K, committed 768K, reserved 1048576K

Heap Regions: E=young(eden), S=young(survivor), O=old, HS=humongous(starts), HC=humongous(continues), CS=collection set, F=free, OA=open archive, CA=closed archive, TAMS=top-at-mark-start (previous, next)
|   0|0x0000000083c00000, 0x0000000083d00000, 0x0000000083d00000|100%|HS|  |TAMS 0x0000000083c00000, 0x0000000083c00000| Complete 
|   1|0x0000000083d00000, 0x0000000083e00000, 0x0000000083e00000|100%|HC|  |TAMS 0x0000000083d00000, 0x0000000083d00000| Complete 
|   2|0x0000000083e00000, 0x0000000083e00000, 0x0000000083f00000|  0%| F|  |TAMS 0x0000000083e00000, 0x0000000083e00000| Untracked 
|   3|0x0000000083f00000, 0x0000000083f00000, 0x0000000084000000|  0%| F|  |TAMS 0x0000000083f00000, 0x0000000083f00000| Untracked 
|   4|0x0000000084000000, 0x0000000084000000, 0x0000000084100000|  0%| F|  |TAMS 0x0000000084000000, 0x0000000084000000| Untracked 
|   5|0x0000000084100000, 0x0000000084100000, 0x0000000084200000|  0%| F|  |TAMS 0x0000000084100000, 0x0000000084100000| Untracked 
|   6|0x0000000084200000, 0x0000000084200000, 0x0000000084300000|  0%| F|  |TAMS 0x0000000084200000, 0x0000000084200000| Untracked 
|   7|0x0000000084300000, 0x0000000084300000, 0x0000000084400000|  0%| F|  |TAMS 0x0000000084300000, 0x0000000084300000| Untracked 
|   8|0x0000000084400000, 0x0000000084400000, 0x0000000084500000|  0%| F|  |TAMS 0x0000000084400000, 0x0000000084400000| Untracked 
|   9|0x0000000084500000, 0x0000000084500000, 0x0000000084600000|  0%| F|  |TAMS 0x0000000084500000, 0x0000000084500000| Untracked 
|  10|0x0000000084600000, 0x0000000084600000, 0x0000000084700000|  0%| F|  |TAMS 0x0000000084600000, 0x0000000084600000| Untracked 
|  11|0x0000000084700000, 0x0000000084700000, 0x0000000084800000|  0%| F|  |TAMS 0x0000000084700000, 0x0000000084700000| Untracked 
|  12|0x0000000084800000, 0x0000000084800000, 0x0000000084900000|  0%| F|  |TAMS 0x0000000084800000, 0x0000000084800000| Untracked 
|  13|0x0000000084900000, 0x0000000084900000, 0x0000000084a00000|  0%| F|  |TAMS 0x0000000084900000, 0x0000000084900000| Untracked 
|  14|0x0000000084a00000, 0x0000000084a00000, 0x0000000084b00000|  0%| F|  |TAMS 0x0000000084a00000, 0x0000000084a00000| Untracked 
|  15|0x0000000084b00000, 0x0000000084b00000, 0x0000000084c00000|  0%| F|  |TAMS 0x0000000084b00000, 0x0000000084b00000| Untracked 
|  16|0x0000000084c00000, 0x0000000084c00000, 0x0000000084d00000|  0%| F|  |TAMS 0x0000000084c00000, 0x0000000084c00000| Untracked 
|  17|0x0000000084d00000, 0x0000000084d00000, 0x0000000084e00000|  0%| F|  |TAMS 0x0000000084d00000, 0x0000000084d00000| Untracked 
|  18|0x0000000084e00000, 0x0000000084e00000, 0x0000000084f00000|  0%| F|  |TAMS 0x0000000084e00000, 0x0000000084e00000| Untracked 
|  19|0x0000000084f00000, 0x0000000084f00000, 0x0000000085000000|  0%| F|  |TAMS 0x0000000084f00000, 0x0000000084f00000| Untracked 
|  20|0x0000000085000000, 0x0000000085000000, 0x0000000085100000|  0%| F|  |TAMS 0x0000000085000000, 0x0000000085000000| Untracked 
|  21|0x0000000085100000, 0x0000000085100000, 0x0000000085200000|  0%| F|  |TAMS 0x0000000085100000, 0x0000000085100000| Untracked 
|  22|0x0000000085200000, 0x0000000085200000, 0x0000000085300000|  0%| F|  |TAMS 0x0000000085200000, 0x0000000085200000| Untracked 
|  23|0x0000000085300000, 0x0000000085300000, 0x0000000085400000|  0%| F|  |TAMS 0x0000000085300000, 0x0000000085300000| Untracked 
|  24|0x0000000085400000, 0x0000000085400000, 0x0000000085500000|  0%| F|  |TAMS 0x0000000085400000, 0x0000000085400000| Untracked 
|  25|0x0000000085500000, 0x0000000085500000, 0x0000000085600000|  0%| F|  |TAMS 0x0000000085500000, 0x0000000085500000| Untracked 
|  26|0x0000000085600000, 0x0000000085600000, 0x0000000085700000|  0%| F|  |TAMS 0x0000000085600000, 0x0000000085600000| Untracked 
|  27|0x0000000085700000, 0x0000000085700000, 0x0000000085800000|  0%| F|  |TAMS 0x0000000085700000, 0x0000000085700000| Untracked 
|  28|0x0000000085800000, 0x0000000085800000, 0x0000000085900000|  0%| F|  |TAMS 0x0000000085800000, 0x0000000085800000| Untracked 
|  29|0x0000000085900000, 0x0000000085900000, 0x0000000085a00000|  0%| F|  |TAMS 0x0000000085900000, 0x0000000085900000| Untracked 
|  30|0x0000000085a00000, 0x0000000085a00000, 0x0000000085b00000|  0%| F|  |TAMS 0x0000000085a00000, 0x0000000085a00000| Untracked 
|  31|0x0000000085b00000, 0x0000000085b00000, 0x0000000085c00000|  0%| F|  |TAMS 0x0000000085b00000, 0x0000000085b00000| Untracked 
|  32|0x0000000085c00000, 0x0000000085c00000, 0x0000000085d00000|  0%| F|  |TAMS 0x0000000085c00000, 0x0000000085c00000| Untracked 
|  33|0x0000000085d00000, 0x0000000085d00000, 0x0000000085e00000|  0%| F|  |TAMS 0x0000000085d00000, 0x0000000085d00000| Untracked 
|  34|0x0000000085e00000, 0x0000000085e00000, 0x0000000085f00000|  0%| F|  |TAMS 0x0000000085e00000, 0x0000000085e00000| Untracked 
|  35|0x0000000085f00000, 0x0000000085f00000, 0x0000000086000000|  0%| F|  |TAMS 0x0000000085f00000, 0x0000000085f00000| Untracked 
|  36|0x0000000086000000, 0x0000000086000000, 0x0000000086100000|  0%| F|  |TAMS 0x0000000086000000, 0x0000000086000000| Untracked 
|  37|0x0000000086100000, 0x0000000086100000, 0x0000000086200000|  0%| F|  |TAMS 0x0000000086100000, 0x0000000086100000| Untracked 
|  38|0x0000000086200000, 0x0000000086200000, 0x0000000086300000|  0%| F|  |TAMS 0x0000000086200000, 0x0000000086200000| Untracked 
|  39|0x0000000086300000, 0x0000000086300000, 0x0000000086400000|  0%| F|  |TAMS 0x0000000086300000, 0x0000000086300000| Untracked 
|  40|0x0000000086400000, 0x0000000086400000, 0x0000000086500000|  0%| F|  |TAMS 0x0000000086400000, 0x0000000086400000| Untracked 
|  41|0x0000000086500000, 0x0000000086500000, 0x0000000086600000|  0%| F|  |TAMS 0x0000000086500000, 0x0000000086500000| Untracked 
|  42|0x0000000086600000, 0x0000000086600000, 0x0000000086700000|  0%| F|  |TAMS 0x0000000086600000, 0x0000000086600000| Untracked 
|  43|0x0000000086700000, 0x0000000086700000, 0x0000000086800000|  0%| F|  |TAMS 0x0000000086700000, 0x0000000086700000| Untracked 
|  44|0x0000000086800000, 0x0000000086800000, 0x0000000086900000|  0%| F|  |TAMS 0x0000000086800000, 0x0000000086800000| Untracked 
|  45|0x0000000086900000, 0x0000000086900000, 0x0000000086a00000|  0%| F|  |TAMS 0x0000000086900000, 0x0000000086900000| Untracked 
|  46|0x0000000086a00000, 0x0000000086a00000, 0x0000000086b00000|  0%| F|  |TAMS 0x0000000086a00000, 0x0000000086a00000| Untracked 
|  47|0x0000000086b00000, 0x0000000086b00000, 0x0000000086c00000|  0%| F|  |TAMS 0x0000000086b00000, 0x0000000086b00000| Untracked 
|  48|0x0000000086c00000, 0x0000000086c00000, 0x0000000086d00000|  0%| F|  |TAMS 0x0000000086c00000, 0x0000000086c00000| Untracked 
|  49|0x0000000086d00000, 0x0000000086d00000, 0x0000000086e00000|  0%| F|  |TAMS 0x0000000086d00000, 0x0000000086d00000| Untracked 
|  50|0x0000000086e00000, 0x0000000086e00000, 0x0000000086f00000|  0%| F|  |TAMS 0x0000000086e00000, 0x0000000086e00000| Untracked 
|  51|0x0000000086f00000, 0x0000000086f00000, 0x0000000087000000|  0%| F|  |TAMS 0x0000000086f00000, 0x0000000086f00000| Untracked 
|  52|0x0000000087000000, 0x0000000087000000, 0x0000000087100000|  0%| F|  |TAMS 0x0000000087000000, 0x0000000087000000| Untracked 
|  53|0x0000000087100000, 0x0000000087100000, 0x0000000087200000|  0%| F|  |TAMS 0x0000000087100000, 0x0000000087100000| Untracked 
|  54|0x0000000087200000, 0x0000000087200000, 0x0000000087300000|  0%| F|  |TAMS 0x0000000087200000, 0x0000000087200000| Untracked 
|  55|0x0000000087300000, 0x0000000087300000, 0x0000000087400000|  0%| F|  |TAMS 0x0000000087300000, 0x0000000087300000| Untracked 
|  56|0x0000000087400000, 0x0000000087400000, 0x0000000087500000|  0%| F|  |TAMS 0x0000000087400000, 0x0000000087400000| Untracked 
|  57|0x0000000087500000, 0x0000000087500000, 0x0000000087600000|  0%| F|  |TAMS 0x0000000087500000, 0x0000000087500000| Untracked 
|  58|0x0000000087600000, 0x0000000087600000, 0x0000000087700000|  0%| F|  |TAMS 0x0000000087600000, 0x0000000087600000| Untracked 
|  59|0x0000000087700000, 0x0000000087700000, 0x0000000087800000|  0%| F|  |TAMS 0x0000000087700000, 0x0000000087700000| Untracked 
|  60|0x0000000087800000, 0x0000000087800000, 0x0000000087900000|  0%| F|  |TAMS 0x0000000087800000, 0x0000000087800000| Untracked 
|  61|0x0000000087900000, 0x0000000087900000, 0x0000000087a00000|  0%| F|  |TAMS 0x0000000087900000, 0x0000000087900000| Untracked 
|  62|0x0000000087a00000, 0x0000000087a00000, 0x0000000087b00000|  0%| F|  |TAMS 0x0000000087a00000, 0x0000000087a00000| Untracked 
|  63|0x0000000087b00000, 0x0000000087b00000, 0x0000000087c00000|  0%| F|  |TAMS 0x0000000087b00000, 0x0000000087b00000| Untracked 
|  64|0x0000000087c00000, 0x0000000087c00000, 0x0000000087d00000|  0%| F|  |TAMS 0x0000000087c00000, 0x0000000087c00000| Untracked 
|  65|0x0000000087d00000, 0x0000000087d00000, 0x0000000087e00000|  0%| F|  |TAMS 0x0000000087d00000, 0x0000000087d00000| Untracked 
|  66|0x0000000087e00000, 0x0000000087e00000, 0x0000000087f00000|  0%| F|  |TAMS 0x0000000087e00000, 0x0000000087e00000| Untracked 
|  67|0x0000000087f00000, 0x0000000087f00000, 0x0000000088000000|  0%| F|  |TAMS 0x0000000087f00000, 0x0000000087f00000| Untracked 
|  68|0x0000000088000000, 0x0000000088000000, 0x0000000088100000|  0%| F|  |TAMS 0x0000000088000000, 0x0000000088000000| Untracked 
|  69|0x0000000088100000, 0x0000000088100000, 0x0000000088200000|  0%| F|  |TAMS 0x0000000088100000, 0x0000000088100000| Untracked 
|  70|0x0000000088200000, 0x0000000088200000, 0x0000000088300000|  0%| F|  |TAMS 0x0000000088200000, 0x0000000088200000| Untracked 
|  71|0x0000000088300000, 0x0000000088300000, 0x0000000088400000|  0%| F|  |TAMS 0x0000000088300000, 0x0000000088300000| Untracked 
|  72|0x0000000088400000, 0x0000000088400000, 0x0000000088500000|  0%| F|  |TAMS 0x0000000088400000, 0x0000000088400000| Untracked 
|  73|0x0000000088500000, 0x0000000088500000, 0x0000000088600000|  0%| F|  |TAMS 0x0000000088500000, 0x0000000088500000| Untracked 
|  74|0x0000000088600000, 0x0000000088600000, 0x0000000088700000|  0%| F|  |TAMS 0x0000000088600000, 0x0000000088600000| Untracked 
|  75|0x0000000088700000, 0x0000000088700000, 0x0000000088800000|  0%| F|  |TAMS 0x0000000088700000, 0x0000000088700000| Untracked 
|  76|0x0000000088800000, 0x0000000088800000, 0x0000000088900000|  0%| F|  |TAMS 0x0000000088800000, 0x0000000088800000| Untracked 
|  77|0x0000000088900000, 0x0000000088900000, 0x0000000088a00000|  0%| F|  |TAMS 0x0000000088900000, 0x0000000088900000| Untracked 
|  78|0x0000000088a00000, 0x0000000088a00000, 0x0000000088b00000|  0%| F|  |TAMS 0x0000000088a00000, 0x0000000088a00000| Untracked 
|  79|0x0000000088b00000, 0x0000000088b00000, 0x0000000088c00000|  0%| F|  |TAMS 0x0000000088b00000, 0x0000000088b00000| Untracked 
|  80|0x0000000088c00000, 0x0000000088c00000, 0x0000000088d00000|  0%| F|  |TAMS 0x0000000088c00000, 0x0000000088c00000| Untracked 
|  81|0x0000000088d00000, 0x0000000088d00000, 0x0000000088e00000|  0%| F|  |TAMS 0x0000000088d00000, 0x0000000088d00000| Untracked 
|  82|0x0000000088e00000, 0x0000000088e00000, 0x0000000088f00000|  0%| F|  |TAMS 0x0000000088e00000, 0x0000000088e00000| Untracked 
|  83|0x0000000088f00000, 0x0000000088f00000, 0x0000000089000000|  0%| F|  |TAMS 0x0000000088f00000, 0x0000000088f00000| Untracked 
|  84|0x0000000089000000, 0x0000000089000000, 0x0000000089100000|  0%| F|  |TAMS 0x0000000089000000, 0x0000000089000000| Untracked 
|  85|0x0000000089100000, 0x0000000089100000, 0x0000000089200000|  0%| F|  |TAMS 0x0000000089100000, 0x0000000089100000| Untracked 
|  86|0x0000000089200000, 0x0000000089200000, 0x0000000089300000|  0%| F|  |TAMS 0x0000000089200000, 0x0000000089200000| Untracked 
|  87|0x0000000089300000, 0x0000000089300000, 0x0000000089400000|  0%| F|  |TAMS 0x0000000089300000, 0x0000000089300000| Untracked 
|  88|0x0000000089400000, 0x0000000089400000, 0x0000000089500000|  0%| F|  |TAMS 0x0000000089400000, 0x0000000089400000| Untracked 
|  89|0x0000000089500000, 0x0000000089500000, 0x0000000089600000|  0%| F|  |TAMS 0x0000000089500000, 0x0000000089500000| Untracked 
|  90|0x0000000089600000, 0x0000000089600000, 0x0000000089700000|  0%| F|  |TAMS 0x0000000089600000, 0x0000000089600000| Untracked 
|  91|0x0000000089700000, 0x0000000089700000, 0x0000000089800000|  0%| F|  |TAMS 0x0000000089700000, 0x0000000089700000| Untracked 
|  92|0x0000000089800000, 0x0000000089800000, 0x0000000089900000|  0%| F|  |TAMS 0x0000000089800000, 0x0000000089800000| Untracked 
|  93|0x0000000089900000, 0x0000000089900000, 0x0000000089a00000|  0%| F|  |TAMS 0x0000000089900000, 0x0000000089900000| Untracked 
|  94|0x0000000089a00000, 0x0000000089a00000, 0x0000000089b00000|  0%| F|  |TAMS 0x0000000089a00000, 0x0000000089a00000| Untracked 
|  95|0x0000000089b00000, 0x0000000089b00000, 0x0000000089c00000|  0%| F|  |TAMS 0x0000000089b00000, 0x0000000089b00000| Untracked 
|  96|0x0000000089c00000, 0x0000000089c00000, 0x0000000089d00000|  0%| F|  |TAMS 0x0000000089c00000, 0x0000000089c00000| Untracked 
|  97|0x0000000089d00000, 0x0000000089d00000, 0x0000000089e00000|  0%| F|  |TAMS 0x0000000089d00000, 0x0000000089d00000| Untracked 
|  98|0x0000000089e00000, 0x0000000089e00000, 0x0000000089f00000|  0%| F|  |TAMS 0x0000000089e00000, 0x0000000089e00000| Untracked 
|  99|0x0000000089f00000, 0x0000000089f00000, 0x000000008a000000|  0%| F|  |TAMS 0x0000000089f00000, 0x0000000089f00000| Untracked 
| 100|0x000000008a000000, 0x000000008a000000, 0x000000008a100000|  0%| F|  |TAMS 0x000000008a000000, 0x000000008a000000| Untracked 
| 101|0x000000008a100000, 0x000000008a100000, 0x000000008a200000|  0%| F|  |TAMS 0x000000008a100000, 0x000000008a100000| Untracked 
| 102|0x000000008a200000, 0x000000008a200000, 0x000000008a300000|  0%| F|  |TAMS 0x000000008a200000, 0x000000008a200000| Untracked 
| 103|0x000000008a300000, 0x000000008a300000, 0x000000008a400000|  0%| F|  |TAMS 0x000000008a300000, 0x000000008a300000| Untracked 
| 104|0x000000008a400000, 0x000000008a400000, 0x000000008a500000|  0%| F|  |TAMS 0x000000008a400000, 0x000000008a400000| Untracked 
| 105|0x000000008a500000, 0x000000008a500000, 0x000000008a600000|  0%| F|  |TAMS 0x000000008a500000, 0x000000008a500000| Untracked 
| 106|0x000000008a600000, 0x000000008a600000, 0x000000008a700000|  0%| F|  |TAMS 0x000000008a600000, 0x000000008a600000| Untracked 
| 107|0x000000008a700000, 0x000000008a700000, 0x000000008a800000|  0%| F|  |TAMS 0x000000008a700000, 0x000000008a700000| Untracked 
| 108|0x000000008a800000, 0x000000008a800000, 0x000000008a900000|  0%| F|  |TAMS 0x000000008a800000, 0x000000008a800000| Untracked 
| 109|0x000000008a900000, 0x000000008a900000, 0x000000008aa00000|  0%| F|  |TAMS 0x000000008a900000, 0x000000008a900000| Untracked 
| 110|0x000000008aa00000, 0x000000008aa00000, 0x000000008ab00000|  0%| F|  |TAMS 0x000000008aa00000, 0x000000008aa00000| Untracked 
| 111|0x000000008ab00000, 0x000000008abecfe8, 0x000000008ac00000| 92%| E|  |TAMS 0x000000008ab00000, 0x000000008ab00000| Complete 
| 112|0x000000008ac00000, 0x000000008ad00000, 0x000000008ad00000|100%| E|CS|TAMS 0x000000008ac00000, 0x000000008ac00000| Complete 
| 113|0x000000008ad00000, 0x000000008ae00000, 0x000000008ae00000|100%| E|CS|TAMS 0x000000008ad00000, 0x000000008ad00000| Complete 
| 114|0x000000008ae00000, 0x000000008af00000, 0x000000008af00000|100%| E|CS|TAMS 0x000000008ae00000, 0x000000008ae00000| Complete 
| 115|0x000000008af00000, 0x000000008b000000, 0x000000008b000000|100%| E|CS|TAMS 0x000000008af00000, 0x000000008af00000| Complete 
| 116|0x000000008b000000, 0x000000008b100000, 0x000000008b100000|100%| E|CS|TAMS 0x000000008b000000, 0x000000008b000000| Complete 
| 117|0x000000008b100000, 0x000000008b200000, 0x000000008b200000|100%| E|CS|TAMS 0x000000008b100000, 0x000000008b100000| Complete 
| 118|0x000000008b200000, 0x000000008b300000, 0x000000008b300000|100%| E|CS|TAMS 0x000000008b200000, 0x000000008b200000| Complete 
| 119|0x000000008b300000, 0x000000008b400000, 0x000000008b400000|100%| E|CS|TAMS 0x000000008b300000, 0x000000008b300000| Complete 
| 120|0x000000008b400000, 0x000000008b500000, 0x000000008b500000|100%| E|CS|TAMS 0x000000008b400000, 0x000000008b400000| Complete 
| 121|0x000000008b500000, 0x000000008b600000, 0x000000008b600000|100%| E|CS|TAMS 0x000000008b500000, 0x000000008b500000| Complete 
| 122|0x000000008b600000, 0x000000008b700000, 0x000000008b700000|100%| E|CS|TAMS 0x000000008b600000, 0x000000008b600000| Complete 
| 123|0x000000008b700000, 0x000000008b800000, 0x000000008b800000|100%| E|CS|TAMS 0x000000008b700000, 0x000000008b700000| Complete 
| 124|0x000000008b800000, 0x000000008b900000, 0x000000008b900000|100%| E|CS|TAMS 0x000000008b800000, 0x000000008b800000| Complete 
| 125|0x000000008b900000, 0x000000008ba00000, 0x000000008ba00000|100%| E|CS|TAMS 0x000000008b900000, 0x000000008b900000| Complete 

Card table byte_map: [0x0000029b40760000,0x0000029b40b50000] _byte_map_base: 0x0000029b40342000

Marking Bits (Prev, Next): (CMBitMap*) 0x0000029b2976f840, (CMBitMap*) 0x0000029b2976f880
 Prev Bits: [0x0000029b40f40000, 0x0000029b42e50000)
 Next Bits: [0x0000029b42e50000, 0x0000029b44d60000)

Polling page: 0x0000029b27630000

Metaspace:

Usage:
  Non-class:      5.60 MB used.
      Class:    656.45 KB used.
       Both:      6.24 MB used.

Virtual space:
  Non-class space:       64.00 MB reserved,       5.69 MB (  9%) committed,  1 nodes.
      Class space:        1.00 GB reserved,     768.00 KB ( <1%) committed,  1 nodes.
             Both:        1.06 GB reserved,       6.44 MB ( <1%) committed. 

Chunk freelists:
   Non-Class:  2.14 MB
       Class:  3.24 MB
        Both:  5.38 MB

MaxMetaspaceSize: unlimited
CompressedClassSpaceSize: 1.00 GB
Initial GC threshold: 21.00 MB
Current GC threshold: 21.00 MB
CDS: on
MetaspaceReclaimPolicy: balanced
 - commit_granule_bytes: 65536.
 - commit_granule_words: 8192.
 - virtual_space_node_default_size: 8388608.
 - enlarge_chunks_in_place: 1.
 - new_chunks_are_fully_committed: 0.
 - uncommit_free_chunks: 1.
 - use_allocation_guard: 0.


Internal statistics:

num_allocs_failed_limit: 0.
num_arena_births: 114.
num_arena_deaths: 0.
num_vsnodes_births: 2.
num_vsnodes_deaths: 0.
num_space_committed: 103.
num_space_uncommitted: 0.
num_chunks_returned_to_freelist: 0.
num_chunks_taken_from_freelist: 157.
num_chunk_merges: 0.
num_chunk_splits: 85.
num_chunks_enlarged: 22.
num_inconsistent_stats: 0.

CodeHeap 'non-profiled nmethods': size=120000Kb used=312Kb max_used=312Kb free=119687Kb
 bounds [0x0000029b38b10000, 0x0000029b38d80000, 0x0000029b40040000]
CodeHeap 'profiled nmethods': size=120000Kb used=1550Kb max_used=1550Kb free=118449Kb
 bounds [0x0000029b315e0000, 0x0000029b31850000, 0x0000029b38b10000]
CodeHeap 'non-nmethods': size=5760Kb used=1269Kb max_used=1299Kb free=4491Kb
 bounds [0x0000029b31040000, 0x0000029b312b0000, 0x0000029b315e0000]
 total_blobs=1570 nmethods=1004 adapters=479
 compilation: enabled
              stopped_count=0, restarted_count=0
 full_count=0

Compilation events (20 events):
Event: 1.625 Thread 0x0000029b47771c80 nmethod 995 0x0000029b38b5da90 code [0x0000029b38b5dc20, 0x0000029b38b5dcf8]
Event: 1.633 Thread 0x0000029b47771c80  996       1       java.util.concurrent.locks.AbstractQueuedSynchronizer::setState (6 bytes)
Event: 1.633 Thread 0x0000029b47771c80 nmethod 996 0x0000029b38b5dd90 code [0x0000029b38b5df20, 0x0000029b38b5dff8]
Event: 1.639 Thread 0x0000029b47771c80  997       3       sun.awt.AWTAutoShutdown::getInstance (4 bytes)
Event: 1.639 Thread 0x0000029b47771c80 nmethod 997 0x0000029b31760f10 code [0x0000029b317610a0, 0x0000029b31761198]
Event: 1.639 Thread 0x0000029b47771c80  998       3       java.util.ArrayList::get (15 bytes)
Event: 1.639 Thread 0x0000029b47771c80 nmethod 998 0x0000029b31761210 code [0x0000029b317613c0, 0x0000029b31761618]
Event: 1.646 Thread 0x0000029b47771c80  999       1       java.lang.Boolean::booleanValue (5 bytes)
Event: 1.646 Thread 0x0000029b47771c80 nmethod 999 0x0000029b38b5e090 code [0x0000029b38b5e220, 0x0000029b38b5e2f8]
Event: 1.661 Thread 0x0000029b47771c80 1000       3       sun.awt.AWTAutoShutdown::isReadyToShutdown (37 bytes)
Event: 1.661 Thread 0x0000029b47771c80 nmethod 1000 0x0000029b31761790 code [0x0000029b31761940, 0x0000029b31761cb8]
Event: 1.661 Thread 0x0000029b47771c80 1001       3       java.util.IdentityHashMap::isEmpty (13 bytes)
Event: 1.661 Thread 0x0000029b47771c80 nmethod 1001 0x0000029b31761d90 code [0x0000029b31761f20, 0x0000029b31762098]
Event: 2.171 Thread 0x0000029b47771c80 1002       3       java.awt.Component::inside (30 bytes)
Event: 2.171 Thread 0x0000029b47771c80 nmethod 1002 0x0000029b31762110 code [0x0000029b317622a0, 0x0000029b317624b8]
Event: 2.171 Thread 0x0000029b47771c80 1003   !   3       sun.awt.AWTAutoShutdown::setToolkitBusy (124 bytes)
Event: 2.172 Thread 0x0000029b47771c80 nmethod 1003 0x0000029b31762590 code [0x0000029b317627a0, 0x0000029b31762d88]
Event: 2.179 Thread 0x0000029b47771c80 1004       3       javax.swing.JComponent::contains (27 bytes)
Event: 2.179 Thread 0x0000029b47771c80 nmethod 1004 0x0000029b31763090 code [0x0000029b31763260, 0x0000029b317638f8]
Event: 1044.303 Thread 0x0000029b47771c80 1005       3       java.security.AccessControlContext::optimize (319 bytes)

GC Heap History (0 events):
No events

Deoptimization events (20 events):
Event: 0.312 Thread 0x0000029b4bcf7ab0 Uncommon trap: trap_request=0xffffff45 fr.pc=0x0000029b38b40400 relative=0x00000000000004c0
Event: 0.312 Thread 0x0000029b4bcf7ab0 Uncommon trap: reason=unstable_if action=reinterpret pc=0x0000029b38b40400 method=java.lang.StringLatin1.toLowerCase(Ljava/lang/String;[BLjava/util/Locale;)Ljava/lang/String; @ 43 c2
Event: 0.312 Thread 0x0000029b4bcf7ab0 DEOPT PACKING pc=0x0000029b38b40400 sp=0x000000f3001fd370
Event: 0.312 Thread 0x0000029b4bcf7ab0 DEOPT UNPACKING pc=0x0000029b31095c23 sp=0x000000f3001fd2e0 mode 2
Event: 0.378 Thread 0x0000029b4bcf7ab0 DEOPT PACKING pc=0x0000029b315f6067 sp=0x000000f3001fc9a0
Event: 0.378 Thread 0x0000029b4bcf7ab0 DEOPT UNPACKING pc=0x0000029b31096763 sp=0x000000f3001fbdc0 mode 0
Event: 0.412 Thread 0x0000029b4bcf7ab0 Uncommon trap: trap_request=0xffffff45 fr.pc=0x0000029b38b1a134 relative=0x0000000000000094
Event: 0.412 Thread 0x0000029b4bcf7ab0 Uncommon trap: reason=unstable_if action=reinterpret pc=0x0000029b38b1a134 method=java.lang.String.isLatin1()Z @ 10 c2
Event: 0.413 Thread 0x0000029b4bcf7ab0 DEOPT PACKING pc=0x0000029b38b1a134 sp=0x000000f3001fd170
Event: 0.413 Thread 0x0000029b4bcf7ab0 DEOPT UNPACKING pc=0x0000029b31095c23 sp=0x000000f3001fd0a0 mode 2
Event: 0.420 Thread 0x0000029b4bcf7ab0 DEOPT PACKING pc=0x0000029b315e7cd1 sp=0x000000f3001fcdb0
Event: 0.420 Thread 0x0000029b4bcf7ab0 DEOPT UNPACKING pc=0x0000029b31096763 sp=0x000000f3001fc228 mode 0
Event: 0.426 Thread 0x0000029b4bcf7ab0 Uncommon trap: trap_request=0xffffff45 fr.pc=0x0000029b38b4f834 relative=0x0000000000000374
Event: 0.426 Thread 0x0000029b4bcf7ab0 Uncommon trap: reason=unstable_if action=reinterpret pc=0x0000029b38b4f834 method=java.lang.Character.isSurrogate(C)Z @ 3 c2
Event: 0.426 Thread 0x0000029b4bcf7ab0 DEOPT PACKING pc=0x0000029b38b4f834 sp=0x000000f3001fce50
Event: 0.426 Thread 0x0000029b4bcf7ab0 DEOPT UNPACKING pc=0x0000029b31095c23 sp=0x000000f3001fcd68 mode 2
Event: 0.468 Thread 0x0000029b4bcf7ab0 Uncommon trap: trap_request=0xffffffde fr.pc=0x0000029b38b410c0 relative=0x0000000000000280
Event: 0.468 Thread 0x0000029b4bcf7ab0 Uncommon trap: reason=class_check action=maybe_recompile pc=0x0000029b38b410c0 method=java.util.HashMap.getNode(Ljava/lang/Object;)Ljava/util/HashMap$Node; @ 63 c2
Event: 0.468 Thread 0x0000029b4bcf7ab0 DEOPT PACKING pc=0x0000029b38b410c0 sp=0x000000f3001fd840
Event: 0.468 Thread 0x0000029b4bcf7ab0 DEOPT UNPACKING pc=0x0000029b31095c23 sp=0x000000f3001fd7a8 mode 2

Classes loaded (20 events):
Event: 0.490 Loading class java/text/AttributedCharacterIterator done
Event: 0.490 Loading class java/text/AttributedString$AttributedStringIterator done
Event: 0.500 Loading class java/util/concurrent/locks/AbstractQueuedSynchronizer$ConditionNode
Event: 0.500 Loading class java/util/concurrent/ForkJoinPool$ManagedBlocker
Event: 0.501 Loading class java/util/concurrent/ForkJoinPool$ManagedBlocker done
Event: 0.501 Loading class java/util/concurrent/locks/AbstractQueuedSynchronizer$Node
Event: 0.501 Loading class java/util/concurrent/locks/AbstractQueuedSynchronizer$Node done
Event: 0.501 Loading class java/util/concurrent/locks/AbstractQueuedSynchronizer$ConditionNode done
Event: 1.611 Loading class java/util/concurrent/locks/AbstractQueuedSynchronizer$ExclusiveNode
Event: 1.611 Loading class java/util/concurrent/locks/AbstractQueuedSynchronizer$ExclusiveNode done
Event: 3.388 Loading class java/awt/KeyboardFocusManager$2
Event: 3.388 Loading class java/awt/KeyboardFocusManager$2 done
Event: 3.388 Loading class sun/awt/SunToolkit$1
Event: 3.388 Loading class sun/awt/SunToolkit$1 done
Event: 1044.297 Loading class java/util/WeakHashMap$KeyIterator
Event: 1044.298 Loading class java/util/WeakHashMap$HashIterator
Event: 1044.298 Loading class java/util/WeakHashMap$HashIterator done
Event: 1044.298 Loading class java/util/WeakHashMap$KeyIterator done
Event: 1044.303 Loading class javax/swing/RepaintManager$DisplayChangedRunnable
Event: 1044.303 Loading class javax/swing/RepaintManager$DisplayChangedRunnable done

Classes unloaded (0 events):
No events

Classes redefined (0 events):
No events

Internal exceptions (16 events):
Event: 0.056 Thread 0x0000029b2970dba0 Exception <a 'sun/nio/fs/WindowsException'{0x000000008b837090}> (0x000000008b837090) 
thrown [s\open\src\hotspot\share\prims\jni.cpp, line 516]
Event: 0.056 Thread 0x0000029b2970dba0 Exception <a 'sun/nio/fs/WindowsException'{0x000000008b837698}> (0x000000008b837698) 
thrown [s\open\src\hotspot\share\prims\jni.cpp, line 516]
Event: 0.057 Thread 0x0000029b2970dba0 Exception <a 'sun/nio/fs/WindowsException'{0x000000008b839dd8}> (0x000000008b839dd8) 
thrown [s\open\src\hotspot\share\prims\jni.cpp, line 516]
Event: 0.057 Thread 0x0000029b2970dba0 Exception <a 'sun/nio/fs/WindowsException'{0x000000008b83aa38}> (0x000000008b83aa38) 
thrown [s\open\src\hotspot\share\prims\jni.cpp, line 516]
Event: 0.084 Thread 0x0000029b2970dba0 Exception <a 'java/lang/ClassNotFoundException'{0x000000008b700990}: sun/awt/resources/spi/awtProvider> (0x000000008b700990) 
thrown [s\open\src\hotspot\share\classfile\systemDictionary.cpp, line 255]
Event: 0.100 Thread 0x0000029b2970dba0 Exception <a 'java/io/FileNotFoundException'{0x000000008b754230}> (0x000000008b754230) 
thrown [s\open\src\hotspot\share\prims\jni.cpp, line 516]
Event: 0.104 Thread 0x0000029b2970dba0 Exception <a 'java/io/FileNotFoundException'{0x000000008b781470}> (0x000000008b781470) 
thrown [s\open\src\hotspot\share\prims\jni.cpp, line 516]
Event: 0.135 Thread 0x0000029b2970dba0 Exception <a 'java/lang/NoSuchMethodError'{0x000000008b7c59f0}: 'java.lang.Object java.lang.invoke.DirectMethodHandle$Holder.invokeStaticInit(java.lang.Object)'> (0x000000008b7c59f0) 
thrown [s\open\src\hotspot\share\interpreter\linkResolver.cpp, line 759]
Event: 0.163 Thread 0x0000029b2970dba0 Exception <a 'java/lang/NoSuchMethodError'{0x000000008b6999e0}: 'void java.lang.invoke.DirectMethodHandle$Holder.invokeSpecial(java.lang.Object, java.lang.Object, java.lang.Object)'> (0x000000008b6999e0) 
thrown [s\open\src\hotspot\share\interpreter\linkResolver.cpp, line 759]
Event: 0.171 Thread 0x0000029b2970dba0 Exception <a 'java/lang/NoSuchMethodError'{0x000000008b6c4ad0}: 'java.lang.Object java.lang.invoke.DirectMethodHandle$Holder.newInvokeSpecial(java.lang.Object, java.lang.Object, java.lang.Object, java.lang.Object, java.lang.Object)'> (0x000000008b6c4ad0) 
thrown [s\open\src\hotspot\share\interpreter\linkResolver.cpp, line 759]
Event: 0.178 Thread 0x0000029b2970dba0 Exception <a 'java/lang/NoSuchMethodError'{0x000000008b6f68c8}: 'java.lang.Object java.lang.invoke.DirectMethodHandle$Holder.invokeStatic(java.lang.Object, int, java.lang.Object)'> (0x000000008b6f68c8) 
thrown [s\open\src\hotspot\share\interpreter\linkResolver.cpp, line 759]
Event: 0.195 Thread 0x0000029b2970dba0 Exception <a 'java/lang/ClassNotFoundException'{0x000000008b5b3b38}: com/sun/swing/internal/plaf/metal/resources/spi/metalProvider> (0x000000008b5b3b38) 
thrown [s\open\src\hotspot\share\classfile\systemDictionary.cpp, line 255]
Event: 0.196 Thread 0x0000029b2970dba0 Exception <a 'java/lang/ClassNotFoundException'{0x000000008b5b7b70}: com/sun/swing/internal/plaf/basic/resources/spi/basicProvider> (0x000000008b5b7b70) 
thrown [s\open\src\hotspot\share\classfile\systemDictionary.cpp, line 255]
Event: 0.202 Thread 0x0000029b2970dba0 Exception <a 'java/lang/NoSuchMethodError'{0x000000008b5d7f68}: 'int java.lang.invoke.Invokers$Holder.invokeExact_MT(java.lang.Object, java.lang.Object)'> (0x000000008b5d7f68) 
thrown [s\open\src\hotspot\share\interpreter\linkResolver.cpp, line 759]
Event: 0.211 Thread 0x0000029b4bb88e80 Exception <a 'java/lang/NoSuchMethodError'{0x000000008b610250}: 'void java.lang.invoke.DirectMethodHandle$Holder.invokeVirtual(java.lang.Object, java.lang.Object)'> (0x000000008b610250) 
thrown [s\open\src\hotspot\share\interpreter\linkResolver.cpp, line 759]
Event: 0.221 Thread 0x0000029b2970dba0 Exception <a 'java/lang/NoSuchMethodError'{0x000000008b4142f0}: 'void java.lang.invoke.DirectMethodHandle$Holder.invokeStaticInit(java.lang.Object)'> (0x000000008b4142f0) 
thrown [s\open\src\hotspot\share\interpreter\linkResolver.cpp, line 759]

VM Operations (16 events):
Event: 0.058 Executing VM operation: HandshakeAllThreads
Event: 0.058 Executing VM operation: HandshakeAllThreads done
Event: 0.216 Executing VM operation: HandshakeAllThreads
Event: 0.216 Executing VM operation: HandshakeAllThreads done
Event: 0.461 Executing VM operation: HandshakeAllThreads
Event: 0.461 Executing VM operation: HandshakeAllThreads done
Event: 0.461 Executing VM operation: HandshakeAllThreads
Event: 0.462 Executing VM operation: HandshakeAllThreads done
Event: 0.474 Executing VM operation: HandshakeAllThreads
Event: 0.474 Executing VM operation: HandshakeAllThreads done
Event: 0.500 Executing VM operation: ICBufferFull
Event: 0.500 Executing VM operation: ICBufferFull done
Event: 1.506 Executing VM operation: Cleanup
Event: 1.506 Executing VM operation: Cleanup done
Event: 2.516 Executing VM operation: Cleanup
Event: 2.516 Executing VM operation: Cleanup done

Events (20 events):
Event: 0.027 Thread 0x0000029b4776f380 Thread added: 0x0000029b4776f380
Event: 0.027 Thread 0x0000029b47771c80 Thread added: 0x0000029b47771c80
Event: 0.028 Thread 0x0000029b4777c590 Thread added: 0x0000029b4777c590
Event: 0.045 Thread 0x0000029b4773d9b0 Thread added: 0x0000029b4773d9b0
Event: 0.053 Loaded shared library C:\Program Files\Java\jdk-18.0.2\bin\net.dll
Event: 0.055 Loaded shared library C:\Program Files\Java\jdk-18.0.2\bin\nio.dll
Event: 0.065 Thread 0x0000029b4ba3bae0 Thread added: 0x0000029b4ba3bae0
Event: 0.068 Thread 0x0000029b4ba3e000 Thread added: 0x0000029b4ba3e000
Event: 0.069 Loaded shared library C:\Program Files\Java\jdk-18.0.2\bin\zip.dll
Event: 0.079 Loaded shared library C:\Program Files\Java\jdk-18.0.2\bin\jimage.dll
Event: 0.091 Loaded shared library C:\Program Files\Java\jdk-18.0.2\bin\awt.dll
Event: 0.136 Thread 0x0000029b4bc3a450 Thread added: 0x0000029b4bc3a450
Event: 0.137 Thread 0x0000029b4bc01460 Thread added: 0x0000029b4bc01460
Event: 0.138 Thread 0x0000029b4bb88e80 Thread added: 0x0000029b4bb88e80
Event: 0.210 Thread 0x0000029b4bcf7ab0 Thread added: 0x0000029b4bcf7ab0
Event: 0.224 Loaded shared library C:\Program Files\Java\jdk-18.0.2\bin\freetype.dll
Event: 0.225 Loaded shared library C:\Program Files\Java\jdk-18.0.2\bin\fontmanager.dll
Event: 0.273 Thread 0x0000029b2970dba0 Thread exited: 0x0000029b2970dba0
Event: 0.273 Thread 0x0000029b2970dba0 Thread added: 0x0000029b2970dba0
Event: 1.612 Thread 0x0000029b4ba3e000 Thread exited: 0x0000029b4ba3e000


Dynamic libraries:
0x00007ff739c20000 - 0x00007ff739c30000 	C:\Program Files\Java\jdk-18.0.2\bin\java.exe
0x00007ff9dd650000 - 0x00007ff9dd864000 	C:\WINDOWS\SYSTEM32\ntdll.dll
0x00007ff9dc110000 - 0x00007ff9dc1d2000 	C:\WINDOWS\System32\KERNEL32.DLL
0x00007ff9dae90000 - 0x00007ff9db22d000 	C:\WINDOWS\System32\KERNELBASE.dll
0x00007ff9db230000 - 0x00007ff9db341000 	C:\WINDOWS\System32\ucrtbase.dll
0x00007ff9bf300000 - 0x00007ff9bf31a000 	C:\Program Files\Java\jdk-18.0.2\bin\VCRUNTIME140.dll
0x00007ff9c2730000 - 0x00007ff9c2748000 	C:\Program Files\Java\jdk-18.0.2\bin\jli.dll
0x00007ff9dcf60000 - 0x00007ff9dd00e000 	C:\WINDOWS\System32\ADVAPI32.dll
0x00007ff9dba40000 - 0x00007ff9dbae7000 	C:\WINDOWS\System32\msvcrt.dll
0x00007ff9db830000 - 0x00007ff9db8d4000 	C:\WINDOWS\System32\sechost.dll
0x00007ff9db5e0000 - 0x00007ff9db6f5000 	C:\WINDOWS\System32\RPCRT4.dll
0x00007ff9dd010000 - 0x00007ff9dd1bd000 	C:\WINDOWS\System32\USER32.dll
0x00007ff9db350000 - 0x00007ff9db376000 	C:\WINDOWS\System32\win32u.dll
0x00007ff9dcaa0000 - 0x00007ff9dcac9000 	C:\WINDOWS\System32\GDI32.dll
0x00007ff9b4fb0000 - 0x00007ff9b523e000 	C:\WINDOWS\WinSxS\amd64_microsoft.windows.common-controls_6595b64144ccf1df_6.0.22621.436_none_a94247dbc10d8414\COMCTL32.dll
0x00007ff9dad70000 - 0x00007ff9dae82000 	C:\WINDOWS\System32\gdi32full.dll
0x00007ff9dacd0000 - 0x00007ff9dad6a000 	C:\WINDOWS\System32\msvcp_win.dll
0x00007ff9cf3a0000 - 0x00007ff9cf3aa000 	C:\WINDOWS\SYSTEM32\VERSION.dll
0x00007ff9dba00000 - 0x00007ff9dba32000 	C:\WINDOWS\System32\IMM32.DLL
0x00007ff9c1380000 - 0x00007ff9c138c000 	C:\Program Files\Java\jdk-18.0.2\bin\vcruntime140_1.dll
0x00007ff973020000 - 0x00007ff9730ad000 	C:\Program Files\Java\jdk-18.0.2\bin\msvcp140.dll
0x00007ff960db0000 - 0x00007ff9619c1000 	C:\Program Files\Java\jdk-18.0.2\bin\server\jvm.dll
0x00007ff9db700000 - 0x00007ff9db708000 	C:\WINDOWS\System32\PSAPI.DLL
0x00007ff9d0610000 - 0x00007ff9d0644000 	C:\WINDOWS\SYSTEM32\WINMM.dll
0x00007ff9c1390000 - 0x00007ff9c1399000 	C:\WINDOWS\SYSTEM32\WSOCK32.dll
0x00007ff9db8e0000 - 0x00007ff9db951000 	C:\WINDOWS\System32\WS2_32.dll
0x00007ff9d9b90000 - 0x00007ff9d9ba8000 	C:\WINDOWS\SYSTEM32\kernel.appcore.dll
0x00007ff9b61d0000 - 0x00007ff9b61da000 	C:\Program Files\Java\jdk-18.0.2\bin\jimage.dll
0x00007ff9d8420000 - 0x00007ff9d864e000 	C:\WINDOWS\SYSTEM32\DBGHELP.DLL
0x00007ff9dcbd0000 - 0x00007ff9dcf5a000 	C:\WINDOWS\System32\combase.dll
0x00007ff9dd220000 - 0x00007ff9dd2f7000 	C:\WINDOWS\System32\OLEAUT32.dll
0x00007ff9c8cc0000 - 0x00007ff9c8cf2000 	C:\WINDOWS\SYSTEM32\dbgcore.DLL
0x00007ff9daa70000 - 0x00007ff9daaeb000 	C:\WINDOWS\System32\bcryptPrimitives.dll
0x00007ff9a49a0000 - 0x00007ff9a49c5000 	C:\Program Files\Java\jdk-18.0.2\bin\java.dll
0x00007ff960cd0000 - 0x00007ff960da6000 	C:\Program Files\Java\jdk-18.0.2\bin\jsvml.dll
0x00007ff9dc1e0000 - 0x00007ff9dc9cf000 	C:\WINDOWS\System32\SHELL32.dll
0x00007ff9d8a50000 - 0x00007ff9d9318000 	C:\WINDOWS\SYSTEM32\windows.storage.dll
0x00007ff9d8910000 - 0x00007ff9d8a4e000 	C:\WINDOWS\SYSTEM32\wintypes.dll
0x00007ff9dcad0000 - 0x00007ff9dcbc1000 	C:\WINDOWS\System32\SHCORE.dll
0x00007ff9db980000 - 0x00007ff9db9de000 	C:\WINDOWS\System32\shlwapi.dll
0x00007ff9da9a0000 - 0x00007ff9da9c1000 	C:\WINDOWS\SYSTEM32\profapi.dll
0x00007ff9a4980000 - 0x00007ff9a4993000 	C:\Program Files\Java\jdk-18.0.2\bin\net.dll
0x00007ff9d23c0000 - 0x00007ff9d24ef000 	C:\WINDOWS\SYSTEM32\WINHTTP.dll
0x00007ff9d9ff0000 - 0x00007ff9da059000 	C:\WINDOWS\system32\mswsock.dll
0x00007ff9a4960000 - 0x00007ff9a4976000 	C:\Program Files\Java\jdk-18.0.2\bin\nio.dll
0x00007ff9a4940000 - 0x00007ff9a4958000 	C:\Program Files\Java\jdk-18.0.2\bin\zip.dll
0x00007ff960b40000 - 0x00007ff960ccf000 	C:\Program Files\Java\jdk-18.0.2\bin\awt.dll
0x00007ff9d78b0000 - 0x00007ff9d7947000 	C:\WINDOWS\SYSTEM32\apphelp.dll
0x00007ff9d7cc0000 - 0x00007ff9d7ceb000 	C:\WINDOWS\system32\DWMAPI.DLL
0x00007ff9d7a30000 - 0x00007ff9d7adb000 	C:\WINDOWS\system32\uxtheme.dll
0x00007ff9ad5f0000 - 0x00007ff9ad6f0000 	C:\WINDOWS\system32\opengl32.dll
0x00007ff9becd0000 - 0x00007ff9becfd000 	C:\WINDOWS\SYSTEM32\GLU32.dll
0x00007ff9d7b50000 - 0x00007ff9d7b86000 	C:\WINDOWS\SYSTEM32\dxcore.dll
0x00007ff9db710000 - 0x00007ff9db82e000 	C:\WINDOWS\System32\MSCTF.dll
0x00007ff9dbaf0000 - 0x00007ff9dbc8c000 	C:\WINDOWS\System32\ole32.dll
0x00007ff95f7d0000 - 0x00007ff95f856000 	C:\Program Files\Java\jdk-18.0.2\bin\freetype.dll
0x00007ff9578b0000 - 0x00007ff957958000 	C:\Program Files\Java\jdk-18.0.2\bin\fontmanager.dll
0x00007ff9bc020000 - 0x00007ff9bc14d000 	C:\WINDOWS\SYSTEM32\textinputframework.dll
0x00007ff98d030000 - 0x00007ff98d471000 	C:\WINDOWS\SYSTEM32\uiautomationcore.dll
0x00007ff9addb0000 - 0x00007ff9ade19000 	C:\WINDOWS\SYSTEM32\OLEACC.dll
0x00007ff9dd550000 - 0x00007ff9dd607000 	C:\WINDOWS\System32\clbcatq.dll
0x00007ff9d75b0000 - 0x00007ff9d76e3000 	C:\WINDOWS\SYSTEM32\CoreMessaging.dll
0x00007ff9d1910000 - 0x00007ff9d1c7c000 	C:\WINDOWS\SYSTEM32\CoreUIComponents.dll
0x00007ff9da290000 - 0x00007ff9da29c000 	C:\WINDOWS\SYSTEM32\CRYPTBASE.DLL

dbghelp: loaded successfully - version: 4.0.5 - missing functions: none
symbol engine: initialized successfully - sym options: 0x614 - pdb path: .;C:\Program Files\Java\jdk-18.0.2\bin;C:\WINDOWS\SYSTEM32;C:\WINDOWS\WinSxS\amd64_microsoft.windows.common-controls_6595b64144ccf1df_6.0.22621.436_none_a94247dbc10d8414;C:\Program Files\Java\jdk-18.0.2\bin\server

VM Arguments:
jvm_args: -Dfile.encoding=UTF-8 --module-path=C:\Users\chida\OneDrive\Pictures\Documents\NetBeansProjects\University Management System\build\classes 
java_command: university.management.system.StudentLeave
java_class_path (initial): C:\Users\chida\Downloads\mysql-connector-java-8.0.28.jar;C:\Users\chida\Downloads\jcalendar-tz-1.3.3-4.jar;C:\Users\chida\Downloads\rs2xml.jar;C:\Users\chida\OneDrive\Pictures\Documents\NetBeansProjects\University Management System\build\classes
Launcher Type: SUN_STANDARD

[Global flags]
     intx CICompilerCount                          = 4                                         {product} {ergonomic}
     uint ConcGCThreads                            = 2                                         {product} {ergonomic}
     uint G1ConcRefinementThreads                  = 8                                         {product} {ergonomic}
   size_t G1HeapRegionSize                         = 1048576                                   {product} {ergonomic}
    uintx GCDrainStackTargetSize                   = 64                                        {product} {ergonomic}
   size_t InitialHeapSize                          = 132120576                                 {product} {ergonomic}
   size_t MarkStackSize                            = 4194304                                   {product} {ergonomic}
   size_t MaxHeapSize                              = 2084569088                                {product} {ergonomic}
   size_t MaxNewSize                               = 1249902592                                {product} {ergonomic}
   size_t MinHeapDeltaBytes                        = 1048576                                   {product} {ergonomic}
   size_t MinHeapSize                              = 8388608                                   {product} {ergonomic}
    uintx NonNMethodCodeHeapSize                   = 5839372                                {pd product} {ergonomic}
    uintx NonProfiledCodeHeapSize                  = 122909434                              {pd product} {ergonomic}
    uintx ProfiledCodeHeapSize                     = 122909434                              {pd product} {ergonomic}
    uintx ReservedCodeCacheSize                    = 251658240                              {pd product} {ergonomic}
     bool SegmentedCodeCache                       = true                                      {product} {ergonomic}
   size_t SoftMaxHeapSize                          = 2084569088                             {manageable} {ergonomic}
     bool UseCompressedClassPointers               = true                           {product lp64_product} {ergonomic}
     bool UseCompressedOops                        = true                           {product lp64_product} {ergonomic}
     bool UseG1GC                                  = true                                      {product} {ergonomic}
     bool UseLargePagesIndividualAllocation        = false                                  {pd product} {ergonomic}

Logging:
Log output configuration:
 #0: stdout all=warning uptime,level,tags foldmultilines=false
 #1: stderr all=off uptime,level,tags foldmultilines=false

Environment Variables:
PATH=H:\oracle\product\10.2.0\db_1\bin;D:\oracle\product\10.2.0\db_10\bin;D:\oracle\product\10.2.0\db_9\bin;D:\oracle\product\10.2.0\db_2\bin;F:\oracle\product\10.2.0\db_1\bin;C:\Program Files\Common Files\Oracle\Java\javapath;C:\windows\system32;C:\windows;C:\windows\System32\Wbem;C:\windows\System32\WindowsPowerShell\v1.0\;C:\windows\System32\OpenSSH\;C:\Program Files (x86)\NVIDIA Corporation\PhysX\Common;C:\Program Files\dotnet\;C:\WINDOWS\system32;C:\WINDOWS;C:\WINDOWS\System32\Wbem;C:\WINDOWS\System32\WindowsPowerShell\v1.0\;C:\WINDOWS\System32\OpenSSH\;C:\Program Files\Java\jdk-18.0.2;C:\Program Files\NVIDIA Corporation\NVIDIA NvDLISR;C:\Program Files\MySQL\MySQL Shell 8.0\bin\;C:\Users\chida\AppData\Local\Microsoft\WindowsApps;"C:\Program Files\Java\jdk-18.0.1.1;";;C:\Users\chida\AppData\Local\Programs\Microsoft VS Code\bin
USERNAME=chida
OS=Windows_NT
PROCESSOR_IDENTIFIER=Intel64 Family 6 Model 140 Stepping 1, GenuineIntel



---------------  S Y S T E M  ---------------

OS:
 Windows 11 , 64 bit Build 22621 (10.0.22621.1028)
OS uptime: 11 days 10:00 hours
Hyper-V role detected

CPU: total 8 (initial active 8) (4 cores per cpu, 2 threads per core) family 6 model 140 stepping 1 microcode 0xa4, cx8, cmov, fxsr, ht, mmx, 3dnowpref, sse, sse2, sse3, ssse3, sse4.1, sse4.2, popcnt, lzcnt, tsc, tscinvbit, avx, avx2, aes, erms, clmul, bmi1, bmi2, adx, avx512f, avx512dq, avx512cd, avx512bw, avx512vl, sha, fma, vzeroupper, avx512_vpopcntdq, avx512_vpclmulqdq, avx512_vaes, avx512_vnni, clflush, clflushopt, clwb, avx512_vbmi2, avx512_vbmi, hv

Memory: 4k page, system-wide physical 7948M (220M free)
TotalPageFile size 20646M (AvailPageFile size 0M)
current process WorkingSet (physical memory assigned to process): 61M, peak: 75M
current process commit charge ("private bytes"): 220M, peak: 228M

vm_info: Java HotSpot(TM) 64-Bit Server VM (18.0.2+9-61) for windows-amd64 JRE (18.0.2+9-61), built on Jun  7 2022 13:09:01 by "mach5one" with MS VC++ 16.8 / 16.9 (VS2019)

END.
