#
# There is insufficient memory for the Java Runtime Environment to continue.
# Native memory allocation (malloc) failed to allocate 32744 bytes for Chunk::new
# Possible reasons:
#   The system is out of physical RAM or swap space
#   The process is running with CompressedOops enabled, and the Java Heap may be blocking the growth of the native heap
# Possible solutions:
#   Reduce memory load on the system
#   Increase physical memory or swap space
#   Check if swap backing store is full
#   Decrease Java heap size (-Xmx/-Xms)
#   Decrease number of Java threads
#   Decrease Java thread stack sizes (-Xss)
#   Set larger code cache with -XX:ReservedCodeCacheSize=
#   JVM is running with Unscaled Compressed Oops mode in which the Java heap is
#     placed in the first 4GB address space. The Java Heap base address is the
#     maximum limit for the native heap growth. Please use -XX:HeapBaseMinAddress
#     to set the Java Heap base and to place the Java Heap above 4GB virtual address.
# This output file may be truncated or incomplete.
#
#  Out of Memory Error (arena.cpp:184), pid=29252, tid=14900
#
# JRE version: Java(TM) SE Runtime Environment (18.0.2+9) (build 18.0.2+9-61)
# Java VM: Java HotSpot(TM) 64-Bit Server VM (18.0.2+9-61, mixed mode, sharing, tiered, compressed oops, compressed class ptrs, g1 gc, windows-amd64)
# No core dump will be written. Minidumps are not enabled by default on client versions of Windows
#

---------------  S U M M A R Y ------------

Command Line: -Dfile.encoding=UTF-8 --module-path=C:\Users\chida\OneDrive\Pictures\Documents\NetBeansProjects\University Management System\build\classes university.management.system.Login

Host: 11th Gen Intel(R) Core(TM) i5-1135G7 @ 2.40GHz, 8 cores, 7G,  Windows 11 , 64 bit Build 22621 (10.0.22621.1028)
Time: Tue Jan 10 19:33:34 2023 India Standard Time elapsed time: 386.833650 seconds (0d 0h 6m 26s)

---------------  T H R E A D  ---------------

Current thread (0x00000226c0bdf120):  JavaThread "C2 CompilerThread0" daemon [_thread_in_native, id=14900, stack(0x0000007a0b000000,0x0000007a0b100000)]


Current CompileTask:
C2: 386833 1893       4       java.util.Arrays::binarySearch0 (95 bytes)

Stack: [0x0000007a0b000000,0x0000007a0b100000]
Native frames: (J=compiled Java code, j=interpreted, Vv=VM code, C=native code)
V  [jvm.dll+0x6993ca]
V  [jvm.dll+0x7f481d]
V  [jvm.dll+0x7f612e]
V  [jvm.dll+0x7f67e3]
V  [jvm.dll+0x25cdaf]
V  [jvm.dll+0xb8c2f]
V  [jvm.dll+0xb8fa5]
V  [jvm.dll+0x6e2ed3]
V  [jvm.dll+0x1d2ab1]
V  [jvm.dll+0x2300a9]
V  [jvm.dll+0x22f321]
V  [jvm.dll+0x1ba01c]
V  [jvm.dll+0x23ec9a]
V  [jvm.dll+0x23cf85]
V  [jvm.dll+0x7a6e21]
V  [jvm.dll+0x7a125a]
V  [jvm.dll+0x698275]
C  [ucrtbase.dll+0x29363]
C  [KERNEL32.DLL+0x1247d]
C  [ntdll.dll+0x5dfb8]


---------------  P R O C E S S  ---------------

Threads class SMR info:
_java_thread_list=0x00000226c5fefda0, length=18, elements={
0x00000226c0bb5c00, 0x00000226c0bb64b0, 0x00000226c0bd2b10, 0x00000226c0bd33c0,
0x00000226c0bd3c70, 0x00000226c0bd4520, 0x00000226c0bdf120, 0x00000226c0be8760,
0x00000226c0bed470, 0x00000226c50ba850, 0x00000226c5160170, 0x00000226c5334010,
0x00000226c5281c20, 0x00000226c52820e0, 0x00000226c5dd0320, 0x00000226a0cc2280,
0x00000226c5fc7320, 0x00000226c52baef0
}

Java Threads: ( => current thread )
  0x00000226c0bb5c00 JavaThread "Reference Handler" daemon [_thread_blocked, id=28616, stack(0x0000007a0aa00000,0x0000007a0ab00000)]
  0x00000226c0bb64b0 JavaThread "Finalizer" daemon [_thread_blocked, id=29644, stack(0x0000007a0ab00000,0x0000007a0ac00000)]
  0x00000226c0bd2b10 JavaThread "Signal Dispatcher" daemon [_thread_blocked, id=8892, stack(0x0000007a0ac00000,0x0000007a0ad00000)]
  0x00000226c0bd33c0 JavaThread "Attach Listener" daemon [_thread_blocked, id=12732, stack(0x0000007a0ad00000,0x0000007a0ae00000)]
  0x00000226c0bd3c70 JavaThread "Service Thread" daemon [_thread_blocked, id=7696, stack(0x0000007a0ae00000,0x0000007a0af00000)]
  0x00000226c0bd4520 JavaThread "Monitor Deflation Thread" daemon [_thread_blocked, id=26832, stack(0x0000007a0af00000,0x0000007a0b000000)]
=>0x00000226c0bdf120 JavaThread "C2 CompilerThread0" daemon [_thread_in_native, id=14900, stack(0x0000007a0b000000,0x0000007a0b100000)]
  0x00000226c0be8760 JavaThread "C1 CompilerThread0" daemon [_thread_blocked, id=18548, stack(0x0000007a0b100000,0x0000007a0b200000)]
  0x00000226c0bed470 JavaThread "Sweeper thread" daemon [_thread_blocked, id=25076, stack(0x0000007a0b200000,0x0000007a0b300000)]
  0x00000226c50ba850 JavaThread "Common-Cleaner" daemon [_thread_blocked, id=30864, stack(0x0000007a0b300000,0x0000007a0b400000)]
  0x00000226c5160170 JavaThread "Notification Thread" daemon [_thread_blocked, id=13908, stack(0x0000007a0b400000,0x0000007a0b500000)]
  0x00000226c5334010 JavaThread "Java2D Disposer" daemon [_thread_blocked, id=22568, stack(0x0000007a0b600000,0x0000007a0b700000)]
  0x00000226c5281c20 JavaThread "AWT-Shutdown" [_thread_blocked, id=24872, stack(0x0000007a0b700000,0x0000007a0b800000)]
  0x00000226c52820e0 JavaThread "AWT-Windows" daemon [_thread_in_native, id=35280, stack(0x0000007a0b800000,0x0000007a0b900000)]
  0x00000226c5dd0320 JavaThread "AWT-EventQueue-0" [_thread_blocked, id=14904, stack(0x0000007a0b900000,0x0000007a0ba00000)]
  0x00000226a0cc2280 JavaThread "DestroyJavaVM" [_thread_blocked, id=19024, stack(0x0000007a0a300000,0x0000007a0a400000)]
  0x00000226c5fc7320 JavaThread "TimerQueue" daemon [_thread_blocked, id=26140, stack(0x0000007a0be00000,0x0000007a0bf00000)]
  0x00000226c52baef0 JavaThread "mysql-cj-abandoned-connection-cleanup" daemon [_thread_blocked, id=29432, stack(0x0000007a0c000000,0x0000007a0c100000)]

Other Threads:
  0x00000226a0d36490 VMThread "VM Thread" [stack: 0x0000007a0a900000,0x0000007a0aa00000] [id=11664]
  0x00000226c5160a30 WatcherThread "VM Periodic Task Thread" [stack: 0x0000007a0b500000,0x0000007a0b600000] [id=28428]
  0x00000226a0d1e710 WorkerThread "GC Thread#0" [stack: 0x0000007a0a400000,0x0000007a0a500000] [id=9396]
  0x00000226a0d2fce0 ConcurrentGCThread "G1 Main Marker" [stack: 0x0000007a0a500000,0x0000007a0a600000] [id=28804]
  0x00000226a0d30640 WorkerThread "G1 Conc#0" [stack: 0x0000007a0a600000,0x0000007a0a700000] [id=20360]
  0x00000226c0a73870 ConcurrentGCThread "G1 Refine#0" [stack: 0x0000007a0a700000,0x0000007a0a800000] [id=4176]
  0x00000226a0d790a0 ConcurrentGCThread "G1 Service" [stack: 0x0000007a0a800000,0x0000007a0a900000] [id=12188]

Threads with active compile tasks:
C2 CompilerThread0   386884 1893       4       java.util.Arrays::binarySearch0 (95 bytes)

VM state: not at safepoint (normal execution)

VM Mutex/Monitor currently owned by a thread: None

Heap address: 0x0000000083c00000, size: 1988 MB, Compressed Oops mode: 32-bit

CDS archive(s) mapped at: [0x0000000800000000-0x0000000800ba0000-0x0000000800ba0000), size 12189696, SharedBaseAddress: 0x0000000800000000, ArchiveRelocationMode: 0.
Compressed class space mapped at: 0x0000000800c00000-0x0000000840c00000, reserved size: 1073741824
Narrow klass base: 0x0000000800000000, Narrow klass shift: 0, Narrow klass range: 0x100000000

GC Precious Log:
 CardTable entry size: 512
 Card Set container configuration: InlinePtr #cards 5 size 8 Array Of Cards #cards 12 size 40 Howl #buckets 4 coarsen threshold 1843 Howl Bitmap #cards 512 size 80 coarsen threshold 460 Card regions per heap region 1 cards per card region 2048
 CPUs: 8 total, 8 available
 Memory: 7948M
 Large Page Support: Disabled
 NUMA Support: Disabled
 Compressed Oops: Enabled (32-bit)
 Heap Region Size: 1M
 Heap Min Capacity: 8M
 Heap Initial Capacity: 126M
 Heap Max Capacity: 1988M
 Pre-touch: Disabled
 Parallel Workers: 8
 Concurrent Workers: 2
 Concurrent Refinement Workers: 8
 Periodic GC: Disabled

Heap:
 garbage-first heap   total 129024K, used 23552K [0x0000000083c00000, 0x0000000100000000)
  region size 1024K, 23 young (23552K), 0 survivors (0K)
 Metaspace       used 16564K, committed 16768K, reserved 1114112K
  class space    used 1830K, committed 1920K, reserved 1048576K

Heap Regions: E=young(eden), S=young(survivor), O=old, HS=humongous(starts), HC=humongous(continues), CS=collection set, F=free, OA=open archive, CA=closed archive, TAMS=top-at-mark-start (previous, next)
|   0|0x0000000083c00000, 0x0000000083d00000, 0x0000000083d00000|100%|HS|  |TAMS 0x0000000083c00000, 0x0000000083c00000| Complete 
|   1|0x0000000083d00000, 0x0000000083d00000, 0x0000000083e00000|  0%| F|  |TAMS 0x0000000083d00000, 0x0000000083d00000| Untracked 
|   2|0x0000000083e00000, 0x0000000083e00000, 0x0000000083f00000|  0%| F|  |TAMS 0x0000000083e00000, 0x0000000083e00000| Untracked 
|   3|0x0000000083f00000, 0x0000000083f00000, 0x0000000084000000|  0%| F|  |TAMS 0x0000000083f00000, 0x0000000083f00000| Untracked 
|   4|0x0000000084000000, 0x0000000084000000, 0x0000000084100000|  0%| F|  |TAMS 0x0000000084000000, 0x0000000084000000| Untracked 
|   5|0x0000000084100000, 0x0000000084100000, 0x0000000084200000|  0%| F|  |TAMS 0x0000000084100000, 0x0000000084100000| Untracked 
|   6|0x0000000084200000, 0x0000000084200000, 0x0000000084300000|  0%| F|  |TAMS 0x0000000084200000, 0x0000000084200000| Untracked 
|   7|0x0000000084300000, 0x0000000084300000, 0x0000000084400000|  0%| F|  |TAMS 0x0000000084300000, 0x0000000084300000| Untracked 
|   8|0x0000000084400000, 0x0000000084400000, 0x0000000084500000|  0%| F|  |TAMS 0x0000000084400000, 0x0000000084400000| Untracked 
|   9|0x0000000084500000, 0x0000000084500000, 0x0000000084600000|  0%| F|  |TAMS 0x0000000084500000, 0x0000000084500000| Untracked 
|  10|0x0000000084600000, 0x0000000084600000, 0x0000000084700000|  0%| F|  |TAMS 0x0000000084600000, 0x0000000084600000| Untracked 
|  11|0x0000000084700000, 0x0000000084700000, 0x0000000084800000|  0%| F|  |TAMS 0x0000000084700000, 0x0000000084700000| Untracked 
|  12|0x0000000084800000, 0x0000000084800000, 0x0000000084900000|  0%| F|  |TAMS 0x0000000084800000, 0x0000000084800000| Untracked 
|  13|0x0000000084900000, 0x0000000084900000, 0x0000000084a00000|  0%| F|  |TAMS 0x0000000084900000, 0x0000000084900000| Untracked 
|  14|0x0000000084a00000, 0x0000000084a00000, 0x0000000084b00000|  0%| F|  |TAMS 0x0000000084a00000, 0x0000000084a00000| Untracked 
|  15|0x0000000084b00000, 0x0000000084b00000, 0x0000000084c00000|  0%| F|  |TAMS 0x0000000084b00000, 0x0000000084b00000| Untracked 
|  16|0x0000000084c00000, 0x0000000084c00000, 0x0000000084d00000|  0%| F|  |TAMS 0x0000000084c00000, 0x0000000084c00000| Untracked 
|  17|0x0000000084d00000, 0x0000000084d00000, 0x0000000084e00000|  0%| F|  |TAMS 0x0000000084d00000, 0x0000000084d00000| Untracked 
|  18|0x0000000084e00000, 0x0000000084e00000, 0x0000000084f00000|  0%| F|  |TAMS 0x0000000084e00000, 0x0000000084e00000| Untracked 
|  19|0x0000000084f00000, 0x0000000084f00000, 0x0000000085000000|  0%| F|  |TAMS 0x0000000084f00000, 0x0000000084f00000| Untracked 
|  20|0x0000000085000000, 0x0000000085000000, 0x0000000085100000|  0%| F|  |TAMS 0x0000000085000000, 0x0000000085000000| Untracked 
|  21|0x0000000085100000, 0x0000000085100000, 0x0000000085200000|  0%| F|  |TAMS 0x0000000085100000, 0x0000000085100000| Untracked 
|  22|0x0000000085200000, 0x0000000085200000, 0x0000000085300000|  0%| F|  |TAMS 0x0000000085200000, 0x0000000085200000| Untracked 
|  23|0x0000000085300000, 0x0000000085300000, 0x0000000085400000|  0%| F|  |TAMS 0x0000000085300000, 0x0000000085300000| Untracked 
|  24|0x0000000085400000, 0x0000000085400000, 0x0000000085500000|  0%| F|  |TAMS 0x0000000085400000, 0x0000000085400000| Untracked 
|  25|0x0000000085500000, 0x0000000085500000, 0x0000000085600000|  0%| F|  |TAMS 0x0000000085500000, 0x0000000085500000| Untracked 
|  26|0x0000000085600000, 0x0000000085600000, 0x0000000085700000|  0%| F|  |TAMS 0x0000000085600000, 0x0000000085600000| Untracked 
|  27|0x0000000085700000, 0x0000000085700000, 0x0000000085800000|  0%| F|  |TAMS 0x0000000085700000, 0x0000000085700000| Untracked 
|  28|0x0000000085800000, 0x0000000085800000, 0x0000000085900000|  0%| F|  |TAMS 0x0000000085800000, 0x0000000085800000| Untracked 
|  29|0x0000000085900000, 0x0000000085900000, 0x0000000085a00000|  0%| F|  |TAMS 0x0000000085900000, 0x0000000085900000| Untracked 
|  30|0x0000000085a00000, 0x0000000085a00000, 0x0000000085b00000|  0%| F|  |TAMS 0x0000000085a00000, 0x0000000085a00000| Untracked 
|  31|0x0000000085b00000, 0x0000000085b00000, 0x0000000085c00000|  0%| F|  |TAMS 0x0000000085b00000, 0x0000000085b00000| Untracked 
|  32|0x0000000085c00000, 0x0000000085c00000, 0x0000000085d00000|  0%| F|  |TAMS 0x0000000085c00000, 0x0000000085c00000| Untracked 
|  33|0x0000000085d00000, 0x0000000085d00000, 0x0000000085e00000|  0%| F|  |TAMS 0x0000000085d00000, 0x0000000085d00000| Untracked 
|  34|0x0000000085e00000, 0x0000000085e00000, 0x0000000085f00000|  0%| F|  |TAMS 0x0000000085e00000, 0x0000000085e00000| Untracked 
|  35|0x0000000085f00000, 0x0000000085f00000, 0x0000000086000000|  0%| F|  |TAMS 0x0000000085f00000, 0x0000000085f00000| Untracked 
|  36|0x0000000086000000, 0x0000000086000000, 0x0000000086100000|  0%| F|  |TAMS 0x0000000086000000, 0x0000000086000000| Untracked 
|  37|0x0000000086100000, 0x0000000086100000, 0x0000000086200000|  0%| F|  |TAMS 0x0000000086100000, 0x0000000086100000| Untracked 
|  38|0x0000000086200000, 0x0000000086200000, 0x0000000086300000|  0%| F|  |TAMS 0x0000000086200000, 0x0000000086200000| Untracked 
|  39|0x0000000086300000, 0x0000000086300000, 0x0000000086400000|  0%| F|  |TAMS 0x0000000086300000, 0x0000000086300000| Untracked 
|  40|0x0000000086400000, 0x0000000086400000, 0x0000000086500000|  0%| F|  |TAMS 0x0000000086400000, 0x0000000086400000| Untracked 
|  41|0x0000000086500000, 0x0000000086500000, 0x0000000086600000|  0%| F|  |TAMS 0x0000000086500000, 0x0000000086500000| Untracked 
|  42|0x0000000086600000, 0x0000000086600000, 0x0000000086700000|  0%| F|  |TAMS 0x0000000086600000, 0x0000000086600000| Untracked 
|  43|0x0000000086700000, 0x0000000086700000, 0x0000000086800000|  0%| F|  |TAMS 0x0000000086700000, 0x0000000086700000| Untracked 
|  44|0x0000000086800000, 0x0000000086800000, 0x0000000086900000|  0%| F|  |TAMS 0x0000000086800000, 0x0000000086800000| Untracked 
|  45|0x0000000086900000, 0x0000000086900000, 0x0000000086a00000|  0%| F|  |TAMS 0x0000000086900000, 0x0000000086900000| Untracked 
|  46|0x0000000086a00000, 0x0000000086a00000, 0x0000000086b00000|  0%| F|  |TAMS 0x0000000086a00000, 0x0000000086a00000| Untracked 
|  47|0x0000000086b00000, 0x0000000086b00000, 0x0000000086c00000|  0%| F|  |TAMS 0x0000000086b00000, 0x0000000086b00000| Untracked 
|  48|0x0000000086c00000, 0x0000000086c00000, 0x0000000086d00000|  0%| F|  |TAMS 0x0000000086c00000, 0x0000000086c00000| Untracked 
|  49|0x0000000086d00000, 0x0000000086d00000, 0x0000000086e00000|  0%| F|  |TAMS 0x0000000086d00000, 0x0000000086d00000| Untracked 
|  50|0x0000000086e00000, 0x0000000086e00000, 0x0000000086f00000|  0%| F|  |TAMS 0x0000000086e00000, 0x0000000086e00000| Untracked 
|  51|0x0000000086f00000, 0x0000000086f00000, 0x0000000087000000|  0%| F|  |TAMS 0x0000000086f00000, 0x0000000086f00000| Untracked 
|  52|0x0000000087000000, 0x0000000087000000, 0x0000000087100000|  0%| F|  |TAMS 0x0000000087000000, 0x0000000087000000| Untracked 
|  53|0x0000000087100000, 0x0000000087100000, 0x0000000087200000|  0%| F|  |TAMS 0x0000000087100000, 0x0000000087100000| Untracked 
|  54|0x0000000087200000, 0x0000000087200000, 0x0000000087300000|  0%| F|  |TAMS 0x0000000087200000, 0x0000000087200000| Untracked 
|  55|0x0000000087300000, 0x0000000087300000, 0x0000000087400000|  0%| F|  |TAMS 0x0000000087300000, 0x0000000087300000| Untracked 
|  56|0x0000000087400000, 0x0000000087400000, 0x0000000087500000|  0%| F|  |TAMS 0x0000000087400000, 0x0000000087400000| Untracked 
|  57|0x0000000087500000, 0x0000000087500000, 0x0000000087600000|  0%| F|  |TAMS 0x0000000087500000, 0x0000000087500000| Untracked 
|  58|0x0000000087600000, 0x0000000087600000, 0x0000000087700000|  0%| F|  |TAMS 0x0000000087600000, 0x0000000087600000| Untracked 
|  59|0x0000000087700000, 0x0000000087700000, 0x0000000087800000|  0%| F|  |TAMS 0x0000000087700000, 0x0000000087700000| Untracked 
|  60|0x0000000087800000, 0x0000000087800000, 0x0000000087900000|  0%| F|  |TAMS 0x0000000087800000, 0x0000000087800000| Untracked 
|  61|0x0000000087900000, 0x0000000087900000, 0x0000000087a00000|  0%| F|  |TAMS 0x0000000087900000, 0x0000000087900000| Untracked 
|  62|0x0000000087a00000, 0x0000000087a00000, 0x0000000087b00000|  0%| F|  |TAMS 0x0000000087a00000, 0x0000000087a00000| Untracked 
|  63|0x0000000087b00000, 0x0000000087b00000, 0x0000000087c00000|  0%| F|  |TAMS 0x0000000087b00000, 0x0000000087b00000| Untracked 
|  64|0x0000000087c00000, 0x0000000087c00000, 0x0000000087d00000|  0%| F|  |TAMS 0x0000000087c00000, 0x0000000087c00000| Untracked 
|  65|0x0000000087d00000, 0x0000000087d00000, 0x0000000087e00000|  0%| F|  |TAMS 0x0000000087d00000, 0x0000000087d00000| Untracked 
|  66|0x0000000087e00000, 0x0000000087e00000, 0x0000000087f00000|  0%| F|  |TAMS 0x0000000087e00000, 0x0000000087e00000| Untracked 
|  67|0x0000000087f00000, 0x0000000087f00000, 0x0000000088000000|  0%| F|  |TAMS 0x0000000087f00000, 0x0000000087f00000| Untracked 
|  68|0x0000000088000000, 0x0000000088000000, 0x0000000088100000|  0%| F|  |TAMS 0x0000000088000000, 0x0000000088000000| Untracked 
|  69|0x0000000088100000, 0x0000000088100000, 0x0000000088200000|  0%| F|  |TAMS 0x0000000088100000, 0x0000000088100000| Untracked 
|  70|0x0000000088200000, 0x0000000088200000, 0x0000000088300000|  0%| F|  |TAMS 0x0000000088200000, 0x0000000088200000| Untracked 
|  71|0x0000000088300000, 0x0000000088300000, 0x0000000088400000|  0%| F|  |TAMS 0x0000000088300000, 0x0000000088300000| Untracked 
|  72|0x0000000088400000, 0x0000000088400000, 0x0000000088500000|  0%| F|  |TAMS 0x0000000088400000, 0x0000000088400000| Untracked 
|  73|0x0000000088500000, 0x0000000088500000, 0x0000000088600000|  0%| F|  |TAMS 0x0000000088500000, 0x0000000088500000| Untracked 
|  74|0x0000000088600000, 0x0000000088600000, 0x0000000088700000|  0%| F|  |TAMS 0x0000000088600000, 0x0000000088600000| Untracked 
|  75|0x0000000088700000, 0x0000000088700000, 0x0000000088800000|  0%| F|  |TAMS 0x0000000088700000, 0x0000000088700000| Untracked 
|  76|0x0000000088800000, 0x0000000088800000, 0x0000000088900000|  0%| F|  |TAMS 0x0000000088800000, 0x0000000088800000| Untracked 
|  77|0x0000000088900000, 0x0000000088900000, 0x0000000088a00000|  0%| F|  |TAMS 0x0000000088900000, 0x0000000088900000| Untracked 
|  78|0x0000000088a00000, 0x0000000088a00000, 0x0000000088b00000|  0%| F|  |TAMS 0x0000000088a00000, 0x0000000088a00000| Untracked 
|  79|0x0000000088b00000, 0x0000000088b00000, 0x0000000088c00000|  0%| F|  |TAMS 0x0000000088b00000, 0x0000000088b00000| Untracked 
|  80|0x0000000088c00000, 0x0000000088c00000, 0x0000000088d00000|  0%| F|  |TAMS 0x0000000088c00000, 0x0000000088c00000| Untracked 
|  81|0x0000000088d00000, 0x0000000088d00000, 0x0000000088e00000|  0%| F|  |TAMS 0x0000000088d00000, 0x0000000088d00000| Untracked 
|  82|0x0000000088e00000, 0x0000000088e00000, 0x0000000088f00000|  0%| F|  |TAMS 0x0000000088e00000, 0x0000000088e00000| Untracked 
|  83|0x0000000088f00000, 0x0000000088f00000, 0x0000000089000000|  0%| F|  |TAMS 0x0000000088f00000, 0x0000000088f00000| Untracked 
|  84|0x0000000089000000, 0x0000000089000000, 0x0000000089100000|  0%| F|  |TAMS 0x0000000089000000, 0x0000000089000000| Untracked 
|  85|0x0000000089100000, 0x0000000089100000, 0x0000000089200000|  0%| F|  |TAMS 0x0000000089100000, 0x0000000089100000| Untracked 
|  86|0x0000000089200000, 0x0000000089200000, 0x0000000089300000|  0%| F|  |TAMS 0x0000000089200000, 0x0000000089200000| Untracked 
|  87|0x0000000089300000, 0x0000000089300000, 0x0000000089400000|  0%| F|  |TAMS 0x0000000089300000, 0x0000000089300000| Untracked 
|  88|0x0000000089400000, 0x0000000089400000, 0x0000000089500000|  0%| F|  |TAMS 0x0000000089400000, 0x0000000089400000| Untracked 
|  89|0x0000000089500000, 0x0000000089500000, 0x0000000089600000|  0%| F|  |TAMS 0x0000000089500000, 0x0000000089500000| Untracked 
|  90|0x0000000089600000, 0x0000000089600000, 0x0000000089700000|  0%| F|  |TAMS 0x0000000089600000, 0x0000000089600000| Untracked 
|  91|0x0000000089700000, 0x0000000089700000, 0x0000000089800000|  0%| F|  |TAMS 0x0000000089700000, 0x0000000089700000| Untracked 
|  92|0x0000000089800000, 0x0000000089800000, 0x0000000089900000|  0%| F|  |TAMS 0x0000000089800000, 0x0000000089800000| Untracked 
|  93|0x0000000089900000, 0x0000000089900000, 0x0000000089a00000|  0%| F|  |TAMS 0x0000000089900000, 0x0000000089900000| Untracked 
|  94|0x0000000089a00000, 0x0000000089a00000, 0x0000000089b00000|  0%| F|  |TAMS 0x0000000089a00000, 0x0000000089a00000| Untracked 
|  95|0x0000000089b00000, 0x0000000089b00000, 0x0000000089c00000|  0%| F|  |TAMS 0x0000000089b00000, 0x0000000089b00000| Untracked 
|  96|0x0000000089c00000, 0x0000000089c00000, 0x0000000089d00000|  0%| F|  |TAMS 0x0000000089c00000, 0x0000000089c00000| Untracked 
|  97|0x0000000089d00000, 0x0000000089d00000, 0x0000000089e00000|  0%| F|  |TAMS 0x0000000089d00000, 0x0000000089d00000| Untracked 
|  98|0x0000000089e00000, 0x0000000089e00000, 0x0000000089f00000|  0%| F|  |TAMS 0x0000000089e00000, 0x0000000089e00000| Untracked 
|  99|0x0000000089f00000, 0x0000000089f00000, 0x000000008a000000|  0%| F|  |TAMS 0x0000000089f00000, 0x0000000089f00000| Untracked 
| 100|0x000000008a000000, 0x000000008a000000, 0x000000008a100000|  0%| F|  |TAMS 0x000000008a000000, 0x000000008a000000| Untracked 
| 101|0x000000008a100000, 0x000000008a100000, 0x000000008a200000|  0%| F|  |TAMS 0x000000008a100000, 0x000000008a100000| Untracked 
| 102|0x000000008a200000, 0x000000008a200000, 0x000000008a300000|  0%| F|  |TAMS 0x000000008a200000, 0x000000008a200000| Untracked 
| 103|0x000000008a300000, 0x000000008a376458, 0x000000008a400000| 46%| E|  |TAMS 0x000000008a300000, 0x000000008a300000| Complete 
| 104|0x000000008a400000, 0x000000008a500000, 0x000000008a500000|100%| E|CS|TAMS 0x000000008a400000, 0x000000008a400000| Complete 
| 105|0x000000008a500000, 0x000000008a600000, 0x000000008a600000|100%| E|CS|TAMS 0x000000008a500000, 0x000000008a500000| Complete 
| 106|0x000000008a600000, 0x000000008a700000, 0x000000008a700000|100%| E|CS|TAMS 0x000000008a600000, 0x000000008a600000| Complete 
| 107|0x000000008a700000, 0x000000008a800000, 0x000000008a800000|100%| E|CS|TAMS 0x000000008a700000, 0x000000008a700000| Complete 
| 108|0x000000008a800000, 0x000000008a900000, 0x000000008a900000|100%| E|CS|TAMS 0x000000008a800000, 0x000000008a800000| Complete 
| 109|0x000000008a900000, 0x000000008aa00000, 0x000000008aa00000|100%| E|CS|TAMS 0x000000008a900000, 0x000000008a900000| Complete 
| 110|0x000000008aa00000, 0x000000008ab00000, 0x000000008ab00000|100%| E|CS|TAMS 0x000000008aa00000, 0x000000008aa00000| Complete 
| 111|0x000000008ab00000, 0x000000008ac00000, 0x000000008ac00000|100%| E|CS|TAMS 0x000000008ab00000, 0x000000008ab00000| Complete 
| 112|0x000000008ac00000, 0x000000008ad00000, 0x000000008ad00000|100%| E|CS|TAMS 0x000000008ac00000, 0x000000008ac00000| Complete 
| 113|0x000000008ad00000, 0x000000008ae00000, 0x000000008ae00000|100%| E|CS|TAMS 0x000000008ad00000, 0x000000008ad00000| Complete 
| 114|0x000000008ae00000, 0x000000008af00000, 0x000000008af00000|100%| E|CS|TAMS 0x000000008ae00000, 0x000000008ae00000| Complete 
| 115|0x000000008af00000, 0x000000008b000000, 0x000000008b000000|100%| E|CS|TAMS 0x000000008af00000, 0x000000008af00000| Complete 
| 116|0x000000008b000000, 0x000000008b100000, 0x000000008b100000|100%| E|CS|TAMS 0x000000008b000000, 0x000000008b000000| Complete 
| 117|0x000000008b100000, 0x000000008b200000, 0x000000008b200000|100%| E|CS|TAMS 0x000000008b100000, 0x000000008b100000| Complete 
| 118|0x000000008b200000, 0x000000008b300000, 0x000000008b300000|100%| E|CS|TAMS 0x000000008b200000, 0x000000008b200000| Complete 
| 119|0x000000008b300000, 0x000000008b400000, 0x000000008b400000|100%| E|CS|TAMS 0x000000008b300000, 0x000000008b300000| Complete 
| 120|0x000000008b400000, 0x000000008b500000, 0x000000008b500000|100%| E|CS|TAMS 0x000000008b400000, 0x000000008b400000| Complete 
| 121|0x000000008b500000, 0x000000008b600000, 0x000000008b600000|100%| E|CS|TAMS 0x000000008b500000, 0x000000008b500000| Complete 
| 122|0x000000008b600000, 0x000000008b700000, 0x000000008b700000|100%| E|CS|TAMS 0x000000008b600000, 0x000000008b600000| Complete 
| 123|0x000000008b700000, 0x000000008b800000, 0x000000008b800000|100%| E|CS|TAMS 0x000000008b700000, 0x000000008b700000| Complete 
| 124|0x000000008b800000, 0x000000008b900000, 0x000000008b900000|100%| E|CS|TAMS 0x000000008b800000, 0x000000008b800000| Complete 
| 125|0x000000008b900000, 0x000000008ba00000, 0x000000008ba00000|100%| E|CS|TAMS 0x000000008b900000, 0x000000008b900000| Complete 

Card table byte_map: [0x00000226b9c20000,0x00000226ba010000] _byte_map_base: 0x00000226b9802000

Marking Bits (Prev, Next): (CMBitMap*) 0x00000226a0d1eb20, (CMBitMap*) 0x00000226a0d1eb60
 Prev Bits: [0x00000226ba400000, 0x00000226bc310000)
 Next Bits: [0x00000226bc310000, 0x00000226be220000)

Polling page: 0x00000226a0d80000

Metaspace:

Usage:
  Non-class:     14.39 MB used.
      Class:      1.79 MB used.
       Both:     16.18 MB used.

Virtual space:
  Non-class space:       64.00 MB reserved,      14.50 MB ( 23%) committed,  1 nodes.
      Class space:        1.00 GB reserved,       1.88 MB ( <1%) committed,  1 nodes.
             Both:        1.06 GB reserved,      16.38 MB (  2%) committed. 

Chunk freelists:
   Non-Class:  672.00 KB
       Class:  2.16 MB
        Both:  2.81 MB

MaxMetaspaceSize: unlimited
CompressedClassSpaceSize: 1.00 GB
Initial GC threshold: 21.00 MB
Current GC threshold: 21.00 MB
CDS: on
MetaspaceReclaimPolicy: balanced
 - commit_granule_bytes: 65536.
 - commit_granule_words: 8192.
 - virtual_space_node_default_size: 8388608.
 - enlarge_chunks_in_place: 1.
 - new_chunks_are_fully_committed: 0.
 - uncommit_free_chunks: 1.
 - use_allocation_guard: 0.


Internal statistics:

num_allocs_failed_limit: 0.
num_arena_births: 152.
num_arena_deaths: 0.
num_vsnodes_births: 2.
num_vsnodes_deaths: 0.
num_space_committed: 262.
num_space_uncommitted: 0.
num_chunks_returned_to_freelist: 0.
num_chunks_taken_from_freelist: 352.
num_chunk_merges: 0.
num_chunk_splits: 208.
num_chunks_enlarged: 108.
num_inconsistent_stats: 0.

CodeHeap 'non-profiled nmethods': size=120000Kb used=618Kb max_used=618Kb free=119381Kb
 bounds [0x00000226b1890000, 0x00000226b1b00000, 0x00000226b8dc0000]
CodeHeap 'profiled nmethods': size=120000Kb used=3277Kb max_used=3277Kb free=116722Kb
 bounds [0x00000226aa360000, 0x00000226aa6a0000, 0x00000226b1890000]
CodeHeap 'non-nmethods': size=5760Kb used=1365Kb max_used=1387Kb free=4394Kb
 bounds [0x00000226a9dc0000, 0x00000226aa030000, 0x00000226aa360000]
 total_blobs=2579 nmethods=1893 adapters=599
 compilation: enabled
              stopped_count=0, restarted_count=0
 full_count=0

Compilation events (20 events):
Event: 11.948 Thread 0x00000226c0be8760 nmethod 1883 0x00000226aa68d490 code [0x00000226aa68d640, 0x00000226aa68d868]
Event: 11.948 Thread 0x00000226c0be8760 1884       3       java.util.concurrent.locks.AbstractQueuedSynchronizer$ConditionObject::canReacquire (28 bytes)
Event: 11.948 Thread 0x00000226c0be8760 nmethod 1884 0x00000226aa68d990 code [0x00000226aa68db40, 0x00000226aa68de98]
Event: 124.528 Thread 0x00000226c0be8760 1885       3       jdk.internal.loader.BuiltinClassLoader::hasClassPath (13 bytes)
Event: 124.528 Thread 0x00000226c0be8760 nmethod 1885 0x00000226aa68e010 code [0x00000226aa68e1a0, 0x00000226aa68e318]
Event: 129.542 Thread 0x00000226c0be8760 1886   !   3       jdk.internal.loader.URLClassPath$JarLoader::ensureOpen (36 bytes)
Event: 129.543 Thread 0x00000226c0be8760 nmethod 1886 0x00000226aa68e390 code [0x00000226aa68e560, 0x00000226aa68ea38]
Event: 149.580 Thread 0x00000226c0be8760 1887  s!   3       jdk.internal.loader.URLClassPath::getLoader (194 bytes)
Event: 149.582 Thread 0x00000226c0be8760 nmethod 1887 0x00000226aa68ec10 code [0x00000226aa68ef00, 0x00000226aa6901f8]
Event: 274.794 Thread 0x00000226c0bdf120 1889       4       java.lang.String::startsWith (7 bytes)
Event: 274.802 Thread 0x00000226c0bdf120 nmethod 1889 0x00000226b192a590 code [0x00000226b192a720, 0x00000226b192a938]
Event: 354.917 Thread 0x00000226c0be8760 1890       3       java.io.WinNTFileSystem::isLetter (30 bytes)
Event: 354.917 Thread 0x00000226c0be8760 nmethod 1890 0x00000226aa690990 code [0x00000226aa690b20, 0x00000226aa690d38]
Event: 364.918 Thread 0x00000226c0be8760 1891       3       jdk.internal.module.Resources::toPackageName (39 bytes)
Event: 364.919 Thread 0x00000226c0be8760 nmethod 1891 0x00000226aa690e10 code [0x00000226aa691040, 0x00000226aa6916b8]
Event: 384.946 Thread 0x00000226c0be8760 1892   !   3       jdk.internal.loader.BuiltinClassLoader::findMiscResource (122 bytes)
Event: 384.947 Thread 0x00000226c0be8760 nmethod 1892 0x00000226aa691910 code [0x00000226aa691bc0, 0x00000226aa692dc8]
Event: 386.828 Thread 0x00000226c0bdf120 1893       4       java.util.Arrays::binarySearch0 (95 bytes)
Event: 386.829 Thread 0x00000226c0be8760 1894       3       jdk.internal.misc.Unsafe::putReferenceOpaque (9 bytes)
Event: 386.829 Thread 0x00000226c0be8760 nmethod 1894 0x00000226aa693290 code [0x00000226aa693420, 0x00000226aa693578]

GC Heap History (0 events):
No events

Deoptimization events (20 events):
Event: 9.747 Thread 0x00000226c5dd0320 Uncommon trap: trap_request=0xffffffde fr.pc=0x00000226b18f2178 relative=0x00000000000009d8
Event: 9.747 Thread 0x00000226c5dd0320 Uncommon trap: reason=class_check action=maybe_recompile pc=0x00000226b18f2178 method=java.util.HashMap.putVal(ILjava/lang/Object;Ljava/lang/Object;ZZ)Ljava/lang/Object; @ 253 c2
Event: 9.747 Thread 0x00000226c5dd0320 DEOPT PACKING pc=0x00000226b18f2178 sp=0x0000007a0b9fd2d0
Event: 9.747 Thread 0x00000226c5dd0320 DEOPT UNPACKING pc=0x00000226a9e15c23 sp=0x0000007a0b9fd208 mode 2
Event: 9.747 Thread 0x00000226c5dd0320 Uncommon trap: trap_request=0xffffffde fr.pc=0x00000226b18f2178 relative=0x00000000000009d8
Event: 9.747 Thread 0x00000226c5dd0320 Uncommon trap: reason=class_check action=maybe_recompile pc=0x00000226b18f2178 method=java.util.HashMap.putVal(ILjava/lang/Object;Ljava/lang/Object;ZZ)Ljava/lang/Object; @ 253 c2
Event: 9.747 Thread 0x00000226c5dd0320 DEOPT PACKING pc=0x00000226b18f2178 sp=0x0000007a0b9fd2d0
Event: 9.747 Thread 0x00000226c5dd0320 DEOPT UNPACKING pc=0x00000226a9e15c23 sp=0x0000007a0b9fd208 mode 2
Event: 9.754 Thread 0x00000226c5dd0320 Uncommon trap: trap_request=0xffffff45 fr.pc=0x00000226b1911d58 relative=0x0000000000000b78
Event: 9.754 Thread 0x00000226c5dd0320 Uncommon trap: reason=unstable_if action=reinterpret pc=0x00000226b1911d58 method=java.lang.Integer.compare(II)I @ 2 c2
Event: 9.754 Thread 0x00000226c5dd0320 DEOPT PACKING pc=0x00000226b1911d58 sp=0x0000007a0b9fd7e0
Event: 9.754 Thread 0x00000226c5dd0320 DEOPT UNPACKING pc=0x00000226a9e15c23 sp=0x0000007a0b9fd648 mode 2
Event: 10.539 Thread 0x00000226c5dd0320 Uncommon trap: trap_request=0xffffffde fr.pc=0x00000226b18f2178 relative=0x00000000000009d8
Event: 10.539 Thread 0x00000226c5dd0320 Uncommon trap: reason=class_check action=maybe_recompile pc=0x00000226b18f2178 method=java.util.HashMap.putVal(ILjava/lang/Object;Ljava/lang/Object;ZZ)Ljava/lang/Object; @ 253 c2
Event: 10.539 Thread 0x00000226c5dd0320 DEOPT PACKING pc=0x00000226b18f2178 sp=0x0000007a0b9fd2d0
Event: 10.539 Thread 0x00000226c5dd0320 DEOPT UNPACKING pc=0x00000226a9e15c23 sp=0x0000007a0b9fd208 mode 2
Event: 10.540 Thread 0x00000226c5dd0320 Uncommon trap: trap_request=0xffffffde fr.pc=0x00000226b18f2178 relative=0x00000000000009d8
Event: 10.540 Thread 0x00000226c5dd0320 Uncommon trap: reason=class_check action=maybe_recompile pc=0x00000226b18f2178 method=java.util.HashMap.putVal(ILjava/lang/Object;Ljava/lang/Object;ZZ)Ljava/lang/Object; @ 253 c2
Event: 10.540 Thread 0x00000226c5dd0320 DEOPT PACKING pc=0x00000226b18f2178 sp=0x0000007a0b9fd2d0
Event: 10.540 Thread 0x00000226c5dd0320 DEOPT UNPACKING pc=0x00000226a9e15c23 sp=0x0000007a0b9fd208 mode 2

Classes loaded (20 events):
Event: 9.768 Loading class java/util/TimerTask
Event: 9.768 Loading class java/util/TimerTask done
Event: 9.769 Loading class java/util/NoSuchElementException
Event: 9.769 Loading class java/util/NoSuchElementException done
Event: 9.786 Loading class java/time/format/DateTimeParseException
Event: 9.786 Loading class java/time/DateTimeException
Event: 9.786 Loading class java/time/DateTimeException done
Event: 9.786 Loading class java/time/format/DateTimeParseException done
Event: 11.921 Loading class java/awt/KeyboardFocusManager$2
Event: 11.921 Loading class java/awt/KeyboardFocusManager$2 done
Event: 11.922 Loading class sun/awt/SunToolkit$1
Event: 11.922 Loading class sun/awt/SunToolkit$1 done
Event: 12.029 Loading class java/awt/LightweightDispatcher$2
Event: 12.029 Loading class java/awt/LightweightDispatcher$2 done
Event: 386.822 Loading class java/util/WeakHashMap$KeyIterator
Event: 386.822 Loading class java/util/WeakHashMap$HashIterator
Event: 386.823 Loading class java/util/WeakHashMap$HashIterator done
Event: 386.823 Loading class java/util/WeakHashMap$KeyIterator done
Event: 386.823 Loading class javax/swing/RepaintManager$DisplayChangedRunnable
Event: 386.823 Loading class javax/swing/RepaintManager$DisplayChangedRunnable done

Classes unloaded (0 events):
No events

Classes redefined (0 events):
No events

Internal exceptions (20 events):
Event: 0.255 Thread 0x00000226a0cc2280 Exception <a 'java/lang/NoSuchMethodError'{0x000000008b7c8048}: 'java.lang.Object java.lang.invoke.DirectMethodHandle$Holder.invokeStaticInit(java.lang.Object)'> (0x000000008b7c8048) 
thrown [s\open\src\hotspot\share\interpreter\linkResolver.cpp, line 759]
Event: 0.282 Thread 0x00000226a0cc2280 Exception <a 'java/lang/NoSuchMethodError'{0x000000008b69c048}: 'void java.lang.invoke.DirectMethodHandle$Holder.invokeSpecial(java.lang.Object, java.lang.Object, java.lang.Object)'> (0x000000008b69c048) 
thrown [s\open\src\hotspot\share\interpreter\linkResolver.cpp, line 759]
Event: 0.288 Thread 0x00000226a0cc2280 Exception <a 'java/lang/NoSuchMethodError'{0x000000008b6c7068}: 'java.lang.Object java.lang.invoke.DirectMethodHandle$Holder.newInvokeSpecial(java.lang.Object, java.lang.Object, java.lang.Object, java.lang.Object, java.lang.Object)'> (0x000000008b6c7068) 
thrown [s\open\src\hotspot\share\interpreter\linkResolver.cpp, line 759]
Event: 0.293 Thread 0x00000226a0cc2280 Exception <a 'java/lang/NoSuchMethodError'{0x000000008b6f8dd0}: 'java.lang.Object java.lang.invoke.DirectMethodHandle$Holder.invokeStatic(java.lang.Object, int, java.lang.Object)'> (0x000000008b6f8dd0) 
thrown [s\open\src\hotspot\share\interpreter\linkResolver.cpp, line 759]
Event: 0.311 Thread 0x00000226a0cc2280 Exception <a 'java/lang/ClassNotFoundException'{0x000000008b5b6070}: com/sun/swing/internal/plaf/metal/resources/spi/metalProvider> (0x000000008b5b6070) 
thrown [s\open\src\hotspot\share\classfile\systemDictionary.cpp, line 255]
Event: 0.312 Thread 0x00000226a0cc2280 Exception <a 'java/lang/ClassNotFoundException'{0x000000008b5ba0a8}: com/sun/swing/internal/plaf/basic/resources/spi/basicProvider> (0x000000008b5ba0a8) 
thrown [s\open\src\hotspot\share\classfile\systemDictionary.cpp, line 255]
Event: 0.319 Thread 0x00000226a0cc2280 Exception <a 'java/lang/NoSuchMethodError'{0x000000008b5da4a0}: 'int java.lang.invoke.Invokers$Holder.invokeExact_MT(java.lang.Object, java.lang.Object)'> (0x000000008b5da4a0) 
thrown [s\open\src\hotspot\share\interpreter\linkResolver.cpp, line 759]
Event: 0.349 Thread 0x00000226c52820e0 Exception <a 'java/lang/NoSuchMethodError'{0x000000008b610250}: 'void java.lang.invoke.DirectMethodHandle$Holder.invokeVirtual(java.lang.Object, java.lang.Object)'> (0x000000008b610250) 
thrown [s\open\src\hotspot\share\interpreter\linkResolver.cpp, line 759]
Event: 0.360 Thread 0x00000226a0cc2280 Exception <a 'java/lang/NoSuchMethodError'{0x000000008b42b7f0}: 'void java.lang.invoke.DirectMethodHandle$Holder.invokeStaticInit(java.lang.Object)'> (0x000000008b42b7f0) 
thrown [s\open\src\hotspot\share\interpreter\linkResolver.cpp, line 759]
Event: 9.361 Thread 0x00000226c5dd0320 Exception <a 'java/lang/NoSuchMethodError'{0x000000008b29b760}: 'java.lang.Object java.lang.invoke.DirectMethodHandle$Holder.invokeInterface(java.lang.Object, java.lang.Object)'> (0x000000008b29b760) 
thrown [s\open\src\hotspot\share\interpreter\linkResolver.cpp, line 759]
Event: 9.380 Thread 0x00000226c5dd0320 Exception <a 'java/lang/NoSuchMethodError'{0x000000008b11b330}: 'void java.lang.invoke.DirectMethodHandle$Holder.invokeStatic(java.lang.Object, java.lang.Object, java.lang.Object)'> (0x000000008b11b330) 
thrown [s\open\src\hotspot\share\interpreter\linkResolver.cpp, line 759]
Event: 9.381 Thread 0x00000226c5dd0320 Exception <a 'java/lang/NoSuchMethodError'{0x000000008b1254c8}: 'java.lang.Object java.lang.invoke.DirectMethodHandle$Holder.invokeVirtual(java.lang.Object, java.lang.Object, java.lang.Object)'> (0x000000008b1254c8) 
thrown [s\open\src\hotspot\share\interpreter\linkResolver.cpp, line 759]
Event: 9.454 Thread 0x00000226c5dd0320 Exception <a 'java/lang/NoSuchMethodError'{0x000000008ae2bf50}: 'void java.lang.invoke.DirectMethodHandle$Holder.invokeStatic(java.lang.Object, java.lang.Object)'> (0x000000008ae2bf50) 
thrown [s\open\src\hotspot\share\interpreter\linkResolver.cpp, line 759]
Event: 9.509 Thread 0x00000226c5dd0320 Exception <a 'java/lang/NoSuchMethodError'{0x000000008adf4f90}: 'void java.lang.invoke.DirectMethodHandle$Holder.invokeStaticInit(java.lang.Object, java.lang.Object)'> (0x000000008adf4f90) 
thrown [s\open\src\hotspot\share\interpreter\linkResolver.cpp, line 759]
Event: 9.569 Thread 0x00000226c5dd0320 Exception <a 'sun/nio/fs/WindowsException'{0x000000008abf78b0}> (0x000000008abf78b0) 
thrown [s\open\src\hotspot\share\prims\jni.cpp, line 516]
Event: 9.596 Thread 0x00000226c5dd0320 Exception <a 'java/lang/NoSuchMethodError'{0x000000008a93ccc0}: 'java.lang.Object java.lang.invoke.DirectMethodHandle$Holder.invokeStaticInit(java.lang.Object, int, int, int, int)'> (0x000000008a93ccc0) 
thrown [s\open\src\hotspot\share\interpreter\linkResolver.cpp, line 759]
Event: 9.643 Thread 0x00000226c5dd0320 Exception <a 'java/lang/NoSuchMethodError'{0x000000008a99e9f0}: 'java.lang.Object java.lang.invoke.DirectMethodHandle$Holder.invokeStaticInit(java.lang.Object, java.lang.Object, int, int, int, int)'> (0x000000008a99e9f0) 
thrown [s\open\src\hotspot\share\interpreter\linkResolver.cpp, line 759]
Event: 9.789 Thread 0x00000226c5dd0320 Exception <a 'java/lang/ClassCastException'{0x000000008a50c5e8}: class com.mysql.cj.jdbc.result.ResultSetImpl cannot be cast to class university.management.system.ResultSet (com.mysql.cj.jdbc.result.ResultSetImpl and university.management.system.ResultSet are in unnamed module of loader 'app')> (0x000000008a50c5e8) 
thrown [s\open\src\hotspot\share\interpreter\interpreterRuntime.cpp, line 447]
Event: 10.547 Thread 0x00000226c5dd0320 Exception <a 'java/lang/ClassCastException'{0x000000008a429f28}: class com.mysql.cj.jdbc.result.ResultSetImpl cannot be cast to class university.management.system.ResultSet (com.mysql.cj.jdbc.result.ResultSetImpl and university.management.system.ResultSet are in unnamed module of loader 'app')> (0x000000008a429f28) 
thrown [s\open\src\hotspot\share\interpreter\interpreterRuntime.cpp, line 447]
Event: 10.784 Thread 0x00000226c5dd0320 Exception <a 'java/lang/ClassCastException'{0x000000008a346750}: class com.mysql.cj.jdbc.result.ResultSetImpl cannot be cast to class university.management.system.ResultSet (com.mysql.cj.jdbc.result.ResultSetImpl and university.management.system.ResultSet are in unnamed module of loader 'app')> (0x000000008a346750) 
thrown [s\open\src\hotspot\share\interpreter\interpreterRuntime.cpp, line 447]

VM Operations (20 events):
Event: 6.469 Executing VM operation: Cleanup
Event: 6.469 Executing VM operation: Cleanup done
Event: 8.493 Executing VM operation: Cleanup
Event: 8.493 Executing VM operation: Cleanup done
Event: 9.350 Executing VM operation: HandshakeAllThreads
Event: 9.350 Executing VM operation: HandshakeAllThreads done
Event: 9.444 Executing VM operation: HandshakeAllThreads
Event: 9.444 Executing VM operation: HandshakeAllThreads done
Event: 9.518 Executing VM operation: HandshakeAllThreads
Event: 9.518 Executing VM operation: HandshakeAllThreads done
Event: 9.518 Executing VM operation: Cleanup
Event: 9.518 Executing VM operation: Cleanup done
Event: 9.727 Executing VM operation: HandshakeAllThreads
Event: 9.727 Executing VM operation: HandshakeAllThreads done
Event: 9.788 Executing VM operation: ICBufferFull
Event: 9.788 Executing VM operation: ICBufferFull done
Event: 10.795 Executing VM operation: Cleanup
Event: 10.795 Executing VM operation: Cleanup done
Event: 11.796 Executing VM operation: Cleanup
Event: 11.796 Executing VM operation: Cleanup done

Events (20 events):
Event: 0.132 Thread 0x00000226c0be8760 Thread added: 0x00000226c0be8760
Event: 0.132 Thread 0x00000226c0bed470 Thread added: 0x00000226c0bed470
Event: 0.167 Thread 0x00000226c50ba850 Thread added: 0x00000226c50ba850
Event: 0.177 Loaded shared library C:\Program Files\Java\jdk-18.0.2\bin\net.dll
Event: 0.178 Loaded shared library C:\Program Files\Java\jdk-18.0.2\bin\nio.dll
Event: 0.188 Thread 0x00000226c5160170 Thread added: 0x00000226c5160170
Event: 0.192 Loaded shared library C:\Program Files\Java\jdk-18.0.2\bin\zip.dll
Event: 0.203 Loaded shared library C:\Program Files\Java\jdk-18.0.2\bin\jimage.dll
Event: 0.215 Loaded shared library C:\Program Files\Java\jdk-18.0.2\bin\awt.dll
Event: 0.256 Thread 0x00000226c5334010 Thread added: 0x00000226c5334010
Event: 0.257 Thread 0x00000226c5281c20 Thread added: 0x00000226c5281c20
Event: 0.258 Thread 0x00000226c52820e0 Thread added: 0x00000226c52820e0
Event: 0.348 Thread 0x00000226c5dd0320 Thread added: 0x00000226c5dd0320
Event: 0.364 Loaded shared library C:\Program Files\Java\jdk-18.0.2\bin\freetype.dll
Event: 0.365 Loaded shared library C:\Program Files\Java\jdk-18.0.2\bin\fontmanager.dll
Event: 0.423 Thread 0x00000226a0cc2280 Thread exited: 0x00000226a0cc2280
Event: 0.423 Thread 0x00000226a0cc2280 Thread added: 0x00000226a0cc2280
Event: 0.490 Thread 0x00000226c5fc7320 Thread added: 0x00000226c5fc7320
Event: 9.340 Thread 0x00000226c52baef0 Thread added: 0x00000226c52baef0
Event: 9.655 Loaded shared library C:\Program Files\Java\jdk-18.0.2\bin\sunmscapi.dll


Dynamic libraries:
0x00007ff739c20000 - 0x00007ff739c30000 	C:\Program Files\Java\jdk-18.0.2\bin\java.exe
0x00007ff9dd650000 - 0x00007ff9dd864000 	C:\WINDOWS\SYSTEM32\ntdll.dll
0x00007ff9dc110000 - 0x00007ff9dc1d2000 	C:\WINDOWS\System32\KERNEL32.DLL
0x00007ff9dae90000 - 0x00007ff9db22d000 	C:\WINDOWS\System32\KERNELBASE.dll
0x00007ff9db230000 - 0x00007ff9db341000 	C:\WINDOWS\System32\ucrtbase.dll
0x00007ff9bf300000 - 0x00007ff9bf31a000 	C:\Program Files\Java\jdk-18.0.2\bin\VCRUNTIME140.dll
0x00007ff9c2730000 - 0x00007ff9c2748000 	C:\Program Files\Java\jdk-18.0.2\bin\jli.dll
0x00007ff9dcf60000 - 0x00007ff9dd00e000 	C:\WINDOWS\System32\ADVAPI32.dll
0x00007ff9dba40000 - 0x00007ff9dbae7000 	C:\WINDOWS\System32\msvcrt.dll
0x00007ff9db830000 - 0x00007ff9db8d4000 	C:\WINDOWS\System32\sechost.dll
0x00007ff9db5e0000 - 0x00007ff9db6f5000 	C:\WINDOWS\System32\RPCRT4.dll
0x00007ff9dd010000 - 0x00007ff9dd1bd000 	C:\WINDOWS\System32\USER32.dll
0x00007ff9db350000 - 0x00007ff9db376000 	C:\WINDOWS\System32\win32u.dll
0x00007ff9b4fb0000 - 0x00007ff9b523e000 	C:\WINDOWS\WinSxS\amd64_microsoft.windows.common-controls_6595b64144ccf1df_6.0.22621.436_none_a94247dbc10d8414\COMCTL32.dll
0x00007ff9dcaa0000 - 0x00007ff9dcac9000 	C:\WINDOWS\System32\GDI32.dll
0x00007ff9dad70000 - 0x00007ff9dae82000 	C:\WINDOWS\System32\gdi32full.dll
0x00007ff9dacd0000 - 0x00007ff9dad6a000 	C:\WINDOWS\System32\msvcp_win.dll
0x00007ff9cf3a0000 - 0x00007ff9cf3aa000 	C:\WINDOWS\SYSTEM32\VERSION.dll
0x00007ff9dba00000 - 0x00007ff9dba32000 	C:\WINDOWS\System32\IMM32.DLL
0x00007ff9c1380000 - 0x00007ff9c138c000 	C:\Program Files\Java\jdk-18.0.2\bin\vcruntime140_1.dll
0x00007ff973020000 - 0x00007ff9730ad000 	C:\Program Files\Java\jdk-18.0.2\bin\msvcp140.dll
0x00007ff960db0000 - 0x00007ff9619c1000 	C:\Program Files\Java\jdk-18.0.2\bin\server\jvm.dll
0x00007ff9db700000 - 0x00007ff9db708000 	C:\WINDOWS\System32\PSAPI.DLL
0x00007ff9c1390000 - 0x00007ff9c1399000 	C:\WINDOWS\SYSTEM32\WSOCK32.dll
0x00007ff9d0610000 - 0x00007ff9d0644000 	C:\WINDOWS\SYSTEM32\WINMM.dll
0x00007ff9db8e0000 - 0x00007ff9db951000 	C:\WINDOWS\System32\WS2_32.dll
0x00007ff9d9b90000 - 0x00007ff9d9ba8000 	C:\WINDOWS\SYSTEM32\kernel.appcore.dll
0x00007ff9b61d0000 - 0x00007ff9b61da000 	C:\Program Files\Java\jdk-18.0.2\bin\jimage.dll
0x00007ff9d8420000 - 0x00007ff9d864e000 	C:\WINDOWS\SYSTEM32\DBGHELP.DLL
0x00007ff9dcbd0000 - 0x00007ff9dcf5a000 	C:\WINDOWS\System32\combase.dll
0x00007ff9dd220000 - 0x00007ff9dd2f7000 	C:\WINDOWS\System32\OLEAUT32.dll
0x00007ff9c8cc0000 - 0x00007ff9c8cf2000 	C:\WINDOWS\SYSTEM32\dbgcore.DLL
0x00007ff9daa70000 - 0x00007ff9daaeb000 	C:\WINDOWS\System32\bcryptPrimitives.dll
0x00007ff9a49a0000 - 0x00007ff9a49c5000 	C:\Program Files\Java\jdk-18.0.2\bin\java.dll
0x00007ff960cd0000 - 0x00007ff960da6000 	C:\Program Files\Java\jdk-18.0.2\bin\jsvml.dll
0x00007ff9dc1e0000 - 0x00007ff9dc9cf000 	C:\WINDOWS\System32\SHELL32.dll
0x00007ff9d8a50000 - 0x00007ff9d9318000 	C:\WINDOWS\SYSTEM32\windows.storage.dll
0x00007ff9d8910000 - 0x00007ff9d8a4e000 	C:\WINDOWS\SYSTEM32\wintypes.dll
0x00007ff9dcad0000 - 0x00007ff9dcbc1000 	C:\WINDOWS\System32\SHCORE.dll
0x00007ff9db980000 - 0x00007ff9db9de000 	C:\WINDOWS\System32\shlwapi.dll
0x00007ff9da9a0000 - 0x00007ff9da9c1000 	C:\WINDOWS\SYSTEM32\profapi.dll
0x00007ff9a4980000 - 0x00007ff9a4993000 	C:\Program Files\Java\jdk-18.0.2\bin\net.dll
0x00007ff9d23c0000 - 0x00007ff9d24ef000 	C:\WINDOWS\SYSTEM32\WINHTTP.dll
0x00007ff9d9ff0000 - 0x00007ff9da059000 	C:\WINDOWS\system32\mswsock.dll
0x00007ff9a4960000 - 0x00007ff9a4976000 	C:\Program Files\Java\jdk-18.0.2\bin\nio.dll
0x00007ff9a4940000 - 0x00007ff9a4958000 	C:\Program Files\Java\jdk-18.0.2\bin\zip.dll
0x00007ff960b40000 - 0x00007ff960ccf000 	C:\Program Files\Java\jdk-18.0.2\bin\awt.dll
0x00007ff9d78b0000 - 0x00007ff9d7947000 	C:\WINDOWS\SYSTEM32\apphelp.dll
0x00007ff9d7cc0000 - 0x00007ff9d7ceb000 	C:\WINDOWS\system32\DWMAPI.DLL
0x00007ff9d7a30000 - 0x00007ff9d7adb000 	C:\WINDOWS\system32\uxtheme.dll
0x00007ff9ad5f0000 - 0x00007ff9ad6f0000 	C:\WINDOWS\system32\opengl32.dll
0x00007ff9becd0000 - 0x00007ff9becfd000 	C:\WINDOWS\SYSTEM32\GLU32.dll
0x00007ff9d7b50000 - 0x00007ff9d7b86000 	C:\WINDOWS\SYSTEM32\dxcore.dll
0x00007ff9db710000 - 0x00007ff9db82e000 	C:\WINDOWS\System32\MSCTF.dll
0x00007ff9dbaf0000 - 0x00007ff9dbc8c000 	C:\WINDOWS\System32\ole32.dll
0x00007ff95f7d0000 - 0x00007ff95f856000 	C:\Program Files\Java\jdk-18.0.2\bin\freetype.dll
0x00007ff9578b0000 - 0x00007ff957958000 	C:\Program Files\Java\jdk-18.0.2\bin\fontmanager.dll
0x00007ff9dd550000 - 0x00007ff9dd607000 	C:\WINDOWS\System32\clbcatq.dll
0x00007ff9d61e0000 - 0x00007ff9d6390000 	C:\WINDOWS\SYSTEM32\WindowsCodecs.dll
0x00007ff9b72b0000 - 0x00007ff9b730e000 	C:\WINDOWS\system32\dataexchange.dll
0x00007ff9cfe30000 - 0x00007ff9d009a000 	C:\WINDOWS\system32\twinapi.appcore.dll
0x00007ff9bc020000 - 0x00007ff9bc14d000 	C:\WINDOWS\SYSTEM32\textinputframework.dll
0x00007ff98d030000 - 0x00007ff98d471000 	C:\WINDOWS\SYSTEM32\uiautomationcore.dll
0x00007ff9addb0000 - 0x00007ff9ade19000 	C:\WINDOWS\SYSTEM32\OLEACC.dll
0x00007ff9d75b0000 - 0x00007ff9d76e3000 	C:\WINDOWS\SYSTEM32\CoreMessaging.dll
0x00007ff9d1910000 - 0x00007ff9d1c7c000 	C:\WINDOWS\SYSTEM32\CoreUIComponents.dll
0x00007ff9da290000 - 0x00007ff9da29c000 	C:\WINDOWS\SYSTEM32\CRYPTBASE.DLL
0x00007ff9d95e0000 - 0x00007ff9d96d2000 	C:\WINDOWS\SYSTEM32\DNSAPI.dll
0x00007ff9d9570000 - 0x00007ff9d959d000 	C:\WINDOWS\SYSTEM32\IPHLPAPI.DLL
0x00007ff9db440000 - 0x00007ff9db449000 	C:\WINDOWS\System32\NSI.dll
0x00007ff9cf4e0000 - 0x00007ff9cf4ea000 	C:\Windows\System32\rasadhlp.dll
0x00007ff9cdcb0000 - 0x00007ff9cdd33000 	C:\WINDOWS\System32\fwpuclnt.dll
0x00007ff9da270000 - 0x00007ff9da28b000 	C:\WINDOWS\SYSTEM32\CRYPTSP.dll
0x00007ff9d9af0000 - 0x00007ff9d9b25000 	C:\WINDOWS\system32\rsaenh.dll
0x00007ff9da0f0000 - 0x00007ff9da118000 	C:\WINDOWS\SYSTEM32\USERENV.dll
0x00007ff9da410000 - 0x00007ff9da438000 	C:\WINDOWS\SYSTEM32\bcrypt.dll
0x00007ff9d2030000 - 0x00007ff9d2049000 	C:\WINDOWS\SYSTEM32\dhcpcsvc6.DLL
0x00007ff9d0650000 - 0x00007ff9d066f000 	C:\WINDOWS\SYSTEM32\dhcpcsvc.DLL
0x00007ff9c1a60000 - 0x00007ff9c1a6e000 	C:\Program Files\Java\jdk-18.0.2\bin\sunmscapi.dll
0x00007ff9dab60000 - 0x00007ff9dacc6000 	C:\WINDOWS\System32\CRYPT32.dll
0x00007ff9da3e0000 - 0x00007ff9da40d000 	C:\WINDOWS\SYSTEM32\ncrypt.dll
0x00007ff9da3a0000 - 0x00007ff9da3d7000 	C:\WINDOWS\SYSTEM32\NTASN1.dll
0x00007ff9a1610000 - 0x00007ff9a16c0000 	C:\WINDOWS\SYSTEM32\TextShaping.dll

dbghelp: loaded successfully - version: 4.0.5 - missing functions: none
symbol engine: initialized successfully - sym options: 0x614 - pdb path: .;C:\Program Files\Java\jdk-18.0.2\bin;C:\WINDOWS\SYSTEM32;C:\WINDOWS\WinSxS\amd64_microsoft.windows.common-controls_6595b64144ccf1df_6.0.22621.436_none_a94247dbc10d8414;C:\Program Files\Java\jdk-18.0.2\bin\server

VM Arguments:
jvm_args: -Dfile.encoding=UTF-8 --module-path=C:\Users\chida\OneDrive\Pictures\Documents\NetBeansProjects\University Management System\build\classes 
java_command: university.management.system.Login
java_class_path (initial): C:\Users\chida\Downloads\mysql-connector-java-8.0.28.jar;C:\Users\chida\Downloads\jcalendar-tz-1.3.3-4.jar;C:\Users\chida\Downloads\rs2xml.jar;C:\Users\chida\OneDrive\Pictures\Documents\NetBeansProjects\University Management System\build\classes
Launcher Type: SUN_STANDARD

[Global flags]
     intx CICompilerCount                          = 4                                         {product} {ergonomic}
     uint ConcGCThreads                            = 2                                         {product} {ergonomic}
     uint G1ConcRefinementThreads                  = 8                                         {product} {ergonomic}
   size_t G1HeapRegionSize                         = 1048576                                   {product} {ergonomic}
    uintx GCDrainStackTargetSize                   = 64                                        {product} {ergonomic}
   size_t InitialHeapSize                          = 132120576                                 {product} {ergonomic}
   size_t MarkStackSize                            = 4194304                                   {product} {ergonomic}
   size_t MaxHeapSize                              = 2084569088                                {product} {ergonomic}
   size_t MaxNewSize                               = 1249902592                                {product} {ergonomic}
   size_t MinHeapDeltaBytes                        = 1048576                                   {product} {ergonomic}
   size_t MinHeapSize                              = 8388608                                   {product} {ergonomic}
    uintx NonNMethodCodeHeapSize                   = 5839372                                {pd product} {ergonomic}
    uintx NonProfiledCodeHeapSize                  = 122909434                              {pd product} {ergonomic}
    uintx ProfiledCodeHeapSize                     = 122909434                              {pd product} {ergonomic}
    uintx ReservedCodeCacheSize                    = 251658240                              {pd product} {ergonomic}
     bool SegmentedCodeCache                       = true                                      {product} {ergonomic}
   size_t SoftMaxHeapSize                          = 2084569088                             {manageable} {ergonomic}
     bool UseCompressedClassPointers               = true                           {product lp64_product} {ergonomic}
     bool UseCompressedOops                        = true                           {product lp64_product} {ergonomic}
     bool UseG1GC                                  = true                                      {product} {ergonomic}
     bool UseLargePagesIndividualAllocation        = false                                  {pd product} {ergonomic}

Logging:
Log output configuration:
 #0: stdout all=warning uptime,level,tags foldmultilines=false
 #1: stderr all=off uptime,level,tags foldmultilines=false

Environment Variables:
PATH=H:\oracle\product\10.2.0\db_1\bin;D:\oracle\product\10.2.0\db_10\bin;D:\oracle\product\10.2.0\db_9\bin;D:\oracle\product\10.2.0\db_2\bin;F:\oracle\product\10.2.0\db_1\bin;C:\Program Files\Common Files\Oracle\Java\javapath;C:\windows\system32;C:\windows;C:\windows\System32\Wbem;C:\windows\System32\WindowsPowerShell\v1.0\;C:\windows\System32\OpenSSH\;C:\Program Files (x86)\NVIDIA Corporation\PhysX\Common;C:\Program Files\dotnet\;C:\WINDOWS\system32;C:\WINDOWS;C:\WINDOWS\System32\Wbem;C:\WINDOWS\System32\WindowsPowerShell\v1.0\;C:\WINDOWS\System32\OpenSSH\;C:\Program Files\Java\jdk-18.0.2;C:\Program Files\NVIDIA Corporation\NVIDIA NvDLISR;C:\Program Files\MySQL\MySQL Shell 8.0\bin\;C:\Users\chida\AppData\Local\Microsoft\WindowsApps;"C:\Program Files\Java\jdk-18.0.1.1;";;C:\Users\chida\AppData\Local\Programs\Microsoft VS Code\bin
USERNAME=chida
OS=Windows_NT
PROCESSOR_IDENTIFIER=Intel64 Family 6 Model 140 Stepping 1, GenuineIntel



---------------  S Y S T E M  ---------------

OS:
 Windows 11 , 64 bit Build 22621 (10.0.22621.1028)
OS uptime: 11 days 10:00 hours
Hyper-V role detected

CPU: total 8 (initial active 8) (4 cores per cpu, 2 threads per core) family 6 model 140 stepping 1 microcode 0xa4, cx8, cmov, fxsr, ht, mmx, 3dnowpref, sse, sse2, sse3, ssse3, sse4.1, sse4.2, popcnt, lzcnt, tsc, tscinvbit, avx, avx2, aes, erms, clmul, bmi1, bmi2, adx, avx512f, avx512dq, avx512cd, avx512bw, avx512vl, sha, fma, vzeroupper, avx512_vpopcntdq, avx512_vpclmulqdq, avx512_vaes, avx512_vnni, clflush, clflushopt, clwb, avx512_vbmi2, avx512_vbmi, hv

Memory: 4k page, system-wide physical 7948M (217M free)
TotalPageFile size 20646M (AvailPageFile size 0M)
current process WorkingSet (physical memory assigned to process): 96M, peak: 99M
current process commit charge ("private bytes"): 237M, peak: 241M

vm_info: Java HotSpot(TM) 64-Bit Server VM (18.0.2+9-61) for windows-amd64 JRE (18.0.2+9-61), built on Jun  7 2022 13:09:01 by "mach5one" with MS VC++ 16.8 / 16.9 (VS2019)

END.
