#
# There is insufficient memory for the Java Runtime Environment to continue.
# Native memory allocation (malloc) failed to allocate 131088 bytes for Chunk::new
# Possible reasons:
#   The system is out of physical RAM or swap space
#   The process is running with CompressedOops enabled, and the Java Heap may be blocking the growth of the native heap
# Possible solutions:
#   Reduce memory load on the system
#   Increase physical memory or swap space
#   Check if swap backing store is full
#   Decrease Java heap size (-Xmx/-Xms)
#   Decrease number of Java threads
#   Decrease Java thread stack sizes (-Xss)
#   Set larger code cache with -XX:ReservedCodeCacheSize=
#   JVM is running with Unscaled Compressed Oops mode in which the Java heap is
#     placed in the first 4GB address space. The Java Heap base address is the
#     maximum limit for the native heap growth. Please use -XX:HeapBaseMinAddress
#     to set the Java Heap base and to place the Java Heap above 4GB virtual address.
# This output file may be truncated or incomplete.
#
#  Out of Memory Error (arena.cpp:184), pid=23464, tid=25000
#
# JRE version: Java(TM) SE Runtime Environment (18.0.2+9) (build 18.0.2+9-61)
# Java VM: Java HotSpot(TM) 64-Bit Server VM (18.0.2+9-61, mixed mode, sharing, tiered, compressed oops, compressed class ptrs, g1 gc, windows-amd64)
# No core dump will be written. Minidumps are not enabled by default on client versions of Windows
#

---------------  S U M M A R Y ------------

Command Line: -Dfile.encoding=UTF-8 --module-path=C:\Users\chida\OneDrive\Pictures\Documents\NetBeansProjects\University Management System\build\classes university.management.system.Project

Host: 11th Gen Intel(R) Core(TM) i5-1135G7 @ 2.40GHz, 8 cores, 7G,  Windows 11 , 64 bit Build 22621 (10.0.22621.1028)
Time: Tue Jan 10 19:33:30 2023 India Standard Time elapsed time: 149.793814 seconds (0d 0h 2m 29s)

---------------  T H R E A D  ---------------

Current thread (0x000002150750b240):  JavaThread "C2 CompilerThread0" daemon [_thread_in_native, id=25000, stack(0x000000d0f1000000,0x000000d0f1100000)]


Current CompileTask:
C2: 149793 3564   !   4       sun.awt.PostEventQueue::flush (168 bytes)

Stack: [0x000000d0f1000000,0x000000d0f1100000]
Native frames: (J=compiled Java code, j=interpreted, Vv=VM code, C=native code)
V  [jvm.dll+0x6993ca]
V  [jvm.dll+0x7f481d]
V  [jvm.dll+0x7f612e]
V  [jvm.dll+0x7f67e3]
V  [jvm.dll+0x25cdaf]
V  [jvm.dll+0xb8c2f]
V  [jvm.dll+0xb8fa5]
V  [jvm.dll+0xb8d4b]
V  [jvm.dll+0x6be162]
V  [jvm.dll+0x1be643]
V  [jvm.dll+0x6bfabf]
V  [jvm.dll+0x3630b8]
V  [jvm.dll+0x362e49]
V  [jvm.dll+0x6b5588]
V  [jvm.dll+0x6b16c2]
V  [jvm.dll+0x6a978b]
V  [jvm.dll+0x6a8dc5]
V  [jvm.dll+0x6a6c7b]
V  [jvm.dll+0x1bd20c]
V  [jvm.dll+0x1bddd6]
V  [jvm.dll+0x2c6ec8]
V  [jvm.dll+0x6b16a8]
V  [jvm.dll+0x6a978b]
V  [jvm.dll+0x6a8dc5]
V  [jvm.dll+0x6a6c7b]
V  [jvm.dll+0x1bd20c]
V  [jvm.dll+0x1bddd6]
V  [jvm.dll+0x2c6ec8]
V  [jvm.dll+0x6b16a8]
V  [jvm.dll+0x6a978b]
V  [jvm.dll+0x6a8dc5]
V  [jvm.dll+0x6a6c7b]
V  [jvm.dll+0x1bd20c]
V  [jvm.dll+0x1bddd6]
V  [jvm.dll+0x2c6ec8]
V  [jvm.dll+0x6b16a8]
V  [jvm.dll+0x6a978b]
V  [jvm.dll+0x6a8dc5]
V  [jvm.dll+0x6a6c7b]
V  [jvm.dll+0x1bd20c]
V  [jvm.dll+0x1bddd6]
V  [jvm.dll+0x2c6ec8]
V  [jvm.dll+0x6b16a8]
V  [jvm.dll+0x6a978b]
V  [jvm.dll+0x6a8dc5]
V  [jvm.dll+0x6a6c7b]
V  [jvm.dll+0x1bd20c]
V  [jvm.dll+0x22eee8]
V  [jvm.dll+0x1ba01c]
V  [jvm.dll+0x23ec9a]
V  [jvm.dll+0x23cf85]
V  [jvm.dll+0x7a6e21]
V  [jvm.dll+0x7a125a]
V  [jvm.dll+0x698275]
C  [ucrtbase.dll+0x29363]
C  [KERNEL32.DLL+0x1247d]
C  [ntdll.dll+0x5dfb8]


---------------  P R O C E S S  ---------------

Threads class SMR info:
_java_thread_list=0x000002150cc9c9a0, length=18, elements={
0x00000215074df8f0, 0x00000215074e0290, 0x00000215074fa240, 0x00000215074fb1f0,
0x00000215074fc7c0, 0x00000215074fd980, 0x000002150750b240, 0x000002150750f540,
0x0000021507525670, 0x000002150b8665f0, 0x000002150b9440c0, 0x000002150bb32b70,
0x000002150bb35af0, 0x000002150bb559c0, 0x000002150bbe3ec0, 0x00000215674fc9a0,
0x000002150c791200, 0x000002156750a940
}

Java Threads: ( => current thread )
  0x00000215074df8f0 JavaThread "Reference Handler" daemon [_thread_blocked, id=21820, stack(0x000000d0f0a00000,0x000000d0f0b00000)]
  0x00000215074e0290 JavaThread "Finalizer" daemon [_thread_blocked, id=4940, stack(0x000000d0f0b00000,0x000000d0f0c00000)]
  0x00000215074fa240 JavaThread "Signal Dispatcher" daemon [_thread_blocked, id=29288, stack(0x000000d0f0c00000,0x000000d0f0d00000)]
  0x00000215074fb1f0 JavaThread "Attach Listener" daemon [_thread_blocked, id=10408, stack(0x000000d0f0d00000,0x000000d0f0e00000)]
  0x00000215074fc7c0 JavaThread "Service Thread" daemon [_thread_blocked, id=25672, stack(0x000000d0f0e00000,0x000000d0f0f00000)]
  0x00000215074fd980 JavaThread "Monitor Deflation Thread" daemon [_thread_blocked, id=18768, stack(0x000000d0f0f00000,0x000000d0f1000000)]
=>0x000002150750b240 JavaThread "C2 CompilerThread0" daemon [_thread_in_native, id=25000, stack(0x000000d0f1000000,0x000000d0f1100000)]
  0x000002150750f540 JavaThread "C1 CompilerThread0" daemon [_thread_blocked, id=25436, stack(0x000000d0f1100000,0x000000d0f1200000)]
  0x0000021507525670 JavaThread "Sweeper thread" daemon [_thread_blocked, id=3584, stack(0x000000d0f1200000,0x000000d0f1300000)]
  0x000002150b8665f0 JavaThread "Common-Cleaner" daemon [_thread_blocked, id=26564, stack(0x000000d0f1300000,0x000000d0f1400000)]
  0x000002150b9440c0 JavaThread "Notification Thread" daemon [_thread_blocked, id=11072, stack(0x000000d0f1400000,0x000000d0f1500000)]
  0x000002150bb32b70 JavaThread "Java2D Disposer" daemon [_thread_blocked, id=10352, stack(0x000000d0f1600000,0x000000d0f1700000)]
  0x000002150bb35af0 JavaThread "AWT-Shutdown" [_thread_blocked, id=22044, stack(0x000000d0f1700000,0x000000d0f1800000)]
  0x000002150bb559c0 JavaThread "AWT-Windows" daemon [_thread_in_native, id=27656, stack(0x000000d0f1800000,0x000000d0f1900000)]
  0x000002150bbe3ec0 JavaThread "AWT-EventQueue-0" [_thread_blocked, id=26720, stack(0x000000d0f2100000,0x000000d0f2200000)]
  0x00000215674fc9a0 JavaThread "DestroyJavaVM" [_thread_blocked, id=20348, stack(0x000000d0f0300000,0x000000d0f0400000)]
  0x000002150c791200 JavaThread "TimerQueue" daemon [_thread_blocked, id=32652, stack(0x000000d0f2700000,0x000000d0f2800000)]
  0x000002156750a940 JavaThread "mysql-cj-abandoned-connection-cleanup" daemon [_thread_blocked, id=19368, stack(0x000000d0f0200000,0x000000d0f0300000)]

Other Threads:
  0x0000021567594320 VMThread "VM Thread" [stack: 0x000000d0f0900000,0x000000d0f0a00000] [id=28516]
  0x000002150b9898f0 WatcherThread "VM Periodic Task Thread" [stack: 0x000000d0f1500000,0x000000d0f1600000] [id=20612]
  0x000002156755c210 WorkerThread "GC Thread#0" [stack: 0x000000d0f0400000,0x000000d0f0500000] [id=31780]
  0x000002150bbfe420 WorkerThread "GC Thread#1" [stack: 0x000000d0f1a00000,0x000000d0f1b00000] [id=12028]
  0x000002150bbfe6c0 WorkerThread "GC Thread#2" [stack: 0x000000d0f1b00000,0x000000d0f1c00000] [id=23780]
  0x000002150bbfe960 WorkerThread "GC Thread#3" [stack: 0x000000d0f1c00000,0x000000d0f1d00000] [id=2136]
  0x000002150c596e10 WorkerThread "GC Thread#4" [stack: 0x000000d0f1d00000,0x000000d0f1e00000] [id=22808]
  0x000002150c5970b0 WorkerThread "GC Thread#5" [stack: 0x000000d0f1e00000,0x000000d0f1f00000] [id=3888]
  0x000002150c597350 WorkerThread "GC Thread#6" [stack: 0x000000d0f1f00000,0x000000d0f2000000] [id=32836]
  0x000002150c598600 WorkerThread "GC Thread#7" [stack: 0x000000d0f2000000,0x000000d0f2100000] [id=608]
  0x000002156756d9d0 ConcurrentGCThread "G1 Main Marker" [stack: 0x000000d0f0500000,0x000000d0f0600000] [id=7896]
  0x000002156756e520 WorkerThread "G1 Conc#0" [stack: 0x000000d0f0600000,0x000000d0f0700000] [id=34548]
  0x0000021507392090 ConcurrentGCThread "G1 Refine#0" [stack: 0x000000d0f0700000,0x000000d0f0800000] [id=27508]
  0x00000215073929a0 ConcurrentGCThread "G1 Service" [stack: 0x000000d0f0800000,0x000000d0f0900000] [id=17972]

Threads with active compile tasks:
C2 CompilerThread0   149839 3564   !   4       sun.awt.PostEventQueue::flush (168 bytes)

VM state: not at safepoint (normal execution)

VM Mutex/Monitor currently owned by a thread: None

Heap address: 0x0000000083c00000, size: 1988 MB, Compressed Oops mode: 32-bit

CDS archive(s) mapped at: [0x0000000800000000-0x0000000800ba0000-0x0000000800ba0000), size 12189696, SharedBaseAddress: 0x0000000800000000, ArchiveRelocationMode: 0.
Compressed class space mapped at: 0x0000000800c00000-0x0000000840c00000, reserved size: 1073741824
Narrow klass base: 0x0000000800000000, Narrow klass shift: 0, Narrow klass range: 0x100000000

GC Precious Log:
 CardTable entry size: 512
 Card Set container configuration: InlinePtr #cards 5 size 8 Array Of Cards #cards 12 size 40 Howl #buckets 4 coarsen threshold 1843 Howl Bitmap #cards 512 size 80 coarsen threshold 460 Card regions per heap region 1 cards per card region 2048
 CPUs: 8 total, 8 available
 Memory: 7948M
 Large Page Support: Disabled
 NUMA Support: Disabled
 Compressed Oops: Enabled (32-bit)
 Heap Region Size: 1M
 Heap Min Capacity: 8M
 Heap Initial Capacity: 126M
 Heap Max Capacity: 1988M
 Pre-touch: Disabled
 Parallel Workers: 8
 Concurrent Workers: 2
 Concurrent Refinement Workers: 8
 Periodic GC: Disabled

Heap:
 garbage-first heap   total 129024K, used 50157K [0x0000000083c00000, 0x0000000100000000)
  region size 1024K, 18 young (18432K), 5 survivors (5120K)
 Metaspace       used 20579K, committed 20864K, reserved 1114112K
  class space    used 2289K, committed 2432K, reserved 1048576K

Heap Regions: E=young(eden), S=young(survivor), O=old, HS=humongous(starts), HC=humongous(continues), CS=collection set, F=free, OA=open archive, CA=closed archive, TAMS=top-at-mark-start (previous, next)
|   0|0x0000000083c00000, 0x0000000083d00000, 0x0000000083d00000|100%|HS|  |TAMS 0x0000000083c00000, 0x0000000083c00000| Complete 
|   1|0x0000000083d00000, 0x0000000083e00000, 0x0000000083e00000|100%|HC|  |TAMS 0x0000000083d00000, 0x0000000083d00000| Complete 
|   2|0x0000000083e00000, 0x0000000083f00000, 0x0000000083f00000|100%|HC|  |TAMS 0x0000000083e00000, 0x0000000083e00000| Complete 
|   3|0x0000000083f00000, 0x0000000084000000, 0x0000000084000000|100%|HC|  |TAMS 0x0000000083f00000, 0x0000000083f00000| Complete 
|   4|0x0000000084000000, 0x0000000084100000, 0x0000000084100000|100%|HC|  |TAMS 0x0000000084000000, 0x0000000084000000| Complete 
|   5|0x0000000084100000, 0x0000000084200000, 0x0000000084200000|100%|HC|  |TAMS 0x0000000084100000, 0x0000000084100000| Complete 
|   6|0x0000000084200000, 0x0000000084300000, 0x0000000084300000|100%|HC|  |TAMS 0x0000000084200000, 0x0000000084200000| Complete 
|   7|0x0000000084300000, 0x0000000084400000, 0x0000000084400000|100%|HC|  |TAMS 0x0000000084300000, 0x0000000084300000| Complete 
|   8|0x0000000084400000, 0x0000000084500000, 0x0000000084500000|100%|HC|  |TAMS 0x0000000084400000, 0x0000000084400000| Complete 
|   9|0x0000000084500000, 0x0000000084600000, 0x0000000084600000|100%|HC|  |TAMS 0x0000000084500000, 0x0000000084500000| Complete 
|  10|0x0000000084600000, 0x0000000084700000, 0x0000000084700000|100%|HC|  |TAMS 0x0000000084600000, 0x0000000084600000| Complete 
|  11|0x0000000084700000, 0x0000000084800000, 0x0000000084800000|100%|HC|  |TAMS 0x0000000084700000, 0x0000000084700000| Complete 
|  12|0x0000000084800000, 0x0000000084900000, 0x0000000084900000|100%|HC|  |TAMS 0x0000000084800000, 0x0000000084800000| Complete 
|  13|0x0000000084900000, 0x0000000084a00000, 0x0000000084a00000|100%|HC|  |TAMS 0x0000000084900000, 0x0000000084900000| Complete 
|  14|0x0000000084a00000, 0x0000000084b00000, 0x0000000084b00000|100%|HC|  |TAMS 0x0000000084a00000, 0x0000000084a00000| Complete 
|  15|0x0000000084b00000, 0x0000000084c00000, 0x0000000084c00000|100%|HC|  |TAMS 0x0000000084b00000, 0x0000000084b00000| Complete 
|  16|0x0000000084c00000, 0x0000000084d00000, 0x0000000084d00000|100%|HC|  |TAMS 0x0000000084c00000, 0x0000000084c00000| Complete 
|  17|0x0000000084d00000, 0x0000000084e00000, 0x0000000084e00000|100%|HC|  |TAMS 0x0000000084d00000, 0x0000000084d00000| Complete 
|  18|0x0000000084e00000, 0x0000000084f00000, 0x0000000084f00000|100%|HS|  |TAMS 0x0000000084e00000, 0x0000000084e00000| Complete 
|  19|0x0000000084f00000, 0x0000000085000000, 0x0000000085000000|100%|HC|  |TAMS 0x0000000084f00000, 0x0000000084f00000| Complete 
|  20|0x0000000085000000, 0x0000000085100000, 0x0000000085100000|100%|HC|  |TAMS 0x0000000085000000, 0x0000000085000000| Complete 
|  21|0x0000000085100000, 0x0000000085200000, 0x0000000085200000|100%|HC|  |TAMS 0x0000000085100000, 0x0000000085100000| Complete 
|  22|0x0000000085200000, 0x0000000085300000, 0x0000000085300000|100%|HC|  |TAMS 0x0000000085200000, 0x0000000085200000| Complete 
|  23|0x0000000085300000, 0x0000000085400000, 0x0000000085400000|100%|HS|  |TAMS 0x0000000085300000, 0x0000000085300000| Complete 
|  24|0x0000000085400000, 0x0000000085500000, 0x0000000085500000|100%|HC|  |TAMS 0x0000000085400000, 0x0000000085400000| Complete 
|  25|0x0000000085500000, 0x0000000085600000, 0x0000000085600000|100%|HC|  |TAMS 0x0000000085500000, 0x0000000085500000| Complete 
|  26|0x0000000085600000, 0x0000000085700000, 0x0000000085700000|100%|HC|  |TAMS 0x0000000085600000, 0x0000000085600000| Complete 
|  27|0x0000000085700000, 0x0000000085800000, 0x0000000085800000|100%|HC|  |TAMS 0x0000000085700000, 0x0000000085700000| Complete 
|  28|0x0000000085800000, 0x0000000085900000, 0x0000000085900000|100%|HC|  |TAMS 0x0000000085800000, 0x0000000085800000| Complete 
|  29|0x0000000085900000, 0x0000000085a00000, 0x0000000085a00000|100%|HC|  |TAMS 0x0000000085900000, 0x0000000085900000| Complete 
|  30|0x0000000085a00000, 0x0000000085b00000, 0x0000000085b00000|100%|HC|  |TAMS 0x0000000085a00000, 0x0000000085a00000| Complete 
|  31|0x0000000085b00000, 0x0000000085bfb400, 0x0000000085c00000| 98%| O|  |TAMS 0x0000000085b00000, 0x0000000085b00000| Untracked 
|  32|0x0000000085c00000, 0x0000000085c00000, 0x0000000085d00000|  0%| F|  |TAMS 0x0000000085c00000, 0x0000000085c00000| Untracked 
|  33|0x0000000085d00000, 0x0000000085d00000, 0x0000000085e00000|  0%| F|  |TAMS 0x0000000085d00000, 0x0000000085d00000| Untracked 
|  34|0x0000000085e00000, 0x0000000085e00000, 0x0000000085f00000|  0%| F|  |TAMS 0x0000000085e00000, 0x0000000085e00000| Untracked 
|  35|0x0000000085f00000, 0x0000000085f00000, 0x0000000086000000|  0%| F|  |TAMS 0x0000000085f00000, 0x0000000085f00000| Untracked 
|  36|0x0000000086000000, 0x0000000086000000, 0x0000000086100000|  0%| F|  |TAMS 0x0000000086000000, 0x0000000086000000| Untracked 
|  37|0x0000000086100000, 0x0000000086100000, 0x0000000086200000|  0%| F|  |TAMS 0x0000000086100000, 0x0000000086100000| Untracked 
|  38|0x0000000086200000, 0x0000000086200000, 0x0000000086300000|  0%| F|  |TAMS 0x0000000086200000, 0x0000000086200000| Untracked 
|  39|0x0000000086300000, 0x0000000086300000, 0x0000000086400000|  0%| F|  |TAMS 0x0000000086300000, 0x0000000086300000| Untracked 
|  40|0x0000000086400000, 0x0000000086400000, 0x0000000086500000|  0%| F|  |TAMS 0x0000000086400000, 0x0000000086400000| Untracked 
|  41|0x0000000086500000, 0x0000000086500000, 0x0000000086600000|  0%| F|  |TAMS 0x0000000086500000, 0x0000000086500000| Untracked 
|  42|0x0000000086600000, 0x0000000086600000, 0x0000000086700000|  0%| F|  |TAMS 0x0000000086600000, 0x0000000086600000| Untracked 
|  43|0x0000000086700000, 0x0000000086700000, 0x0000000086800000|  0%| F|  |TAMS 0x0000000086700000, 0x0000000086700000| Untracked 
|  44|0x0000000086800000, 0x0000000086800000, 0x0000000086900000|  0%| F|  |TAMS 0x0000000086800000, 0x0000000086800000| Untracked 
|  45|0x0000000086900000, 0x0000000086900000, 0x0000000086a00000|  0%| F|  |TAMS 0x0000000086900000, 0x0000000086900000| Untracked 
|  46|0x0000000086a00000, 0x0000000086a00000, 0x0000000086b00000|  0%| F|  |TAMS 0x0000000086a00000, 0x0000000086a00000| Untracked 
|  47|0x0000000086b00000, 0x0000000086b00000, 0x0000000086c00000|  0%| F|  |TAMS 0x0000000086b00000, 0x0000000086b00000| Untracked 
|  48|0x0000000086c00000, 0x0000000086c00000, 0x0000000086d00000|  0%| F|  |TAMS 0x0000000086c00000, 0x0000000086c00000| Untracked 
|  49|0x0000000086d00000, 0x0000000086d00000, 0x0000000086e00000|  0%| F|  |TAMS 0x0000000086d00000, 0x0000000086d00000| Untracked 
|  50|0x0000000086e00000, 0x0000000086e00000, 0x0000000086f00000|  0%| F|  |TAMS 0x0000000086e00000, 0x0000000086e00000| Untracked 
|  51|0x0000000086f00000, 0x0000000086f00000, 0x0000000087000000|  0%| F|  |TAMS 0x0000000086f00000, 0x0000000086f00000| Untracked 
|  52|0x0000000087000000, 0x0000000087000000, 0x0000000087100000|  0%| F|  |TAMS 0x0000000087000000, 0x0000000087000000| Untracked 
|  53|0x0000000087100000, 0x0000000087100000, 0x0000000087200000|  0%| F|  |TAMS 0x0000000087100000, 0x0000000087100000| Untracked 
|  54|0x0000000087200000, 0x0000000087200000, 0x0000000087300000|  0%| F|  |TAMS 0x0000000087200000, 0x0000000087200000| Untracked 
|  55|0x0000000087300000, 0x0000000087300000, 0x0000000087400000|  0%| F|  |TAMS 0x0000000087300000, 0x0000000087300000| Untracked 
|  56|0x0000000087400000, 0x0000000087400000, 0x0000000087500000|  0%| F|  |TAMS 0x0000000087400000, 0x0000000087400000| Untracked 
|  57|0x0000000087500000, 0x0000000087500000, 0x0000000087600000|  0%| F|  |TAMS 0x0000000087500000, 0x0000000087500000| Untracked 
|  58|0x0000000087600000, 0x0000000087600000, 0x0000000087700000|  0%| F|  |TAMS 0x0000000087600000, 0x0000000087600000| Untracked 
|  59|0x0000000087700000, 0x0000000087700000, 0x0000000087800000|  0%| F|  |TAMS 0x0000000087700000, 0x0000000087700000| Untracked 
|  60|0x0000000087800000, 0x0000000087800000, 0x0000000087900000|  0%| F|  |TAMS 0x0000000087800000, 0x0000000087800000| Untracked 
|  61|0x0000000087900000, 0x0000000087900000, 0x0000000087a00000|  0%| F|  |TAMS 0x0000000087900000, 0x0000000087900000| Untracked 
|  62|0x0000000087a00000, 0x0000000087a00000, 0x0000000087b00000|  0%| F|  |TAMS 0x0000000087a00000, 0x0000000087a00000| Untracked 
|  63|0x0000000087b00000, 0x0000000087b00000, 0x0000000087c00000|  0%| F|  |TAMS 0x0000000087b00000, 0x0000000087b00000| Untracked 
|  64|0x0000000087c00000, 0x0000000087c00000, 0x0000000087d00000|  0%| F|  |TAMS 0x0000000087c00000, 0x0000000087c00000| Untracked 
|  65|0x0000000087d00000, 0x0000000087d00000, 0x0000000087e00000|  0%| F|  |TAMS 0x0000000087d00000, 0x0000000087d00000| Untracked 
|  66|0x0000000087e00000, 0x0000000087e00000, 0x0000000087f00000|  0%| F|  |TAMS 0x0000000087e00000, 0x0000000087e00000| Untracked 
|  67|0x0000000087f00000, 0x0000000087f00000, 0x0000000088000000|  0%| F|  |TAMS 0x0000000087f00000, 0x0000000087f00000| Untracked 
|  68|0x0000000088000000, 0x0000000088000000, 0x0000000088100000|  0%| F|  |TAMS 0x0000000088000000, 0x0000000088000000| Untracked 
|  69|0x0000000088100000, 0x0000000088100000, 0x0000000088200000|  0%| F|  |TAMS 0x0000000088100000, 0x0000000088100000| Untracked 
|  70|0x0000000088200000, 0x0000000088200000, 0x0000000088300000|  0%| F|  |TAMS 0x0000000088200000, 0x0000000088200000| Untracked 
|  71|0x0000000088300000, 0x0000000088300000, 0x0000000088400000|  0%| F|  |TAMS 0x0000000088300000, 0x0000000088300000| Untracked 
|  72|0x0000000088400000, 0x0000000088400000, 0x0000000088500000|  0%| F|  |TAMS 0x0000000088400000, 0x0000000088400000| Untracked 
|  73|0x0000000088500000, 0x0000000088500000, 0x0000000088600000|  0%| F|  |TAMS 0x0000000088500000, 0x0000000088500000| Untracked 
|  74|0x0000000088600000, 0x0000000088600000, 0x0000000088700000|  0%| F|  |TAMS 0x0000000088600000, 0x0000000088600000| Untracked 
|  75|0x0000000088700000, 0x0000000088700000, 0x0000000088800000|  0%| F|  |TAMS 0x0000000088700000, 0x0000000088700000| Untracked 
|  76|0x0000000088800000, 0x0000000088800000, 0x0000000088900000|  0%| F|  |TAMS 0x0000000088800000, 0x0000000088800000| Untracked 
|  77|0x0000000088900000, 0x0000000088900000, 0x0000000088a00000|  0%| F|  |TAMS 0x0000000088900000, 0x0000000088900000| Untracked 
|  78|0x0000000088a00000, 0x0000000088a00000, 0x0000000088b00000|  0%| F|  |TAMS 0x0000000088a00000, 0x0000000088a00000| Untracked 
|  79|0x0000000088b00000, 0x0000000088b00000, 0x0000000088c00000|  0%| F|  |TAMS 0x0000000088b00000, 0x0000000088b00000| Untracked 
|  80|0x0000000088c00000, 0x0000000088c00000, 0x0000000088d00000|  0%| F|  |TAMS 0x0000000088c00000, 0x0000000088c00000| Untracked 
|  81|0x0000000088d00000, 0x0000000088d00000, 0x0000000088e00000|  0%| F|  |TAMS 0x0000000088d00000, 0x0000000088d00000| Untracked 
|  82|0x0000000088e00000, 0x0000000088e00000, 0x0000000088f00000|  0%| F|  |TAMS 0x0000000088e00000, 0x0000000088e00000| Untracked 
|  83|0x0000000088f00000, 0x0000000088f00000, 0x0000000089000000|  0%| F|  |TAMS 0x0000000088f00000, 0x0000000088f00000| Untracked 
|  84|0x0000000089000000, 0x0000000089000000, 0x0000000089100000|  0%| F|  |TAMS 0x0000000089000000, 0x0000000089000000| Untracked 
|  85|0x0000000089100000, 0x0000000089200000, 0x0000000089200000|100%| S|CS|TAMS 0x0000000089100000, 0x0000000089100000| Complete 
|  86|0x0000000089200000, 0x0000000089300000, 0x0000000089300000|100%| S|CS|TAMS 0x0000000089200000, 0x0000000089200000| Complete 
|  87|0x0000000089300000, 0x0000000089400000, 0x0000000089400000|100%| S|CS|TAMS 0x0000000089300000, 0x0000000089300000| Complete 
|  88|0x0000000089400000, 0x0000000089500000, 0x0000000089500000|100%| S|CS|TAMS 0x0000000089400000, 0x0000000089400000| Complete 
|  89|0x0000000089500000, 0x0000000089600000, 0x0000000089600000|100%| S|CS|TAMS 0x0000000089500000, 0x0000000089500000| Complete 
|  90|0x0000000089600000, 0x0000000089600000, 0x0000000089700000|  0%| F|  |TAMS 0x0000000089600000, 0x0000000089600000| Untracked 
|  91|0x0000000089700000, 0x0000000089700000, 0x0000000089800000|  0%| F|  |TAMS 0x0000000089700000, 0x0000000089700000| Untracked 
|  92|0x0000000089800000, 0x0000000089800000, 0x0000000089900000|  0%| F|  |TAMS 0x0000000089800000, 0x0000000089800000| Untracked 
|  93|0x0000000089900000, 0x0000000089900000, 0x0000000089a00000|  0%| F|  |TAMS 0x0000000089900000, 0x0000000089900000| Untracked 
|  94|0x0000000089a00000, 0x0000000089a00000, 0x0000000089b00000|  0%| F|  |TAMS 0x0000000089a00000, 0x0000000089a00000| Untracked 
|  95|0x0000000089b00000, 0x0000000089b00000, 0x0000000089c00000|  0%| F|  |TAMS 0x0000000089b00000, 0x0000000089b00000| Untracked 
|  96|0x0000000089c00000, 0x0000000089c00000, 0x0000000089d00000|  0%| F|  |TAMS 0x0000000089c00000, 0x0000000089c00000| Untracked 
|  97|0x0000000089d00000, 0x0000000089d00000, 0x0000000089e00000|  0%| F|  |TAMS 0x0000000089d00000, 0x0000000089d00000| Untracked 
|  98|0x0000000089e00000, 0x0000000089e00000, 0x0000000089f00000|  0%| F|  |TAMS 0x0000000089e00000, 0x0000000089e00000| Untracked 
|  99|0x0000000089f00000, 0x0000000089f00000, 0x000000008a000000|  0%| F|  |TAMS 0x0000000089f00000, 0x0000000089f00000| Untracked 
| 100|0x000000008a000000, 0x000000008a000000, 0x000000008a100000|  0%| F|  |TAMS 0x000000008a000000, 0x000000008a000000| Untracked 
| 101|0x000000008a100000, 0x000000008a100000, 0x000000008a200000|  0%| F|  |TAMS 0x000000008a100000, 0x000000008a100000| Untracked 
| 102|0x000000008a200000, 0x000000008a200000, 0x000000008a300000|  0%| F|  |TAMS 0x000000008a200000, 0x000000008a200000| Untracked 
| 103|0x000000008a300000, 0x000000008a300000, 0x000000008a400000|  0%| F|  |TAMS 0x000000008a300000, 0x000000008a300000| Untracked 
| 104|0x000000008a400000, 0x000000008a400000, 0x000000008a500000|  0%| F|  |TAMS 0x000000008a400000, 0x000000008a400000| Untracked 
| 105|0x000000008a500000, 0x000000008a500000, 0x000000008a600000|  0%| F|  |TAMS 0x000000008a500000, 0x000000008a500000| Untracked 
| 106|0x000000008a600000, 0x000000008a600000, 0x000000008a700000|  0%| F|  |TAMS 0x000000008a600000, 0x000000008a600000| Untracked 
| 107|0x000000008a700000, 0x000000008a700000, 0x000000008a800000|  0%| F|  |TAMS 0x000000008a700000, 0x000000008a700000| Untracked 
| 108|0x000000008a800000, 0x000000008a800000, 0x000000008a900000|  0%| F|  |TAMS 0x000000008a800000, 0x000000008a800000| Untracked 
| 109|0x000000008a900000, 0x000000008a900000, 0x000000008aa00000|  0%| F|  |TAMS 0x000000008a900000, 0x000000008a900000| Untracked 
| 110|0x000000008aa00000, 0x000000008aa00000, 0x000000008ab00000|  0%| F|  |TAMS 0x000000008aa00000, 0x000000008aa00000| Untracked 
| 111|0x000000008ab00000, 0x000000008ab00000, 0x000000008ac00000|  0%| F|  |TAMS 0x000000008ab00000, 0x000000008ab00000| Untracked 
| 112|0x000000008ac00000, 0x000000008ac00000, 0x000000008ad00000|  0%| F|  |TAMS 0x000000008ac00000, 0x000000008ac00000| Untracked 
| 113|0x000000008ad00000, 0x000000008adccff0, 0x000000008ae00000| 80%| E|  |TAMS 0x000000008ad00000, 0x000000008ad00000| Complete 
| 114|0x000000008ae00000, 0x000000008af00000, 0x000000008af00000|100%| E|CS|TAMS 0x000000008ae00000, 0x000000008ae00000| Complete 
| 115|0x000000008af00000, 0x000000008b000000, 0x000000008b000000|100%| E|CS|TAMS 0x000000008af00000, 0x000000008af00000| Complete 
| 116|0x000000008b000000, 0x000000008b100000, 0x000000008b100000|100%| E|CS|TAMS 0x000000008b000000, 0x000000008b000000| Complete 
| 117|0x000000008b100000, 0x000000008b200000, 0x000000008b200000|100%| E|CS|TAMS 0x000000008b100000, 0x000000008b100000| Complete 
| 118|0x000000008b200000, 0x000000008b300000, 0x000000008b300000|100%| E|CS|TAMS 0x000000008b200000, 0x000000008b200000| Complete 
| 119|0x000000008b300000, 0x000000008b400000, 0x000000008b400000|100%| E|CS|TAMS 0x000000008b300000, 0x000000008b300000| Complete 
| 120|0x000000008b400000, 0x000000008b500000, 0x000000008b500000|100%| E|CS|TAMS 0x000000008b400000, 0x000000008b400000| Complete 
| 121|0x000000008b500000, 0x000000008b600000, 0x000000008b600000|100%| E|CS|TAMS 0x000000008b500000, 0x000000008b500000| Complete 
| 122|0x000000008b600000, 0x000000008b700000, 0x000000008b700000|100%| E|CS|TAMS 0x000000008b600000, 0x000000008b600000| Complete 
| 123|0x000000008b700000, 0x000000008b800000, 0x000000008b800000|100%| E|CS|TAMS 0x000000008b700000, 0x000000008b700000| Complete 
| 124|0x000000008b800000, 0x000000008b900000, 0x000000008b900000|100%| E|CS|TAMS 0x000000008b800000, 0x000000008b800000| Complete 
| 125|0x000000008b900000, 0x000000008ba00000, 0x000000008ba00000|100%| E|CS|TAMS 0x000000008b900000, 0x000000008b900000| Complete 

Card table byte_map: [0x0000021500500000,0x00000215008f0000] _byte_map_base: 0x00000215000e2000

Marking Bits (Prev, Next): (CMBitMap*) 0x000002156755c810, (CMBitMap*) 0x000002156755c850
 Prev Bits: [0x0000021500ce0000, 0x0000021502bf0000)
 Next Bits: [0x0000021502bf0000, 0x0000021504b00000)

Polling page: 0x00000215675c0000

Metaspace:

Usage:
  Non-class:     17.86 MB used.
      Class:      2.24 MB used.
       Both:     20.10 MB used.

Virtual space:
  Non-class space:       64.00 MB reserved,      18.00 MB ( 28%) committed,  1 nodes.
      Class space:        1.00 GB reserved,       2.38 MB ( <1%) committed,  1 nodes.
             Both:        1.06 GB reserved,      20.38 MB (  2%) committed. 

Chunk freelists:
   Non-Class:  2.00 MB
       Class:  1.68 MB
        Both:  3.68 MB

MaxMetaspaceSize: unlimited
CompressedClassSpaceSize: 1.00 GB
Initial GC threshold: 21.00 MB
Current GC threshold: 21.00 MB
CDS: on
MetaspaceReclaimPolicy: balanced
 - commit_granule_bytes: 65536.
 - commit_granule_words: 8192.
 - virtual_space_node_default_size: 8388608.
 - enlarge_chunks_in_place: 1.
 - new_chunks_are_fully_committed: 0.
 - uncommit_free_chunks: 1.
 - use_allocation_guard: 0.


Internal statistics:

num_allocs_failed_limit: 0.
num_arena_births: 262.
num_arena_deaths: 0.
num_vsnodes_births: 2.
num_vsnodes_deaths: 0.
num_space_committed: 326.
num_space_uncommitted: 0.
num_chunks_returned_to_freelist: 0.
num_chunks_taken_from_freelist: 520.
num_chunk_merges: 0.
num_chunk_splits: 297.
num_chunks_enlarged: 142.
num_inconsistent_stats: 0.

CodeHeap 'non-profiled nmethods': size=120000Kb used=1473Kb max_used=1473Kb free=118527Kb
 bounds [0x00000215780d0000, 0x0000021578340000, 0x000002157f600000]
CodeHeap 'profiled nmethods': size=120000Kb used=6821Kb max_used=6821Kb free=113179Kb
 bounds [0x0000021570ba0000, 0x0000021571250000, 0x00000215780d0000]
CodeHeap 'non-nmethods': size=5760Kb used=1403Kb max_used=1452Kb free=4356Kb
 bounds [0x0000021570600000, 0x0000021570870000, 0x0000021570ba0000]
 total_blobs=4294 nmethods=3563 adapters=641
 compilation: enabled
              stopped_count=0, restarted_count=0
 full_count=0

Compilation events (20 events):
Event: 147.968 Thread 0x000002150750f540 nmethod 3553 0x000002157123b210 code [0x000002157123b780, 0x000002157123ea18]
Event: 147.968 Thread 0x000002150750f540 3558       3       java.awt.RenderingHints::put (39 bytes)
Event: 147.969 Thread 0x000002150750f540 nmethod 3558 0x000002157123f810 code [0x000002157123fa00, 0x0000021571240018]
Event: 147.969 Thread 0x000002150750f540 3560       3       sun.awt.image.IntegerComponentRaster::<init> (245 bytes)
Event: 147.969 Thread 0x000002150750f540 nmethod 3560 0x0000021571240210 code [0x0000021571240480, 0x0000021571241288]
Event: 147.969 Thread 0x000002150750f540 3557  s    3       sun.awt.image.BufImgSurfaceData::getSolidLoops (85 bytes)
Event: 147.969 Thread 0x000002150750f540 nmethod 3557 0x0000021571241790 code [0x00000215712419c0, 0x00000215712422a8]
Event: 147.969 Thread 0x000002150750f540 3554       3       sun.awt.image.BufImgSurfaceData::<init> (31 bytes)
Event: 147.969 Thread 0x000002150750f540 nmethod 3554 0x0000021571242590 code [0x0000021571242760, 0x0000021571242a68]
Event: 147.969 Thread 0x000002150750f540 3556       3       sun.awt.image.BufImgSurfaceData::initSolidLoops (12 bytes)
Event: 147.970 Thread 0x000002150750f540 nmethod 3556 0x0000021571242c90 code [0x0000021571242e40, 0x0000021571242fe8]
Event: 147.970 Thread 0x000002150750f540 3559       3       sun.awt.image.IntegerInterleavedRaster::<init> (170 bytes)
Event: 147.970 Thread 0x000002150750f540 nmethod 3559 0x0000021571243090 code [0x00000215712432a0, 0x0000021571243b88]
Event: 147.970 Thread 0x000002150750f540 3561       3       java.awt.image.SinglePixelPackedSampleModel::getBitOffsets (11 bytes)
Event: 147.970 Thread 0x000002150750f540 nmethod 3561 0x0000021571243f10 code [0x00000215712440c0, 0x0000021571244388]
Event: 147.970 Thread 0x000002150750f540 3562       3       sun.awt.image.BufImgSurfaceData::createDataIC (75 bytes)
Event: 147.970 Thread 0x000002150750f540 nmethod 3562 0x0000021571244490 code [0x00000215712446c0, 0x0000021571245058]
Event: 149.164 Thread 0x000002150750f540 3563       3       sun.util.locale.InternalLocaleBuilder::setExtensions (206 bytes)
Event: 149.166 Thread 0x000002150750f540 nmethod 3563 0x0000021571245410 code [0x0000021571245920, 0x0000021571248558]
Event: 149.773 Thread 0x000002150750b240 3564   !   4       sun.awt.PostEventQueue::flush (168 bytes)

GC Heap History (4 events):
Event: 0.420 GC heap before
{Heap before GC invocations=0 (full 0):
 garbage-first heap   total 129024K, used 40960K [0x0000000083c00000, 0x0000000100000000)
  region size 1024K, 23 young (23552K), 0 survivors (0K)
 Metaspace       used 4555K, committed 4672K, reserved 1114112K
  class space    used 466K, committed 512K, reserved 1048576K
}
Event: 0.424 GC heap after
{Heap after GC invocations=1 (full 0):
 garbage-first heap   total 129024K, used 20928K [0x0000000083c00000, 0x0000000100000000)
  region size 1024K, 3 young (3072K), 3 survivors (3072K)
 Metaspace       used 4555K, committed 4672K, reserved 1114112K
  class space    used 466K, committed 512K, reserved 1048576K
}
Event: 84.358 GC heap before
{Heap before GC invocations=1 (full 0):
 garbage-first heap   total 129024K, used 67008K [0x0000000083c00000, 0x0000000100000000)
  region size 1024K, 36 young (36864K), 3 survivors (3072K)
 Metaspace       used 20085K, committed 20352K, reserved 1114112K
  class space    used 2263K, committed 2432K, reserved 1048576K
}
Event: 84.368 GC heap after
{Heap after GC invocations=2 (full 0):
 garbage-first heap   total 129024K, used 37869K [0x0000000083c00000, 0x0000000100000000)
  region size 1024K, 5 young (5120K), 5 survivors (5120K)
 Metaspace       used 20085K, committed 20352K, reserved 1114112K
  class space    used 2263K, committed 2432K, reserved 1048576K
}

Deoptimization events (20 events):
Event: 86.076 Thread 0x000002150bbe3ec0 Uncommon trap: trap_request=0xffffff45 fr.pc=0x00000215781b4fe4 relative=0x00000000000000c4
Event: 86.076 Thread 0x000002150bbe3ec0 Uncommon trap: reason=unstable_if action=reinterpret pc=0x00000215781b4fe4 method=java.lang.CharacterDataLatin1.digit(II)I @ 7 c2
Event: 86.076 Thread 0x000002150bbe3ec0 DEOPT PACKING pc=0x00000215781b4fe4 sp=0x000000d0f21fcf20
Event: 86.076 Thread 0x000002150bbe3ec0 DEOPT UNPACKING pc=0x0000021570655c23 sp=0x000000d0f21fcde0 mode 2
Event: 129.805 Thread 0x000002150bbe3ec0 Uncommon trap: trap_request=0xffffffc6 fr.pc=0x0000021578111598 relative=0x0000000000000338
Event: 129.805 Thread 0x000002150bbe3ec0 Uncommon trap: reason=bimorphic_or_optimized_type_check action=maybe_recompile pc=0x0000021578111598 method=java.util.HashMap.getNode(Ljava/lang/Object;)Ljava/util/HashMap$Node; @ 63 c2
Event: 129.805 Thread 0x000002150bbe3ec0 DEOPT PACKING pc=0x0000021578111598 sp=0x000000d0f21fd120
Event: 129.805 Thread 0x000002150bbe3ec0 DEOPT UNPACKING pc=0x0000021570655c23 sp=0x000000d0f21fd098 mode 2
Event: 129.805 Thread 0x000002150bbe3ec0 Uncommon trap: trap_request=0xffffffc6 fr.pc=0x0000021578111598 relative=0x0000000000000338
Event: 129.805 Thread 0x000002150bbe3ec0 Uncommon trap: reason=bimorphic_or_optimized_type_check action=maybe_recompile pc=0x0000021578111598 method=java.util.HashMap.getNode(Ljava/lang/Object;)Ljava/util/HashMap$Node; @ 63 c2
Event: 129.805 Thread 0x000002150bbe3ec0 DEOPT PACKING pc=0x0000021578111598 sp=0x000000d0f21fd120
Event: 129.805 Thread 0x000002150bbe3ec0 DEOPT UNPACKING pc=0x0000021570655c23 sp=0x000000d0f21fd098 mode 2
Event: 129.810 Thread 0x000002150bbe3ec0 Uncommon trap: trap_request=0xffffffde fr.pc=0x00000215781bb318 relative=0x00000000000009f8
Event: 129.810 Thread 0x000002150bbe3ec0 Uncommon trap: reason=class_check action=maybe_recompile pc=0x00000215781bb318 method=java.util.HashMap.putVal(ILjava/lang/Object;Ljava/lang/Object;ZZ)Ljava/lang/Object; @ 253 c2
Event: 129.810 Thread 0x000002150bbe3ec0 DEOPT PACKING pc=0x00000215781bb318 sp=0x000000d0f21fd070
Event: 129.810 Thread 0x000002150bbe3ec0 DEOPT UNPACKING pc=0x0000021570655c23 sp=0x000000d0f21fcfa8 mode 2
Event: 129.810 Thread 0x000002150bbe3ec0 Uncommon trap: trap_request=0xffffffde fr.pc=0x00000215781bb318 relative=0x00000000000009f8
Event: 129.810 Thread 0x000002150bbe3ec0 Uncommon trap: reason=class_check action=maybe_recompile pc=0x00000215781bb318 method=java.util.HashMap.putVal(ILjava/lang/Object;Ljava/lang/Object;ZZ)Ljava/lang/Object; @ 253 c2
Event: 129.810 Thread 0x000002150bbe3ec0 DEOPT PACKING pc=0x00000215781bb318 sp=0x000000d0f21fd070
Event: 129.810 Thread 0x000002150bbe3ec0 DEOPT UNPACKING pc=0x0000021570655c23 sp=0x000000d0f21fcfa8 mode 2

Classes loaded (20 events):
Event: 147.783 Loading class java/lang/ProcessEnvironment$CheckedEntry
Event: 147.783 Loading class java/lang/ProcessEnvironment$CheckedEntry done
Event: 147.960 Loading class java/lang/ProcessHandleImpl
Event: 147.960 Loading class java/lang/ProcessHandle
Event: 147.960 Loading class java/lang/ProcessHandle done
Event: 147.960 Loading class java/lang/ProcessHandleImpl done
Event: 147.962 Loading class java/util/concurrent/SynchronousQueue
Event: 147.963 Loading class java/util/concurrent/SynchronousQueue done
Event: 147.963 Loading class java/util/concurrent/SynchronousQueue$TransferStack
Event: 147.963 Loading class java/util/concurrent/SynchronousQueue$Transferer
Event: 147.963 Loading class java/util/concurrent/SynchronousQueue$Transferer done
Event: 147.963 Loading class java/util/concurrent/SynchronousQueue$TransferStack done
Event: 147.963 Loading class java/util/concurrent/SynchronousQueue$TransferStack$SNode
Event: 147.963 Loading class java/util/concurrent/SynchronousQueue$TransferStack$SNode done
Event: 147.964 Loading class java/lang/ProcessImpl$2
Event: 147.964 Loading class java/lang/ProcessImpl$2 done
Event: 147.964 Loading class java/lang/Process$PipeInputStream
Event: 147.964 Loading class java/lang/Process$PipeInputStream done
Event: 147.965 Loading class jdk/internal/event/ProcessStartEvent
Event: 147.965 Loading class jdk/internal/event/ProcessStartEvent done

Classes unloaded (0 events):
No events

Classes redefined (0 events):
No events

Internal exceptions (20 events):
Event: 64.492 Thread 0x000002150bbe3ec0 Exception <a 'java/lang/NoSuchMethodError'{0x000000008a8c5190}: 'java.lang.Object java.lang.invoke.DelegatingMethodHandle$Holder.reinvoke_L(java.lang.Object, java.lang.Object, long, java.lang.Object, java.lang.Object, java.lang.Object, java.lang.Object, java.lang.Object, java.lang.Object, java.lang.Object, java.lang.Object, java.lang.Object, java.lang.Object, java.lang.Object, java.lang.Object)'> (0x000000008a8c5190) 
thrown [s\open\src\hotspot\share\interpreter\linkResolver.cpp, line 759]
Event: 64.496 Thread 0x000002150bbe3ec0 Exception <a 'java/lang/NoSuchMethodError'{0x000000008a70b518}: 'java.lang.Object java.lang.invoke.DirectMethodHandle$Holder.invokeSpecial(java.lang.Object, java.lang.Object, long, java.lang.Object, java.lang.Object, java.lang.Object, java.lang.Object, java.lang.Object, java.lang.Object, java.lang.Object, java.lang.Object, java.lang.Object, java.lang.Object, java.lang.Object, java.lang.Object)'> (0x000000008a70b518) 
thrown [s\open\src\hotspot\share\interpreter\linkResolver.cpp, line 759]
Event: 64.496 Thread 0x000002150bbe3ec0 Exception <a 'java/lang/NoSuchMethodError'{0x000000008a710180}: 'java.lang.Object java.lang.invoke.DelegatingMethodHandle$Holder.reinvoke_L(java.lang.Object, long, java.lang.Object, java.lang.Object, java.lang.Object, java.lang.Object, java.lang.Object, java.lang.Object, java.lang.Object, java.lang.Object, java.lang.Object, java.lang.Object, java.lang.Object, java.lang.Object)'> (0x000000008a710180) 
thrown [s\open\src\hotspot\share\interpreter\linkResolver.cpp, line 759]
Event: 64.497 Thread 0x000002150bbe3ec0 Exception <a 'java/lang/NoSuchMethodError'{0x000000008a71f920}: 'java.lang.Object java.lang.invoke.DirectMethodHandle$Holder.invokeSpecial(java.lang.Object, java.lang.Object, java.lang.Object, java.lang.Object, java.lang.Object, java.lang.Object, java.lang.Object, java.lang.Object, java.lang.Object, java.lang.Object, java.lang.Object, java.lang.Object, java.lang.Object, java.lang.Object)'> (0x000000008a71f920) 
thrown [s\open\src\hotspot\share\interpreter\linkResolver.cpp, line 759]
Event: 64.497 Thread 0x000002150bbe3ec0 Exception <a 'java/lang/NoSuchMethodError'{0x000000008a724590}: 'java.lang.Object java.lang.invoke.Invokers$Holder.linkToTargetMethod(java.lang.Object, java.lang.Object, java.lang.Object, java.lang.Object, java.lang.Object, java.lang.Object, java.lang.Object, java.lang.Object, java.lang.Object, java.lang.Object, java.lang.Object, java.lang.Object, java.lang.Object)'> (0x000000008a724590) 
thrown [s\open\src\hotspot\share\interpreter\linkResolver.cpp, line 759]
Event: 64.530 Thread 0x000002150bbe3ec0 Exception <a 'java/lang/NoSuchMethodError'{0x000000008a639418}: 'java.lang.Object java.lang.invoke.DirectMethodHandle$Holder.invokeInterface(java.lang.Object, java.lang.Object)'> (0x000000008a639418) 
thrown [s\open\src\hotspot\share\interpreter\linkResolver.cpp, line 759]
Event: 64.550 Thread 0x000002150bbe3ec0 Exception <a 'java/lang/NoSuchMethodError'{0x000000008a6b7eb8}: 'void java.lang.invoke.DirectMethodHandle$Holder.invokeStatic(java.lang.Object, java.lang.Object, java.lang.Object)'> (0x000000008a6b7eb8) 
thrown [s\open\src\hotspot\share\interpreter\linkResolver.cpp, line 759]
Event: 64.550 Thread 0x000002150bbe3ec0 Exception <a 'java/lang/NoSuchMethodError'{0x000000008a6c2050}: 'java.lang.Object java.lang.invoke.DirectMethodHandle$Holder.invokeVirtual(java.lang.Object, java.lang.Object, java.lang.Object)'> (0x000000008a6c2050) 
thrown [s\open\src\hotspot\share\interpreter\linkResolver.cpp, line 759]
Event: 64.689 Thread 0x000002150bbe3ec0 Exception <a 'java/lang/NoSuchMethodError'{0x0000000089e5e2b8}: 'void java.lang.invoke.DirectMethodHandle$Holder.invokeStaticInit(java.lang.Object, java.lang.Object)'> (0x0000000089e5e2b8) 
thrown [s\open\src\hotspot\share\interpreter\linkResolver.cpp, line 759]
Event: 64.761 Thread 0x000002150bbe3ec0 Exception <a 'sun/nio/fs/WindowsException'{0x0000000089d9cd18}> (0x0000000089d9cd18) 
thrown [s\open\src\hotspot\share\prims\jni.cpp, line 516]
Event: 64.821 Thread 0x000002150bbe3ec0 Exception <a 'java/lang/NoSuchMethodError'{0x0000000089ce4818}: 'java.lang.Object java.lang.invoke.DirectMethodHandle$Holder.invokeStaticInit(java.lang.Object, int, int, int, int)'> (0x0000000089ce4818) 
thrown [s\open\src\hotspot\share\interpreter\linkResolver.cpp, line 759]
Event: 64.872 Thread 0x000002150bbe3ec0 Exception <a 'java/lang/NoSuchMethodError'{0x0000000089b47170}: 'java.lang.Object java.lang.invoke.DirectMethodHandle$Holder.invokeStaticInit(java.lang.Object, java.lang.Object, int, int, int, int)'> (0x0000000089b47170) 
thrown [s\open\src\hotspot\share\interpreter\linkResolver.cpp, line 759]
Event: 65.127 Thread 0x000002150bbe3ec0 Exception <a 'java/lang/NoSuchMethodError'{0x0000000089843d88}: 'int java.lang.invoke.DirectMethodHandle$Holder.invokeStatic(java.lang.Object)'> (0x0000000089843d88) 
thrown [s\open\src\hotspot\share\interpreter\linkResolver.cpp, line 759]
Event: 72.717 Thread 0x000002150bbe3ec0 Implicit null exception at 0x0000021578137ab1 to 0x0000021578139110
Event: 147.959 Thread 0x000002150bbe3ec0 Exception <a 'java/lang/NoSuchMethodError'{0x000000008ad0e550}: 'void java.lang.invoke.DirectMethodHandle$Holder.invokeStatic(java.lang.Object, long)'> (0x000000008ad0e550) 
thrown [s\open\src\hotspot\share\interpreter\linkResolver.cpp, line 759]
Event: 147.960 Thread 0x000002150bbe3ec0 Exception <a 'java/lang/NoSuchMethodError'{0x000000008ad13ba0}: 'java.lang.Object java.lang.invoke.DirectMethodHandle$Holder.newInvokeSpecial(java.lang.Object, long)'> (0x000000008ad13ba0) 
thrown [s\open\src\hotspot\share\interpreter\linkResolver.cpp, line 759]
Event: 147.961 Thread 0x000002150bbe3ec0 Exception <a 'java/lang/NoSuchMethodError'{0x000000008ad1a878}: 'java.lang.Object java.lang.invoke.DirectMethodHandle$Holder.invokeStatic(java.lang.Object, java.lang.Object, long, java.lang.Object)'> (0x000000008ad1a878) 
thrown [s\open\src\hotspot\share\interpreter\linkResolver.cpp, line 759]
Event: 147.961 Thread 0x000002150bbe3ec0 Exception <a 'java/lang/NoSuchMethodError'{0x000000008ad1e5b0}: 'java.lang.Object java.lang.invoke.DirectMethodHandle$Holder.invokeStaticInit(java.lang.Object, java.lang.Object, long, java.lang.Object)'> (0x000000008ad1e5b0) 
thrown [s\open\src\hotspot\share\interpreter\linkResolver.cpp, line 759]
Event: 147.961 Thread 0x000002150bbe3ec0 Exception <a 'java/lang/NoSuchMethodError'{0x000000008ad24b48}: 'java.lang.Object java.lang.invoke.DirectMethodHandle$Holder.newInvokeSpecial(java.lang.Object, java.lang.Object, long)'> (0x000000008ad24b48) 
thrown [s\open\src\hotspot\share\interpreter\linkResolver.cpp, line 759]
Event: 147.962 Thread 0x000002150bbe3ec0 Exception <a 'java/lang/NoSuchMethodError'{0x000000008ad28968}: 'java.lang.Object java.lang.invoke.Invokers$Holder.linkToTargetMethod(java.lang.Object, long, java.lang.Object)'> (0x000000008ad28968) 
thrown [s\open\src\hotspot\share\interpreter\linkResolver.cpp, line 759]

VM Operations (20 events):
Event: 140.914 Executing VM operation: Cleanup
Event: 140.914 Executing VM operation: Cleanup done
Event: 142.936 Executing VM operation: Cleanup
Event: 142.936 Executing VM operation: Cleanup done
Event: 143.947 Executing VM operation: Cleanup
Event: 143.948 Executing VM operation: Cleanup done
Event: 144.957 Executing VM operation: Cleanup
Event: 144.957 Executing VM operation: Cleanup done
Event: 145.969 Executing VM operation: Cleanup
Event: 145.969 Executing VM operation: Cleanup done
Event: 146.983 Executing VM operation: Cleanup
Event: 146.983 Executing VM operation: Cleanup done
Event: 147.782 Executing VM operation: HandshakeAllThreads
Event: 147.782 Executing VM operation: HandshakeAllThreads done
Event: 147.964 Executing VM operation: HandshakeAllThreads
Event: 147.964 Executing VM operation: HandshakeAllThreads done
Event: 147.965 Executing VM operation: HandshakeAllThreads
Event: 147.965 Executing VM operation: HandshakeAllThreads done
Event: 148.975 Executing VM operation: Cleanup
Event: 148.975 Executing VM operation: Cleanup done

Events (20 events):
Event: 0.157 Loaded shared library C:\Program Files\Java\jdk-18.0.2\bin\zip.dll
Event: 0.176 Loaded shared library C:\Program Files\Java\jdk-18.0.2\bin\jimage.dll
Event: 0.187 Loaded shared library C:\Program Files\Java\jdk-18.0.2\bin\awt.dll
Event: 0.230 Thread 0x000002150bb32b70 Thread added: 0x000002150bb32b70
Event: 0.230 Thread 0x000002150bb35af0 Thread added: 0x000002150bb35af0
Event: 0.232 Thread 0x000002150bb559c0 Thread added: 0x000002150bb559c0
Event: 0.302 Thread 0x000002150bb7f390 Thread added: 0x000002150bb7f390
Event: 0.353 Loaded shared library C:\Program Files\Java\jdk-18.0.2\bin\javajpeg.dll
Event: 0.515 Thread 0x000002150bbe3ec0 Thread added: 0x000002150bbe3ec0
Event: 0.530 Loaded shared library C:\Program Files\Java\jdk-18.0.2\bin\freetype.dll
Event: 0.531 Loaded shared library C:\Program Files\Java\jdk-18.0.2\bin\fontmanager.dll
Event: 0.603 Thread 0x00000215674fc9a0 Thread exited: 0x00000215674fc9a0
Event: 0.603 Thread 0x00000215674fc9a0 Thread added: 0x00000215674fc9a0
Event: 4.352 Loaded shared library C:\Program Files\Java\jdk-18.0.2\bin\verify.dll
Event: 4.401 Thread 0x000002150c791200 Thread added: 0x000002150c791200
Event: 9.479 Thread 0x000002150bb7f390 Thread exited: 0x000002150bb7f390
Event: 64.506 Thread 0x000002156750a940 Thread added: 0x000002156750a940
Event: 64.718 Loaded shared library C:\Program Files\Java\jdk-18.0.2\bin\sunmscapi.dll
Event: 65.089 Thread 0x000002150e56a230 Thread added: 0x000002150e56a230
Event: 70.101 Thread 0x000002150e56a230 Thread exited: 0x000002150e56a230


Dynamic libraries:
0x00007ff739c20000 - 0x00007ff739c30000 	C:\Program Files\Java\jdk-18.0.2\bin\java.exe
0x00007ff9dd650000 - 0x00007ff9dd864000 	C:\WINDOWS\SYSTEM32\ntdll.dll
0x00007ff9dc110000 - 0x00007ff9dc1d2000 	C:\WINDOWS\System32\KERNEL32.DLL
0x00007ff9dae90000 - 0x00007ff9db22d000 	C:\WINDOWS\System32\KERNELBASE.dll
0x00007ff9db230000 - 0x00007ff9db341000 	C:\WINDOWS\System32\ucrtbase.dll
0x00007ff9bf300000 - 0x00007ff9bf31a000 	C:\Program Files\Java\jdk-18.0.2\bin\VCRUNTIME140.dll
0x00007ff9c2730000 - 0x00007ff9c2748000 	C:\Program Files\Java\jdk-18.0.2\bin\jli.dll
0x00007ff9dcf60000 - 0x00007ff9dd00e000 	C:\WINDOWS\System32\ADVAPI32.dll
0x00007ff9dba40000 - 0x00007ff9dbae7000 	C:\WINDOWS\System32\msvcrt.dll
0x00007ff9db830000 - 0x00007ff9db8d4000 	C:\WINDOWS\System32\sechost.dll
0x00007ff9db5e0000 - 0x00007ff9db6f5000 	C:\WINDOWS\System32\RPCRT4.dll
0x00007ff9dd010000 - 0x00007ff9dd1bd000 	C:\WINDOWS\System32\USER32.dll
0x00007ff9db350000 - 0x00007ff9db376000 	C:\WINDOWS\System32\win32u.dll
0x00007ff9dcaa0000 - 0x00007ff9dcac9000 	C:\WINDOWS\System32\GDI32.dll
0x00007ff9b4fb0000 - 0x00007ff9b523e000 	C:\WINDOWS\WinSxS\amd64_microsoft.windows.common-controls_6595b64144ccf1df_6.0.22621.436_none_a94247dbc10d8414\COMCTL32.dll
0x00007ff9dad70000 - 0x00007ff9dae82000 	C:\WINDOWS\System32\gdi32full.dll
0x00007ff9dacd0000 - 0x00007ff9dad6a000 	C:\WINDOWS\System32\msvcp_win.dll
0x00007ff9cf3a0000 - 0x00007ff9cf3aa000 	C:\WINDOWS\SYSTEM32\VERSION.dll
0x00007ff9dba00000 - 0x00007ff9dba32000 	C:\WINDOWS\System32\IMM32.DLL
0x00007ff9c1380000 - 0x00007ff9c138c000 	C:\Program Files\Java\jdk-18.0.2\bin\vcruntime140_1.dll
0x00007ff973020000 - 0x00007ff9730ad000 	C:\Program Files\Java\jdk-18.0.2\bin\msvcp140.dll
0x00007ff960db0000 - 0x00007ff9619c1000 	C:\Program Files\Java\jdk-18.0.2\bin\server\jvm.dll
0x00007ff9db700000 - 0x00007ff9db708000 	C:\WINDOWS\System32\PSAPI.DLL
0x00007ff9c1390000 - 0x00007ff9c1399000 	C:\WINDOWS\SYSTEM32\WSOCK32.dll
0x00007ff9d0610000 - 0x00007ff9d0644000 	C:\WINDOWS\SYSTEM32\WINMM.dll
0x00007ff9db8e0000 - 0x00007ff9db951000 	C:\WINDOWS\System32\WS2_32.dll
0x00007ff9d9b90000 - 0x00007ff9d9ba8000 	C:\WINDOWS\SYSTEM32\kernel.appcore.dll
0x00007ff9b61d0000 - 0x00007ff9b61da000 	C:\Program Files\Java\jdk-18.0.2\bin\jimage.dll
0x00007ff9d8420000 - 0x00007ff9d864e000 	C:\WINDOWS\SYSTEM32\DBGHELP.DLL
0x00007ff9dcbd0000 - 0x00007ff9dcf5a000 	C:\WINDOWS\System32\combase.dll
0x00007ff9dd220000 - 0x00007ff9dd2f7000 	C:\WINDOWS\System32\OLEAUT32.dll
0x00007ff9c8cc0000 - 0x00007ff9c8cf2000 	C:\WINDOWS\SYSTEM32\dbgcore.DLL
0x00007ff9daa70000 - 0x00007ff9daaeb000 	C:\WINDOWS\System32\bcryptPrimitives.dll
0x00007ff9a49a0000 - 0x00007ff9a49c5000 	C:\Program Files\Java\jdk-18.0.2\bin\java.dll
0x00007ff960cd0000 - 0x00007ff960da6000 	C:\Program Files\Java\jdk-18.0.2\bin\jsvml.dll
0x00007ff9dc1e0000 - 0x00007ff9dc9cf000 	C:\WINDOWS\System32\SHELL32.dll
0x00007ff9d8a50000 - 0x00007ff9d9318000 	C:\WINDOWS\SYSTEM32\windows.storage.dll
0x00007ff9d8910000 - 0x00007ff9d8a4e000 	C:\WINDOWS\SYSTEM32\wintypes.dll
0x00007ff9dcad0000 - 0x00007ff9dcbc1000 	C:\WINDOWS\System32\SHCORE.dll
0x00007ff9db980000 - 0x00007ff9db9de000 	C:\WINDOWS\System32\shlwapi.dll
0x00007ff9da9a0000 - 0x00007ff9da9c1000 	C:\WINDOWS\SYSTEM32\profapi.dll
0x00007ff9a4980000 - 0x00007ff9a4993000 	C:\Program Files\Java\jdk-18.0.2\bin\net.dll
0x00007ff9d23c0000 - 0x00007ff9d24ef000 	C:\WINDOWS\SYSTEM32\WINHTTP.dll
0x00007ff9d9ff0000 - 0x00007ff9da059000 	C:\WINDOWS\system32\mswsock.dll
0x00007ff9a4960000 - 0x00007ff9a4976000 	C:\Program Files\Java\jdk-18.0.2\bin\nio.dll
0x00007ff9a4940000 - 0x00007ff9a4958000 	C:\Program Files\Java\jdk-18.0.2\bin\zip.dll
0x00007ff960b40000 - 0x00007ff960ccf000 	C:\Program Files\Java\jdk-18.0.2\bin\awt.dll
0x00007ff9d78b0000 - 0x00007ff9d7947000 	C:\WINDOWS\SYSTEM32\apphelp.dll
0x00007ff9d7cc0000 - 0x00007ff9d7ceb000 	C:\WINDOWS\system32\DWMAPI.DLL
0x00007ff9d7a30000 - 0x00007ff9d7adb000 	C:\WINDOWS\system32\uxtheme.dll
0x00007ff9ad5f0000 - 0x00007ff9ad6f0000 	C:\WINDOWS\system32\opengl32.dll
0x00007ff9becd0000 - 0x00007ff9becfd000 	C:\WINDOWS\SYSTEM32\GLU32.dll
0x00007ff9d7b50000 - 0x00007ff9d7b86000 	C:\WINDOWS\SYSTEM32\dxcore.dll
0x00007ff9db710000 - 0x00007ff9db82e000 	C:\WINDOWS\System32\MSCTF.dll
0x00007ff9dbaf0000 - 0x00007ff9dbc8c000 	C:\WINDOWS\System32\ole32.dll
0x00007ff9c0e40000 - 0x00007ff9c0e6d000 	C:\Program Files\Java\jdk-18.0.2\bin\javajpeg.dll
0x00007ff95f7d0000 - 0x00007ff95f856000 	C:\Program Files\Java\jdk-18.0.2\bin\freetype.dll
0x00007ff9578b0000 - 0x00007ff957958000 	C:\Program Files\Java\jdk-18.0.2\bin\fontmanager.dll
0x00007ff9bc020000 - 0x00007ff9bc14d000 	C:\WINDOWS\SYSTEM32\textinputframework.dll
0x00007ff98d030000 - 0x00007ff98d471000 	C:\WINDOWS\SYSTEM32\uiautomationcore.dll
0x00007ff9addb0000 - 0x00007ff9ade19000 	C:\WINDOWS\SYSTEM32\OLEACC.dll
0x00007ff9dd550000 - 0x00007ff9dd607000 	C:\WINDOWS\System32\clbcatq.dll
0x00007ff9d75b0000 - 0x00007ff9d76e3000 	C:\WINDOWS\SYSTEM32\CoreMessaging.dll
0x00007ff9d1910000 - 0x00007ff9d1c7c000 	C:\WINDOWS\SYSTEM32\CoreUIComponents.dll
0x00007ff9da290000 - 0x00007ff9da29c000 	C:\WINDOWS\SYSTEM32\CRYPTBASE.DLL
0x00007ff9b0660000 - 0x00007ff9b0670000 	C:\Program Files\Java\jdk-18.0.2\bin\verify.dll
0x00007ff9d61e0000 - 0x00007ff9d6390000 	C:\WINDOWS\SYSTEM32\WindowsCodecs.dll
0x00007ff9b72b0000 - 0x00007ff9b730e000 	C:\WINDOWS\system32\dataexchange.dll
0x00007ff9cfe30000 - 0x00007ff9d009a000 	C:\WINDOWS\system32\twinapi.appcore.dll
0x00007ff9d6ee0000 - 0x00007ff9d6ef5000 	C:\Windows\System32\threadpoolwinrt.dll
0x00007ff9d95e0000 - 0x00007ff9d96d2000 	C:\WINDOWS\SYSTEM32\DNSAPI.dll
0x00007ff9d9570000 - 0x00007ff9d959d000 	C:\WINDOWS\SYSTEM32\IPHLPAPI.DLL
0x00007ff9db440000 - 0x00007ff9db449000 	C:\WINDOWS\System32\NSI.dll
0x00007ff9cf4e0000 - 0x00007ff9cf4ea000 	C:\Windows\System32\rasadhlp.dll
0x00007ff9cdcb0000 - 0x00007ff9cdd33000 	C:\WINDOWS\System32\fwpuclnt.dll
0x00007ff9c1a60000 - 0x00007ff9c1a6e000 	C:\Program Files\Java\jdk-18.0.2\bin\sunmscapi.dll
0x00007ff9dab60000 - 0x00007ff9dacc6000 	C:\WINDOWS\System32\CRYPT32.dll
0x00007ff9da3e0000 - 0x00007ff9da40d000 	C:\WINDOWS\SYSTEM32\ncrypt.dll
0x00007ff9da3a0000 - 0x00007ff9da3d7000 	C:\WINDOWS\SYSTEM32\NTASN1.dll
0x00007ff9da270000 - 0x00007ff9da28b000 	C:\WINDOWS\SYSTEM32\CRYPTSP.dll
0x00007ff9d9af0000 - 0x00007ff9d9b25000 	C:\WINDOWS\system32\rsaenh.dll
0x00007ff9da0f0000 - 0x00007ff9da118000 	C:\WINDOWS\SYSTEM32\USERENV.dll
0x00007ff9da410000 - 0x00007ff9da438000 	C:\WINDOWS\SYSTEM32\bcrypt.dll
0x00007ff9d2030000 - 0x00007ff9d2049000 	C:\WINDOWS\SYSTEM32\dhcpcsvc6.DLL
0x00007ff9d0650000 - 0x00007ff9d066f000 	C:\WINDOWS\SYSTEM32\dhcpcsvc.DLL
0x00007ff9bde80000 - 0x00007ff9bdea6000 	C:\WINDOWS\SYSTEM32\apisethost.appexecutionalias.dll
0x00007ff9935f0000 - 0x00007ff9936f2000 	C:\WINDOWS\SYSTEM32\daxexec.dll
0x00007ff9935a0000 - 0x00007ff9935e4000 	C:\WINDOWS\SYSTEM32\container.dll
0x00007ff9adef0000 - 0x00007ff9adfdb000 	C:\Windows\System32\Windows.StateRepositoryPS.dll
0x00007ff98f490000 - 0x00007ff98f4f7000 	C:\WINDOWS\SYSTEM32\AppXAllUserStore.dll
0x00007ff9c8c00000 - 0x00007ff9c8c3d000 	C:\WINDOWS\SYSTEM32\windows.staterepositoryclient.dll
0x00007ff9d2200000 - 0x00007ff9d221a000 	C:\WINDOWS\SYSTEM32\windows.staterepositorycore.dll
0x00007ff9939b0000 - 0x00007ff993a10000 	C:\WINDOWS\SYSTEM32\capauthz.dll
0x00007ff9d9bb0000 - 0x00007ff9d9be4000 	C:\WINDOWS\SYSTEM32\ntmarta.dll

dbghelp: loaded successfully - version: 4.0.5 - missing functions: none
symbol engine: initialized successfully - sym options: 0x614 - pdb path: .;C:\Program Files\Java\jdk-18.0.2\bin;C:\WINDOWS\SYSTEM32;C:\WINDOWS\WinSxS\amd64_microsoft.windows.common-controls_6595b64144ccf1df_6.0.22621.436_none_a94247dbc10d8414;C:\Program Files\Java\jdk-18.0.2\bin\server

VM Arguments:
jvm_args: -Dfile.encoding=UTF-8 --module-path=C:\Users\chida\OneDrive\Pictures\Documents\NetBeansProjects\University Management System\build\classes 
java_command: university.management.system.Project
java_class_path (initial): C:\Users\chida\Downloads\mysql-connector-java-8.0.28.jar;C:\Users\chida\Downloads\jcalendar-tz-1.3.3-4.jar;C:\Users\chida\Downloads\rs2xml.jar;C:\Users\chida\OneDrive\Pictures\Documents\NetBeansProjects\University Management System\build\classes
Launcher Type: SUN_STANDARD

[Global flags]
     intx CICompilerCount                          = 4                                         {product} {ergonomic}
     uint ConcGCThreads                            = 2                                         {product} {ergonomic}
     uint G1ConcRefinementThreads                  = 8                                         {product} {ergonomic}
   size_t G1HeapRegionSize                         = 1048576                                   {product} {ergonomic}
    uintx GCDrainStackTargetSize                   = 64                                        {product} {ergonomic}
   size_t InitialHeapSize                          = 132120576                                 {product} {ergonomic}
   size_t MarkStackSize                            = 4194304                                   {product} {ergonomic}
   size_t MaxHeapSize                              = 2084569088                                {product} {ergonomic}
   size_t MaxNewSize                               = 1249902592                                {product} {ergonomic}
   size_t MinHeapDeltaBytes                        = 1048576                                   {product} {ergonomic}
   size_t MinHeapSize                              = 8388608                                   {product} {ergonomic}
    uintx NonNMethodCodeHeapSize                   = 5839372                                {pd product} {ergonomic}
    uintx NonProfiledCodeHeapSize                  = 122909434                              {pd product} {ergonomic}
    uintx ProfiledCodeHeapSize                     = 122909434                              {pd product} {ergonomic}
    uintx ReservedCodeCacheSize                    = 251658240                              {pd product} {ergonomic}
     bool SegmentedCodeCache                       = true                                      {product} {ergonomic}
   size_t SoftMaxHeapSize                          = 2084569088                             {manageable} {ergonomic}
     bool UseCompressedClassPointers               = true                           {product lp64_product} {ergonomic}
     bool UseCompressedOops                        = true                           {product lp64_product} {ergonomic}
     bool UseG1GC                                  = true                                      {product} {ergonomic}
     bool UseLargePagesIndividualAllocation        = false                                  {pd product} {ergonomic}

Logging:
Log output configuration:
 #0: stdout all=warning uptime,level,tags foldmultilines=false
 #1: stderr all=off uptime,level,tags foldmultilines=false

Environment Variables:
PATH=H:\oracle\product\10.2.0\db_1\bin;D:\oracle\product\10.2.0\db_10\bin;D:\oracle\product\10.2.0\db_9\bin;D:\oracle\product\10.2.0\db_2\bin;F:\oracle\product\10.2.0\db_1\bin;C:\Program Files\Common Files\Oracle\Java\javapath;C:\windows\system32;C:\windows;C:\windows\System32\Wbem;C:\windows\System32\WindowsPowerShell\v1.0\;C:\windows\System32\OpenSSH\;C:\Program Files (x86)\NVIDIA Corporation\PhysX\Common;C:\Program Files\dotnet\;C:\WINDOWS\system32;C:\WINDOWS;C:\WINDOWS\System32\Wbem;C:\WINDOWS\System32\WindowsPowerShell\v1.0\;C:\WINDOWS\System32\OpenSSH\;C:\Program Files\Java\jdk-18.0.2;C:\Program Files\NVIDIA Corporation\NVIDIA NvDLISR;C:\Program Files\MySQL\MySQL Shell 8.0\bin\;C:\Users\chida\AppData\Local\Microsoft\WindowsApps;"C:\Program Files\Java\jdk-18.0.1.1;";;C:\Users\chida\AppData\Local\Programs\Microsoft VS Code\bin
USERNAME=chida
OS=Windows_NT
PROCESSOR_IDENTIFIER=Intel64 Family 6 Model 140 Stepping 1, GenuineIntel



---------------  S Y S T E M  ---------------

OS:
 Windows 11 , 64 bit Build 22621 (10.0.22621.1028)
OS uptime: 11 days 10:00 hours
Hyper-V role detected

CPU: total 8 (initial active 8) (4 cores per cpu, 2 threads per core) family 6 model 140 stepping 1 microcode 0xa4, cx8, cmov, fxsr, ht, mmx, 3dnowpref, sse, sse2, sse3, ssse3, sse4.1, sse4.2, popcnt, lzcnt, tsc, tscinvbit, avx, avx2, aes, erms, clmul, bmi1, bmi2, adx, avx512f, avx512dq, avx512cd, avx512bw, avx512vl, sha, fma, vzeroupper, avx512_vpopcntdq, avx512_vpclmulqdq, avx512_vaes, avx512_vnni, clflush, clflushopt, clwb, avx512_vbmi2, avx512_vbmi, hv

Memory: 4k page, system-wide physical 7948M (226M free)
TotalPageFile size 20646M (AvailPageFile size 0M)
current process WorkingSet (physical memory assigned to process): 173M, peak: 188M
current process commit charge ("private bytes"): 263M, peak: 280M

vm_info: Java HotSpot(TM) 64-Bit Server VM (18.0.2+9-61) for windows-amd64 JRE (18.0.2+9-61), built on Jun  7 2022 13:09:01 by "mach5one" with MS VC++ 16.8 / 16.9 (VS2019)

END.
